Scenario - 
Logfile written - 10/04/2018 11:57:59

Subject	Trial	Event Type	Code	Time	TTime	Uncertainty	Duration	Uncertainty	ReqTime	ReqDur	Stim Type	Pair Index

33307.92	1	Picture	Randonummer_5	666	0	1	500	3	0	next	other	0
33307.92	2	Picture	Instr_T1_1	1166	0	2	17507	3	0	next	hit	3
33307.92	2	Response	4	18640	17474	1
33307.92	3	Picture	Instr_T1_2	23841	0	1	175228	3	0	next	hit	5
33307.92	3	Response	4	198929	175088	1
33307.92	4	Picture	Instr_T1_3	204238	0	1	567866	2	0	next	hit	7
33307.92	4	Response	4	771983	567745	1
33307.92	5	Picture	Instr_T1_4	772104	0	1	34179	2	0	next	hit	9
33307.92	5	Response	4	806183	34079	1
33307.92	6	Picture	Instr_T1_18	811451	0	2	69858	4	0	next	hit	11
33307.92	6	Response	4	881191	69740	1
33307.92	7	Picture	1_T1_Picture_032b_Art:_i	896648	0	1	20174	2	0	next	other	0
33307.92	7	Response	1	911475	14827	2
33307.92	8	Picture	2_T1_Picture_090a_Art:_a	921824	0	1	20173	3	0	next	other	0
33307.92	8	Response	3	922013	189	1
33307.92	8	Response	1	944218	22394	1
33307.92	9	Picture	3_T1_Picture_126b_Art:_b	946999	0	1	20174	2	0	next	other	0
33307.92	9	Response	1	959318	12319	1
33307.92	10	Picture	4_T1_Picture_140b_Art:_i	972175	0	1	20173	3	0	next	other	0
33307.92	10	Response	3	986069	13894	1
33307.92	11	Picture	5_T1_Picture_015a_Art:_i	997350	0	1	20174	2	0	next	other	0
33307.92	11	Response	3	1005922	8572	1
33307.92	12	Picture	6_T1_Picture_034b_Art:_b	1022526	0	1	20173	3	0	next	other	0
33307.92	12	Response	3	1043587	21061	1
33307.92	13	Picture	7_T1_Picture_188b_Art:_i	1047701	0	2	20174	3	0	next	other	0
33307.92	13	Response	3	1058047	10346	1
33307.92	14	Picture	8_T1_Picture_099a_Art:_a	1072877	0	1	20173	3	0	next	other	0
33307.92	14	Response	3	1095180	22303	2
33307.92	15	Picture	9_T1_Picture_179a_Art:_i	1098052	0	1	20174	2	0	next	other	0
33307.92	15	Response	3	1120162	22110	1
33307.92	16	Picture	10_T1_Picture_105b_Art:_a	1123228	0	1	20173	3	0	next	other	0
33307.92	16	Response	1	1133593	10365	1
33307.92	17	Picture	11_T1_Picture_121a_Art:_a	1148403	0	2	20174	3	0	next	other	0
33307.92	17	Response	1	1160350	11947	1
33307.92	18	Picture	12_T1_Picture_154a_Art:_i	1173579	0	1	20174	2	0	next	other	0
33307.92	18	Response	3	1184557	10978	2
33307.92	19	Picture	13_T1_Picture_012a_Art:_i	1198754	0	2	20174	3	0	next	other	0
33307.92	19	Response	3	1208782	10028	1
33307.92	20	Picture	14_T1_Picture_155b_Art:_a	1223930	0	1	20174	2	0	next	other	0
33307.92	20	Response	3	1235072	11142	1
33307.92	21	Picture	15_T1_Picture_191a_Art:_a	1249105	0	2	20174	3	0	next	other	0
33307.92	21	Response	1	1264008	14903	1
33307.92	22	Picture	16_T1_Picture_056a_Art:_i	1274281	0	1	20174	2	0	next	other	0
33307.92	22	Response	3	1293638	19357	1
33307.92	23	Picture	17_T1_Picture_052b_Art:_i	1299456	0	2	20174	3	0	next	other	0
33307.92	23	Response	3	1312100	12644	1
33307.92	24	Picture	18_T1_Picture_072b_Art:_b	1324632	0	1	20174	2	0	next	other	0
33307.92	24	Response	1	1336739	12107	1
33307.92	25	Picture	19_T1_Picture_153a_Art:_b	1349807	0	2	20174	3	0	next	other	0
33307.92	25	Response	1	1366994	17187	1
33307.92	26	Picture	20_T1_Picture_082b_Art:_i	1374983	0	1	20174	2	0	next	other	0
33307.92	26	Response	3	1386903	11920	1
33307.92	27	Picture	21_T1_Picture_059a_Art:_b	1400158	0	2	20174	3	0	next	other	0
33307.92	27	Response	1	1419848	19690	1
33307.92	28	Picture	22_T1_Picture_149a_Art:_i	1425334	0	1	20174	2	0	next	other	0
33307.92	28	Response	3	1434583	9249	1
33307.92	29	Picture	23_T1_Picture_010b_Art:_a	1450510	0	1	20173	3	0	next	other	0
33307.92	29	Response	3	1459504	8994	1
33307.92	30	Picture	24_T1_Picture_113a_Art:_a	1475685	0	1	20174	2	0	next	other	0
33307.92	30	Response	3	1491866	16181	1
33307.92	31	Picture	25_T1_Picture_053a_Art:_i	1500861	0	1	20173	3	0	next	other	0
33307.92	31	Response	3	1515019	14158	1
33307.92	32	Picture	26_T1_Picture_146a_Art:_i	1526036	0	1	20174	2	0	next	other	0
33307.92	32	Response	3	1538646	12610	1
33307.92	33	Picture	27_T1_Picture_107a_Art:_a	1551212	0	1	20173	3	0	next	other	0
33307.92	33	Response	1	1564367	13155	2
33307.92	34	Picture	28_T1_Picture_073b_Art:_a	1576387	0	1	20174	2	0	next	other	0
33307.92	34	Response	1	1584560	8173	1
33307.92	35	Picture	29_T1_Picture_175a_Art:_i	1601563	0	1	20173	3	0	next	other	0
33307.92	35	Response	3	1610922	9359	1
33307.92	36	Picture	30_T1_Picture_038a_Art:_b	1626738	0	1	20174	2	0	next	other	0
33307.92	36	Response	1	1643455	16717	1
33307.92	37	Picture	31_T1_Picture_182a_Art:_b	1651914	0	1	20174	2	0	next	other	0
33307.92	37	Response	3	1666279	14365	1
33307.92	38	Picture	32_T1_Picture_160a_Art:_i	1677089	0	2	20174	3	0	next	other	0
33307.92	38	Response	3	1687737	10648	2
33307.92	39	Picture	33_T1_Picture_070a_Art:_a	1702265	0	1	20174	2	0	next	other	0
33307.92	39	Response	1	1711707	9442	1
33307.92	40	Picture	34_T1_Picture_080b_Art:_b	1727440	0	1	20174	2	0	next	other	0
33307.92	40	Response	3	1743293	15853	1
33307.92	41	Picture	35_T1_Picture_092a_Art:_a	1752616	0	1	20174	2	0	next	other	0
33307.92	41	Response	1	1765611	12995	2
33307.92	42	Picture	36_T1_Picture_017b_Art:_i	1777791	0	2	20174	3	0	next	other	0
33307.92	42	Response	3	1787822	10031	1
33307.92	43	Picture	37_T1_Picture_083a_Art:_i	1802967	0	1	20174	2	0	next	other	0
33307.92	43	Response	3	1814957	11990	2
33307.92	44	Picture	38_T1_Picture_087b_Art:_b	1828142	0	2	20174	3	0	next	other	0
33307.92	44	Response	3	1848015	19873	1
33307.92	45	Picture	39_T1_Picture_142a_Art:_i	1853318	0	1	20174	2	0	next	other	0
33307.92	45	Response	3	1866262	12944	1
33307.92	46	Picture	40_T1_Picture_065b_Art:_i	1878493	0	2	20174	3	0	next	other	0
33307.92	46	Response	3	1890301	11808	2
33307.92	47	Picture	41_T1_Picture_122b_Art:_a	1903669	0	1	20174	2	0	next	other	0
33307.92	47	Response	3	1920684	17015	1
33307.92	48	Picture	42_T1_Picture_117b_Art:_a	1928844	0	2	20174	3	0	next	other	0
33307.92	48	Response	1	1942425	13581	1
33307.92	49	Picture	43_T1_Picture_168a_Art:_i	1954020	0	1	20174	2	0	next	other	0
33307.92	49	Response	3	1962855	8835	1
33307.92	50	Picture	44_T1_Picture_054b_Art:_b	1979195	0	2	20174	4	0	next	other	0
33307.92	50	Response	3	1990738	11543	1
33307.92	51	Picture	45_T1_Picture_104a_Art:_b	2004371	0	1	20174	2	0	next	other	0
33307.92	51	Response	1	2016594	12223	1
33307.92	52	Picture	46_T1_Picture_098b_Art:_i	2029547	0	1	20173	3	0	next	other	0
33307.92	52	Response	3	2050161	20614	1
33307.92	53	Picture	47_T1_Picture_120a_Art:_b	2054722	0	1	20174	2	0	next	other	0
33307.92	53	Response	1	2066118	11396	1
33307.92	54	Picture	48_T1_Picture_008b_Art:_a	2079898	0	1	20173	3	0	next	other	0
33307.92	54	Response	3	2089018	9120	2
33307.92	55	Picture	49_T1_Picture_057b_Art:_b	2105073	0	1	20174	2	0	next	other	0
33307.92	55	Response	3	2120543	15470	1
33307.92	56	Picture	50_T1_Picture_020a_Art:_a	2130249	0	1	20173	3	0	next	other	0
33307.92	56	Response	1	2145555	15306	1
33307.92	57	Picture	51_T1_Picture_067b_Art:_i	2155424	0	1	20174	2	0	next	other	0
33307.92	57	Response	3	2166667	11243	1
33307.92	58	Picture	52_T1_Picture_074b_Art:_a	2180600	0	1	20173	3	0	next	other	0
33307.92	58	Response	1	2197321	16721	1
33307.92	59	Picture	53_T1_Picture_091a_Art:_i	2205775	0	1	20174	2	0	next	other	0
33307.92	59	Response	3	2215185	9410	2
33307.92	60	Picture	54_T1_Picture_131a_Art:_a	2230951	0	1	20173	3	0	next	other	0
33307.92	60	Response	1	2243339	12388	1
33307.92	61	Picture	55_T1_Picture_169b_Art:_b	2256126	0	1	20174	2	0	next	other	0
33307.92	61	Response	3	2275334	19208	1
33307.92	62	Picture	56_T1_Picture_089b_Art:_i	2281302	0	1	20173	3	0	next	other	0
33307.92	62	Response	3	2290715	9413	1
33307.92	63	Picture	57_T1_Picture_062b_Art:_b	2306477	0	1	20174	2	0	next	other	0
33307.92	63	Response	3	2320618	14141	1
33307.92	64	Picture	58_T1_Picture_066b_Art:_b	2331653	0	1	20174	2	0	next	other	0
33307.92	64	Response	3	2343993	12340	1
33307.92	65	Picture	59_T1_Picture_165b_Art:_i	2356828	0	2	20174	3	0	next	other	0
33307.92	65	Response	1	2375132	18304	1
33307.92	66	Picture	60_T1_Picture_176a_Art:_a	2382004	0	1	20174	2	0	next	other	0
33307.92	66	Response	1	2390326	8322	1
33307.92	67	Picture	61_T1_Picture_111b_Art:_a	2407179	0	2	20174	3	0	next	other	0
33307.92	67	Response	1	2413463	6284	1
33307.92	68	Picture	62_T1_Picture_132b_Art:_b	2432355	0	1	20174	2	0	next	other	0
33307.92	68	Response	1	2444944	12589	1
33307.92	69	Picture	63_T1_Picture_183b_Art:_a	2457530	0	2	20174	3	0	next	other	0
33307.92	69	Response	3	2474672	17142	1
33307.92	70	Picture	64_T1_Picture_085b_Art:_a	2482706	0	1	20174	2	0	next	other	0
33307.92	70	Response	1	2494229	11523	1
33307.92	71	Picture	65_T1_Picture_016b_Art:_b	2507881	0	2	20174	3	0	next	other	0
33307.92	71	Response	3	2519386	11505	1
33307.92	72	Picture	66_T1_Picture_164a_Art:_i	2533057	0	1	20174	2	0	next	other	0
33307.92	72	Response	3	2547261	14204	1
33307.92	73	Picture	67_T1_Picture_180b_Art:_a	2558232	0	2	20174	3	0	next	other	0
33307.92	73	Response	1	2570123	11891	1
33307.92	74	Picture	68_T1_Picture_037b_Art:_b	2583408	0	1	20174	2	0	next	other	0
33307.92	74	Response	1	2590954	7546	1
33307.92	75	Picture	69_T1_Picture_055b_Art:_b	2608584	0	1	20173	2	0	next	other	0
33307.92	75	Response	1	2615073	6489	1
33307.92	76	Picture	70_T1_Picture_166b_Art:_i	2633759	0	1	20174	2	0	next	other	0
33307.92	76	Response	3	2647506	13747	1
33307.92	77	Picture	71_T1_Picture_039b_Art:_a	2658934	0	2	20174	4	0	next	other	0
33307.92	77	Response	1	2669655	10721	1
33307.92	78	Picture	72_T1_Picture_003b_Art:_a	2684110	0	1	20174	2	0	next	other	0
33307.92	78	Response	1	2696416	12306	2
33307.92	79	Picture	73_T1_Picture_125b_Art:_i	2709286	0	1	20173	3	0	next	other	0
33307.92	79	Response	3	2723137	13851	1
33307.92	80	Picture	74_T1_Picture_046a_Art:_b	2734461	0	1	20174	2	0	next	other	0
33307.92	80	Response	1	2749297	14836	1
33307.92	81	Picture	75_T1_Picture_109b_Art:_a	2759637	0	1	20173	3	0	next	other	0
33307.92	81	Response	1	2770165	10528	1
33307.92	82	Picture	76_T1_Picture_097a_Art:_i	2784812	0	1	20174	2	0	next	other	0
33307.92	82	Response	3	2794421	9609	1
33307.92	83	Picture	77_T1_Picture_136a_Art:_a	2809988	0	1	20173	3	0	next	other	0
33307.92	83	Response	1	2825015	15027	1
33307.92	84	Picture	78_T1_Picture_108a_Art:_a	2835163	0	1	20174	2	0	next	other	0
33307.92	84	Response	1	2845626	10463	1
33307.92	85	Picture	79_T1_Picture_071b_Art:_i	2860339	0	1	20173	3	0	next	other	0
33307.92	85	Response	3	2871845	11506	2
33307.92	86	Picture	80_T1_Picture_019b_Art:_a	2885514	0	1	20174	2	0	next	other	0
33307.92	86	Response	1	2893505	7991	1
33307.92	87	Picture	81_T1_Picture_134a_Art:_a	2910690	0	1	20173	3	0	next	other	0
33307.92	87	Response	1	2917545	6855	1
33307.92	88	Picture	82_T1_Picture_048b_Art:_i	2935865	0	1	20174	2	0	next	other	0
33307.92	88	Response	3	2946988	11123	1
33307.92	89	Picture	83_T1_Picture_145b_Art:_i	2961041	0	1	20173	3	0	next	other	0
33307.92	89	Response	1	2969667	8626	1
33307.92	90	Picture	84_T1_Picture_050a_Art:_a	2986216	0	1	20174	2	0	next	other	0
33307.92	90	Response	1	2996596	10380	1
33307.92	91	Picture	85_T1_Picture_173b_Art:_a	3011392	0	1	20173	3	0	next	other	0
33307.92	91	Response	1	3023438	12046	2
33307.92	92	Picture	86_T1_Picture_190a_Art:_i	3036567	0	1	20174	2	0	next	other	0
33307.92	92	Response	3	3051241	14674	2
33307.92	93	Picture	87_T1_Picture_135b_Art:_a	3061743	0	1	20174	2	0	next	other	0
33307.92	93	Response	3	3079707	17964	1
33307.92	94	Picture	88_T1_Picture_129a_Art:_a	3086918	0	2	20174	3	0	next	other	0
33307.92	94	Response	1	3096052	9134	1
33307.92	95	Picture	89_T1_Picture_088b_Art:_i	3112094	0	1	20174	2	0	next	other	0
33307.92	95	Response	3	3127231	15137	1
33307.92	96	Picture	90_T1_Picture_040a_Art:_a	3137269	0	1	20174	2	0	next	other	0
33307.92	96	Response	1	3145946	8677	1
33307.92	97	Picture	91_T1_Picture_127a_Art:_b	3162445	0	1	20174	2	0	next	other	0
33307.92	97	Response	3	3174974	12529	1
33307.92	98	Picture	92_T1_Picture_144a_Art:_b	3187620	0	2	20174	3	0	next	other	0
33307.92	98	Response	3	3198585	10965	1
33307.92	99	Picture	93_T1_Picture_150b_Art:_a	3212796	0	1	20174	2	0	next	other	0
33307.92	99	Response	1	3222460	9664	1
33307.92	100	Picture	94_T1_Picture_101a_Art:_i	3237971	0	1	20174	2	0	next	other	0
33307.92	100	Response	3	3247120	9149	1
33307.92	101	Picture	95_T1_Picture_186a_Art:_b	3263147	0	1	20174	2	0	next	other	0
33307.92	101	Response	3	3278448	15301	1
33307.92	102	Picture	96_T1_Picture_030a_Art:_i	3288322	0	2	20174	3	0	next	other	0
33307.92	102	Response	3	3300475	12153	1
33307.92	103	Picture	97_T1_Picture_075b_Art:_a	3313498	0	1	20174	2	0	next	other	0
33307.92	103	Response	1	3330224	16726	1
33307.92	104	Picture	98_T1_Picture_114a_Art:_b	3338673	0	2	20174	3	0	next	other	0
33307.92	104	Response	3	3349869	11196	1
33307.92	105	Picture	99_T1_Picture_025a_Art:_a	3363849	0	1	20174	2	0	next	other	0
33307.92	105	Response	1	3373143	9294	2
33307.92	106	Picture	100_T1_Picture_184a_Art:_i	3389024	0	2	20174	3	0	next	other	0
33307.92	106	Response	3	3396299	7275	2
33307.92	107	Picture	101_T1_Picture_036b_Art:_a	3414200	0	1	20174	2	0	next	other	0
33307.92	107	Response	1	3422970	8770	1
33307.92	108	Picture	102_T1_Picture_163a_Art:_b	3439375	0	2	20174	3	0	next	other	0
33307.92	108	Response	3	3454342	14967	1
33307.92	109	Picture	103_T1_Picture_096b_Art:_a	3464551	0	1	20174	2	0	next	other	0
33307.92	109	Response	1	3476787	12236	1
33307.92	110	Picture	104_T1_Picture_116b_Art:_b	3489726	0	2	20174	3	0	next	other	0
33307.92	110	Response	3	3508051	18325	2
33307.92	111	Picture	105_T1_Picture_128b_Art:_b	3514902	0	1	20174	2	0	next	other	0
33307.92	111	Response	1	3524588	9686	1
33307.92	112	Picture	106_T1_Picture_177b_Art:_i	3540078	0	1	20173	3	0	next	other	0
33307.92	112	Response	3	3548831	8753	1
33307.92	113	Picture	107_T1_Picture_094a_Art:_i	3565253	0	1	20174	2	0	next	other	0
33307.92	113	Response	3	3573359	8106	1
33307.92	114	Picture	108_T1_Picture_137b_Art:_b	3590429	0	1	20173	3	0	next	other	0
33307.92	114	Response	3	3603604	13175	1
33307.92	115	Picture	109_T1_Picture_162a_Art:_a	3615604	0	1	20174	2	0	next	other	0
33307.92	115	Response	3	3628782	13178	1
33307.92	116	Picture	110_T1_Picture_161a_Art:_i	3640779	0	2	20174	4	0	next	other	0
33307.92	116	Response	3	3651680	10901	1
33307.92	117	Picture	111_T1_Picture_009b_Art:_b	3665955	0	1	20174	2	0	next	other	0
33307.92	117	Response	1	3671872	5917	1
33307.92	118	Picture	112_T1_Picture_139a_Art:_i	3691131	0	1	20173	3	0	next	other	0
33307.92	118	Response	3	3701160	10029	1
33307.92	119	Picture	113_T1_Picture_172b_Art:_a	3716306	0	1	20174	2	0	next	other	0
33307.92	119	Response	1	3726402	10096	1
33307.92	120	Picture	114_T1_Picture_148a_Art:_b	3741482	0	1	20173	3	0	next	other	0
33307.92	120	Response	3	3752840	11358	1
33307.92	121	Picture	115_T1_Picture_047b_Art:_b	3766657	0	1	20174	2	0	next	other	0
33307.92	121	Response	1	3779466	12809	1
33307.92	122	Picture	116_T1_Picture_026b_Art:_i	3791833	0	1	20173	3	0	next	other	0
33307.92	122	Response	3	3803173	11340	1
33307.92	123	Picture	117_T1_Picture_001a_Art:_b	3817008	0	1	20174	2	0	next	other	0
33307.92	123	Response	1	3833618	16610	1
33307.92	124	Picture	118_T1_Picture_086b_Art:_a	3842184	0	1	20173	3	0	next	other	0
33307.92	124	Response	1	3853965	11781	1
33307.92	125	Picture	119_T1_Picture_192b_Art:_b	3867359	0	1	20174	2	0	next	other	0
33307.92	125	Response	3	3877588	10229	1
33307.92	126	Picture	120_T1_Picture_060b_Art:_a	3892535	0	1	20173	3	0	next	other	0
33307.92	126	Response	1	3904066	11531	1
33307.92	127	Picture	121_T1_Picture_044a_Art:_a	3917710	0	1	20174	2	0	next	other	0
33307.92	127	Response	3	3932864	15154	1
33307.92	128	Picture	122_T1_Picture_189b_Art:_i	3942886	0	1	20174	2	0	next	other	0
33307.92	128	Response	3	3960017	17131	1
33307.92	129	Picture	123_T1_Picture_141a_Art:_b	3968061	0	2	20174	3	0	next	other	0
33307.92	129	Response	3	3976304	8243	1
33307.92	130	Picture	124_T1_Picture_061a_Art:_b	3993237	0	1	20174	2	0	next	other	0
33307.92	130	Response	3	4013694	20457	2
33307.92	131	Picture	125_T1_Picture_063a_Art:_i	4018412	0	2	20174	3	0	next	other	0
33307.92	131	Response	3	4030739	12327	1
33307.92	132	Picture	126_T1_Picture_106a_Art:_i	4043588	0	1	20174	2	0	next	other	0
33307.92	132	Response	3	4056142	12554	1
33307.92	133	Picture	127_T1_Picture_035b_Art:_b	4068763	0	2	20174	3	0	next	other	0
33307.92	133	Response	1	4082078	13315	2
33307.92	134	Picture	128_T1_Picture_002a_Art:_b	4093939	0	1	20174	2	0	next	other	0
33307.92	134	Response	3	4105044	11105	1
33307.92	135	Picture	Instr_T2_20	4139288	0	1	231581	3	0	next	hit	270
33307.92	135	Response	4	4370750	231462	2
33307.92	136	Picture	Instr_T2_21	4376038	0	1	198403	2	0	next	hit	272
33307.92	136	Response	4	4574277	198239	2
33307.92	137	Picture	Instr_T2_22	4579609	0	2	50518	3	0	next	hit	274
33307.92	137	Response	4	4630063	50454	2
33307.92	138	Picture	Instr_T2_23	4635296	0	1	55352	3	0	next	hit	276
33307.92	138	Response	4	4690527	55231	2
33307.92	139	Picture	Instr_T2_24	4695817	0	1	53019	2	0	next	hit	278
33307.92	139	Response	4	4748668	52851	1
33307.92	140	Picture	Instr_T2_25	4748836	0	1	95033	3	0	next	hit	280
33307.92	140	Response	4	4843700	94864	2
33307.92	141	Picture	Instr_T2_27	4849037	0	2	27510	3	0	next	hit	282
33307.92	141	Response	4	4876499	27462	2
33307.92	142	Picture	Instr_T2_28	4876547	0	1	10837	2	0	next	hit	284
33307.92	142	Response	4	4887224	10677	1
33307.92	143	Picture	Instr_T2_30	4892553	0	1	27843	2	0	next	hit	286
33307.92	143	Response	4	4920294	27741	1
33307.92	144	Picture	Instr_T2_31	4920396	0	1	20507	2	0	next	hit	288
33307.92	144	Response	4	4940837	20441	1
33307.92	145	Picture	Instr_T2_33	4946071	0	2	26009	4	0	next	hit	290
33307.92	145	Response	4	4972036	25965	2
33307.92	146	Picture	Instr_T2_34	4972080	0	2	21342	3	0	next	hit	292
33307.92	146	Response	4	4993274	21194	1
33307.92	147	Picture	Instr_T2_36	4998590	0	1	63356	2	0	next	hit	294
33307.92	147	Response	4	5061795	63205	1
33307.92	148	Picture	Instr_T2_38	5067114	0	1	65857	2	0	next	hit	296
33307.92	148	Response	4	5132827	65713	1
33307.92	149	Picture	Instr_T2_39	5132971	0	1	45849	2	0	next	hit	298
33307.92	149	Response	4	5178679	45708	2
33307.92	150	Picture	Instr_T2_41	5183989	0	1	19173	2	0	next	hit	300
33307.92	150	Response	4	5203093	19104	2
33307.92	151	Picture	Instr_T2_42	5203162	0	1	16839	2	0	next	hit	302
33307.92	151	Response	4	5219932	16770	2
33307.92	152	Picture	Instr_T2_44	5225170	0	1	20840	3	0	next	hit	304
33307.92	152	Response	4	5245977	20807	1
33307.92	153	Picture	Instr_T2_45	5246010	0	2	33846	3	0	next	hit	306
33307.92	153	Response	4	5279789	33779	2
33307.92	154	Picture	Instr_T2_46	5279856	0	1	142216	2	0	next	hit	308
33307.92	154	Response	4	5421894	142038	2
33307.92	155	Picture	Instr_T2_48	5427241	0	1	23674	3	0	next	hit	310
33307.92	155	Response	4	5450798	23557	1
33307.92	156	Picture	Instr_T2_49	5450915	0	2	11004	4	0	next	hit	312
33307.92	156	Response	4	5461895	10980	1
33307.92	157	Picture	Instr_T2_51	5467088	0	1	13171	2	0	next	hit	314
33307.92	157	Response	4	5480143	13055	1
33307.92	158	Picture	Instr_T2_52	5480259	0	1	15506	2	0	next	hit	316
33307.92	158	Response	4	5495645	15386	1
33307.92	159	Picture	Instr_T2_54	5500933	0	1	35846	2	0	next	hit	318
33307.92	159	Response	4	5536609	35676	2
33307.92	160	Picture	Instr_T2_55	5536779	0	1	18006	3	0	next	hit	320
33307.92	160	Response	4	5554668	17889	1
33307.92	161	Picture	Instr_T2_56	5554785	0	2	85697	3	0	next	hit	322
33307.92	161	Response	4	5640326	85541	2
33307.92	162	Picture	Instr_T2_58	5645651	0	1	275430	2	0	next	hit	324
33307.92	162	Response	4	5921048	275397	2
33307.92	163	Picture	1_T2_Picture_173a_Art:_sim_cor_taste:_2	5931251	0	1	20174	2	0	next	false_alarm	326
33307.92	163	Response	1	5945319	14068	1
33307.92	164	Picture	FB_inco	5956427	0	1	500	2	0	next	other	0
33307.92	165	Picture	2_T2_Picture_111a_Art:_sim_cor_taste:_2	5956927	0	1	20173	3	0	next	false_alarm	329
33307.92	165	Response	2	5973193	16266	2
33307.92	166	Picture	FB_cor	5982102	0	1	500	3	0	next	other	0
33307.92	167	Picture	3_T2_Picture_179b_Art:_sim_cor_taste:_2	5982602	0	2	20174	3	0	next	false_alarm	332
33307.92	167	Response	2	6004973	22371	1
33307.92	168	Picture	FB_cor	6007778	0	1	500	2	0	next	other	0
33307.92	169	Picture	4_T2_Picture_164a_Art:_old_cor_taste:_1	6008278	0	1	20174	2	0	next	false_alarm	335
33307.92	169	Response	1	6022186	13908	1
33307.92	170	Picture	FB_cor	6033453	0	2	501	3	0	next	other	0
33307.92	171	Picture	5_T2_Picture_075a_Art:_sim_cor_taste:_2	6033954	0	1	20173	3	0	next	false_alarm	338
33307.92	171	Response	1	6050376	16422	1
33307.92	172	Picture	FB_inco	6059129	0	1	500	3	0	next	other	0
33307.92	173	Picture	6_T2_Picture_157a_Art:_new_cor_taste:_3	6059629	0	2	20174	3	0	next	false_alarm	341
33307.92	173	Response	3	6070140	10511	1
33307.92	174	Picture	FB_cor	6084805	0	1	500	2	0	next	other	0
33307.92	175	Picture	7_T2_Picture_121a_Art:_old_cor_taste:_1	6085305	0	1	20174	2	0	next	false_alarm	344
33307.92	175	Response	1	6097361	12056	1
33307.92	176	Picture	FB_cor	6110481	0	1	500	2	0	next	other	0
33307.92	177	Picture	8_T2_Picture_086a_Art:_sim_cor_taste:_2	6110981	0	1	20174	2	0	next	false_alarm	347
33307.92	177	Response	1	6127680	16699	1
33307.92	178	Picture	FB_inco	6136156	0	2	500	4	0	next	other	0
33307.92	179	Picture	9_T2_Picture_154b_Art:_sim_cor_taste:_2	6136656	0	2	20174	3	0	next	false_alarm	350
33307.92	179	Response	1	6150604	13948	1
33307.92	180	Picture	FB_inco	6161832	0	1	500	2	0	next	other	0
33307.92	181	Picture	10_T2_Picture_167a_Art:_new_cor_taste:_3	6162332	0	1	20174	2	0	next	false_alarm	353
33307.92	181	Response	3	6174189	11857	1
33307.92	182	Picture	FB_cor	6187508	0	1	500	2	0	next	other	0
33307.92	183	Picture	11_T2_Picture_120a_Art:_old_cor_taste:_1	6188008	0	1	20173	3	0	next	false_alarm	356
33307.92	183	Response	1	6201692	13684	2
33307.92	184	Picture	FB_cor	6213183	0	1	501	2	0	next	other	0
33307.92	185	Picture	12_T2_Picture_008a_Art:_sim_cor_taste:_2	6213684	0	1	20173	2	0	next	false_alarm	359
33307.92	185	Response	1	6225032	11348	1
33307.92	186	Picture	FB_inco	6238859	0	1	500	2	0	next	other	0
33307.92	187	Picture	13_T2_Picture_053b_Art:_sim_cor_taste:_2	6239359	0	1	20174	2	0	next	false_alarm	362
33307.92	187	Response	1	6249390	10031	1
33307.92	188	Picture	FB_inco	6264535	0	1	500	2	0	next	other	0
33307.92	189	Picture	14_T2_Picture_123a_Art:_new_cor_taste:_3	6265035	0	1	20174	2	0	next	false_alarm	365
33307.92	189	Response	3	6275985	10950	1
33307.92	190	Picture	FB_cor	6290210	0	2	501	3	0	next	other	0
33307.92	191	Picture	15_T2_Picture_089b_Art:_old_cor_taste:_1	6290711	0	1	20173	2	0	next	false_alarm	368
33307.92	191	Response	1	6302655	11944	1
33307.92	192	Picture	FB_cor	6315886	0	1	500	3	0	next	other	0
33307.92	193	Picture	16_T2_Picture_168a_Art:_old_cor_taste:_1	6316386	0	2	20174	3	0	next	false_alarm	371
33307.92	193	Response	1	6326077	9691	1
33307.92	194	Picture	FB_cor	6341562	0	1	500	2	0	next	other	0
33307.92	195	Picture	17_T2_Picture_002a_Art:_old_cor_taste:_1	6342062	0	1	20174	2	0	next	false_alarm	374
33307.92	195	Response	1	6351242	9180	2
33307.92	196	Picture	FB_cor	6367237	0	2	501	3	0	next	other	0
33307.92	197	Picture	18_T2_Picture_016a_Art:_sim_cor_taste:_2	6367738	0	1	20173	3	0	next	false_alarm	377
33307.92	197	Response	1	6378183	10445	1
33307.92	198	Picture	FB_inco	6392913	0	1	500	2	0	next	other	0
33307.92	199	Picture	19_T2_Picture_077a_Art:_new_cor_taste:_3	6393413	0	1	20174	2	0	next	false_alarm	380
33307.92	199	Response	3	6404069	10656	2
33307.92	200	Picture	FB_cor	6418589	0	1	500	2	0	next	other	0
33307.92	201	Picture	20_T2_Picture_172b_Art:_old_cor_taste:_1	6419089	0	1	20174	2	0	next	false_alarm	383
33307.92	201	Response	1	6429761	10672	1
33307.92	202	Picture	FB_cor	6444264	0	2	501	3	0	next	other	0
33307.92	203	Picture	21_T2_Picture_064b_Art:_new_cor_taste:_3	6444765	0	1	20173	3	0	next	false_alarm	386
33307.92	203	Response	3	6456230	11465	1
33307.92	204	Picture	FB_cor	6469940	0	1	500	3	0	next	other	0
33307.92	205	Picture	22_T2_Picture_134b_Art:_sim_cor_taste:_2	6470440	0	2	20174	3	0	next	false_alarm	389
33307.92	205	Response	1	6489922	19482	1
33307.92	206	Picture	FB_inco	6495616	0	1	500	2	0	next	other	0
33307.92	207	Picture	23_T2_Picture_059b_Art:_sim_cor_taste:_2	6496116	0	1	20174	2	0	next	false_alarm	392
33307.92	207	Response	1	6506217	10101	1
33307.92	208	Picture	FB_inco	6521292	0	1	500	2	0	next	other	0
33307.92	209	Picture	24_T2_Picture_041b_Art:_new_cor_taste:_3	6521792	0	1	20173	3	0	next	false_alarm	395
33307.92	209	Response	3	6531998	10206	1
33307.92	210	Picture	FB_cor	6546967	0	1	500	3	0	next	other	0
33307.92	211	Picture	25_T2_Picture_061a_Art:_old_cor_taste:_1	6547467	0	2	20174	3	0	next	false_alarm	398
33307.92	211	Response	1	6557923	10456	1
33307.92	212	Picture	FB_cor	6572643	0	1	500	2	0	next	other	0
33307.92	213	Picture	26_T2_Picture_015a_Art:_old_cor_taste:_1	6573143	0	1	20174	2	0	next	false_alarm	401
33307.92	213	Response	1	6583892	10749	1
33307.92	214	Picture	FB_cor	6598319	0	1	500	2	0	next	other	0
33307.92	215	Picture	27_T2_Picture_102a_Art:_new_cor_taste:_3	6598819	0	1	20174	2	0	next	false_alarm	404
33307.92	215	Response	3	6609740	10921	2
33307.92	216	Picture	FB_cor	6623994	0	2	501	3	0	next	other	0
33307.92	217	Picture	28_T2_Picture_031a_Art:_new_cor_taste:_3	6624495	0	1	20173	2	0	next	false_alarm	407
33307.92	217	Response	3	6634007	9512	1
33307.92	218	Picture	FB_cor	6649670	0	1	500	2	0	next	other	0
33307.92	219	Picture	29_T2_Picture_184b_Art:_sim_cor_taste:_2	6650170	0	1	20174	2	0	next	false_alarm	410
33307.92	219	Response	1	6664268	14098	1
33307.92	220	Picture	FB_inco	6675346	0	1	500	2	0	next	other	0
33307.92	221	Picture	30_T2_Picture_118a_Art:_new_cor_taste:_3	6675846	0	1	20174	2	0	next	false_alarm	413
33307.92	221	Response	3	6686810	10964	1
33307.92	222	Picture	FB_cor	6701021	0	2	501	3	0	next	other	0
33307.92	223	Picture	31_T2_Picture_181b_Art:_new_cor_taste:_3	6701522	0	1	20173	2	0	next	false_alarm	416
33307.92	223	Response	3	6711145	9623	1
33307.92	224	Picture	FB_cor	6726697	0	1	500	2	0	next	other	0
33307.92	225	Picture	32_T2_Picture_054a_Art:_sim_cor_taste:_2	6727197	0	1	20174	2	0	next	false_alarm	419
33307.92	225	Response	3	6743305	16108	1
33307.92	226	Picture	FB_inco	6752373	0	1	500	2	0	next	other	0
33307.92	227	Picture	33_T2_Picture_095b_Art:_new_cor_taste:_3	6752873	0	1	20174	2	0	next	false_alarm	422
33307.92	227	Response	3	6769001	16128	1
33307.92	228	Picture	FB_cor	6778048	0	2	500	4	0	next	other	0
33307.92	229	Picture	34_T2_Picture_145b_Art:_old_cor_taste:_1	6778548	0	2	20174	4	0	next	false_alarm	425
33307.92	229	Response	1	6789569	11021	1
33307.92	230	Picture	FB_cor	6803724	0	1	500	2	0	next	other	0
33307.92	231	Picture	35_T2_Picture_023b_Art:_new_cor_taste:_3	6804224	0	1	20174	2	0	next	false_alarm	428
33307.92	231	Response	3	6814087	9863	1
33307.92	232	Picture	FB_cor	6829400	0	1	500	2	0	next	other	0
33307.92	233	Picture	36_T2_Picture_049a_Art:_new_cor_taste:_3	6829900	0	1	20174	2	0	next	false_alarm	431
33307.92	233	Response	3	6839330	9430	1
33307.92	234	Picture	FB_cor	6855075	0	2	501	3	0	next	other	0
33307.92	235	Picture	37_T2_Picture_191b_Art:_sim_cor_taste:_2	6855576	0	1	20173	3	0	next	false_alarm	434
33307.92	235	Response	1	6868373	12797	2
33307.92	236	Picture	FB_inco	6880751	0	1	500	3	0	next	other	0
33307.92	237	Picture	38_T2_Picture_055b_Art:_old_cor_taste:_1	6881251	0	2	20174	3	0	next	false_alarm	437
33307.92	237	Response	1	6896333	15082	2
33307.92	238	Picture	FB_cor	6906427	0	1	500	2	0	next	other	0
33307.92	239	Picture	39_T2_Picture_019b_Art:_old_cor_taste:_1	6906927	0	1	20174	2	0	next	false_alarm	440
33307.92	239	Response	1	6915963	9036	1
33307.92	240	Picture	FB_cor	6932102	0	2	501	3	0	next	other	0
33307.92	241	Picture	40_T2_Picture_175b_Art:_sim_cor_taste:_2	6932603	0	1	20173	3	0	next	false_alarm	443
33307.92	241	Response	2	6951503	18900	1
33307.92	242	Picture	FB_cor	6957778	0	1	500	3	0	next	other	0
33307.92	243	Picture	41_T2_Picture_153a_Art:_old_cor_taste:_1	6958278	0	2	20174	3	0	next	false_alarm	446
33307.92	243	Response	1	6973056	14778	1
33307.92	244	Picture	FB_cor	6983454	0	1	500	2	0	next	other	0
33307.92	245	Picture	42_T2_Picture_156a_Art:_new_cor_taste:_3	6983954	0	1	20174	2	0	next	false_alarm	449
33307.92	245	Response	3	6994643	10689	1
33307.92	246	Picture	FB_cor	7009129	0	2	501	3	0	next	other	0
33307.92	247	Picture	43_T2_Picture_132b_Art:_old_cor_taste:_1	7009630	0	1	20173	3	0	next	false_alarm	452
33307.92	247	Response	1	7024898	15268	1
33307.92	248	Picture	FB_cor	7034805	0	1	500	3	0	next	other	0
33307.92	249	Picture	44_T2_Picture_113a_Art:_old_cor_taste:_1	7035305	0	2	20174	3	0	next	false_alarm	455
33307.92	249	Response	1	7047701	12396	1
33307.92	250	Picture	FB_cor	7060481	0	1	500	2	0	next	other	0
33307.92	251	Picture	45_T2_Picture_013a_Art:_new_cor_taste:_3	7060981	0	1	20174	2	0	next	false_alarm	458
33307.92	251	Response	3	7069830	8849	2
33307.92	252	Picture	FB_cor	7086157	0	1	500	2	0	next	other	0
33307.92	253	Picture	46_T2_Picture_066b_Art:_old_cor_taste:_1	7086657	0	1	20174	2	0	next	false_alarm	461
33307.92	253	Response	1	7098714	12057	1
33307.92	254	Picture	FB_cor	7111832	0	1	500	3	0	next	other	0
33307.92	255	Picture	47_T2_Picture_063b_Art:_sim_cor_taste:_2	7112332	0	2	20174	3	0	next	false_alarm	464
33307.92	255	Response	1	7123663	11331	1
33307.92	256	Picture	FB_inco	7137508	0	1	500	2	0	next	other	0
33307.92	257	Picture	48_T2_Picture_083b_Art:_sim_cor_taste:_2	7138008	0	1	20174	2	0	next	false_alarm	467
33307.92	257	Response	1	7149490	11482	1
33307.92	258	Picture	FB_inco	7163184	0	1	500	2	0	next	other	0
33307.92	259	Picture	49_T2_Picture_017b_Art:_old_cor_taste:_1	7163684	0	1	20174	2	0	next	false_alarm	470
33307.92	259	Response	1	7173191	9507	1
33307.92	260	Picture	FB_cor	7188859	0	2	501	3	0	next	other	0
33307.92	261	Picture	50_T2_Picture_056a_Art:_old_cor_taste:_1	7189360	0	1	20173	2	0	next	false_alarm	473
33307.92	261	Response	1	7200918	11558	2
33307.92	262	Picture	FB_cor	7214535	0	1	500	3	0	next	other	0
33307.92	263	Picture	51_T2_Picture_022a_Art:_new_cor_taste:_3	7215035	0	2	20174	3	0	next	false_alarm	476
33307.92	263	Response	3	7224995	9960	2
33307.92	264	Picture	FB_cor	7240211	0	1	500	2	0	next	other	0
33307.92	265	Picture	52_T2_Picture_166a_Art:_sim_cor_taste:_2	7240711	0	1	20174	2	0	next	false_alarm	479
33307.92	265	Response	2	7255818	15107	2
33307.92	266	Picture	FB_cor	7265886	0	2	501	3	0	next	other	0
33307.92	267	Picture	53_T2_Picture_009b_Art:_old_cor_taste:_1	7266387	0	1	20173	3	0	next	false_alarm	482
33307.92	267	Response	1	7277127	10740	1
33307.92	268	Picture	FB_cor	7291562	0	1	500	3	0	next	other	0
33307.92	269	Picture	54_T2_Picture_072a_Art:_sim_cor_taste:_2	7292062	0	2	20174	3	0	next	false_alarm	485
33307.92	269	Response	2	7309596	17534	1
33307.92	270	Picture	FB_cor	7317238	0	1	500	2	0	next	other	0
33307.92	271	Picture	55_T2_Picture_033a_Art:_new_cor_taste:_3	7317738	0	1	20174	2	0	next	false_alarm	488
33307.92	271	Response	3	7328534	10796	2
33307.92	272	Picture	FB_cor	7342913	0	2	501	3	0	next	other	0
33307.92	273	Picture	56_T2_Picture_027a_Art:_new_cor_taste:_3	7343414	0	1	20173	3	0	next	false_alarm	491
33307.92	273	Response	1	7359862	16448	1
33307.92	274	Picture	FB_inco	7368589	0	1	500	3	0	next	other	0
33307.92	275	Picture	57_T2_Picture_170b_Art:_new_cor_taste:_3	7369089	0	2	20174	3	0	next	false_alarm	494
33307.92	275	Response	3	7379873	10784	1
33307.92	276	Picture	FB_cor	7394265	0	1	500	2	0	next	other	0
33307.92	277	Picture	58_T2_Picture_034b_Art:_old_cor_taste:_1	7394765	0	1	20174	2	0	next	false_alarm	497
33307.92	277	Response	1	7405504	10739	1
33307.92	278	Picture	FB_cor	7419940	0	2	501	3	0	next	other	0
33307.92	279	Picture	59_T2_Picture_140b_Art:_old_cor_taste:_1	7420441	0	1	20173	3	0	next	false_alarm	500
33307.92	279	Response	3	7436460	16019	2
33307.92	280	Picture	FB_inco	7445616	0	1	500	3	0	next	other	0
33307.92	281	Picture	60_T2_Picture_097b_Art:_sim_cor_taste:_2	7446116	0	2	20174	3	0	next	false_alarm	503
33307.92	281	Response	1	7462190	16074	1
33307.92	282	Picture	FB_inco	7471292	0	1	500	2	0	next	other	0
33307.92	283	Picture	61_T2_Picture_011a_Art:_new_cor_taste:_3	7471792	0	1	20174	2	0	next	false_alarm	506
33307.92	283	Response	3	7486793	15001	1
33307.92	284	Picture	FB_cor	7496968	0	1	500	2	0	next	other	0
33307.92	285	Picture	62_T2_Picture_092a_Art:_old_cor_taste:_1	7497468	0	1	20173	3	0	next	false_alarm	509
33307.92	285	Response	1	7509089	11621	1
33307.92	286	Picture	FB_cor	7522643	0	2	500	4	0	next	other	0
33307.92	287	Picture	63_T2_Picture_180b_Art:_old_cor_taste:_1	7523143	0	2	20174	3	0	next	false_alarm	512
33307.92	287	Response	1	7533773	10630	1
33307.92	288	Picture	FB_cor	7548319	0	1	500	2	0	next	other	0
33307.92	289	Picture	64_T2_Picture_161b_Art:_sim_cor_taste:_2	7548819	0	1	20174	2	0	next	false_alarm	515
33307.92	289	Response	1	7560184	11365	1
33307.92	290	Picture	FB_inco	7573995	0	1	500	2	0	next	other	0
33307.92	291	Picture	65_T2_Picture_042a_Art:_new_cor_taste:_3	7574495	0	1	20174	2	0	next	false_alarm	518
33307.92	291	Response	3	7585795	11300	1
33307.92	292	Picture	FB_cor	7599670	0	2	500	4	0	next	other	0
33307.92	293	Picture	66_T2_Picture_101b_Art:_sim_cor_taste:_2	7600170	0	2	20174	3	0	next	false_alarm	521
33307.92	293	Response	1	7610993	10823	1
33307.92	294	Picture	FB_inco	7625346	0	1	500	2	0	next	other	0
33307.92	295	Picture	67_T2_Picture_160a_Art:_old_cor_taste:_1	7625846	0	1	20174	2	0	next	false_alarm	524
33307.92	295	Response	1	7634303	8457	1
33307.92	296	Picture	FB_cor	7651022	0	1	500	2	0	next	other	0
33307.92	297	Picture	68_T2_Picture_070b_Art:_sim_cor_taste:_2	7651522	0	1	20174	2	0	next	false_alarm	527
33307.92	297	Response	1	7662578	11056	1
33307.92	298	Picture	FB_inco	7676697	0	2	501	3	0	next	other	0
33307.92	299	Picture	69_T2_Picture_127a_Art:_old_cor_taste:_1	7677198	0	1	20173	3	0	next	false_alarm	530
33307.92	299	Response	1	7691834	14636	1
33307.92	300	Picture	FB_cor	7702373	0	1	500	2	0	next	other	0
33307.92	301	Picture	70_T2_Picture_010a_Art:_sim_cor_taste:_2	7702873	0	1	20174	2	0	next	false_alarm	533
33307.92	301	Response	2	7719479	16606	1
33307.92	302	Picture	FB_cor	7728049	0	1	500	2	0	next	other	0
33307.92	303	Picture	71_T2_Picture_106a_Art:_old_cor_taste:_1	7728549	0	1	20174	2	0	next	false_alarm	536
33307.92	303	Response	1	7741884	13335	2
33307.92	304	Picture	FB_cor	7753724	0	2	500	4	0	next	other	0
33307.92	305	Picture	72_T2_Picture_108a_Art:_old_cor_taste:_1	7754224	0	2	20174	4	0	next	false_alarm	539
33307.92	305	Response	1	7764893	10669	1
33307.92	306	Picture	FB_cor	7779400	0	1	500	3	0	next	other	0
33307.92	307	Picture	73_T2_Picture_192b_Art:_old_cor_taste:_1	7779900	0	2	20174	3	0	next	false_alarm	542
33307.92	307	Response	1	7790139	10239	1
33307.92	308	Picture	FB_cor	7805076	0	1	500	2	0	next	other	0
33307.92	309	Picture	74_T2_Picture_099b_Art:_sim_cor_taste:_2	7805576	0	1	20174	2	0	next	false_alarm	545
33307.92	309	Response	3	7815565	9989	1
33307.92	310	Picture	FB_inco	7830751	0	2	501	3	0	next	other	0
33307.92	311	Picture	75_T2_Picture_057a_Art:_sim_cor_taste:_2	7831252	0	1	20173	3	0	next	false_alarm	548
33307.92	311	Response	1	7846177	14925	1
33307.92	312	Picture	FB_inco	7856427	0	1	500	2	0	next	other	0
33307.92	313	Picture	76_T2_Picture_177b_Art:_old_cor_taste:_1	7856927	0	1	20174	2	0	next	false_alarm	551
33307.92	313	Response	1	7869822	12895	1
33307.92	314	Picture	FB_cor	7882103	0	1	500	2	0	next	other	0
33307.92	315	Picture	77_T2_Picture_186b_Art:_sim_cor_taste:_2	7882603	0	1	20174	2	0	next	false_alarm	554
33307.92	315	Response	2	7895749	13146	1
33307.92	316	Picture	FB_cor	7907779	0	1	500	2	0	next	other	0
33307.92	317	Picture	78_T2_Picture_165a_Art:_sim_cor_taste:_2	7908279	0	1	20173	3	0	next	false_alarm	557
33307.92	317	Response	3	7920441	12162	2
33307.92	318	Picture	FB_inco	7933454	0	1	500	3	0	next	other	0
33307.92	319	Picture	79_T2_Picture_152b_Art:_new_cor_taste:_3	7933954	0	2	20174	3	0	next	false_alarm	560
33307.92	319	Response	3	7945817	11863	1
33307.92	320	Picture	FB_cor	7959130	0	1	500	2	0	next	other	0
33307.92	321	Picture	80_T2_Picture_004b_Art:_new_cor_taste:_3	7959630	0	1	20174	2	0	next	false_alarm	563
33307.92	321	Response	3	7970094	10464	1
33307.92	322	Picture	FB_cor	7984805	0	2	501	3	0	next	other	0
33307.92	323	Picture	81_T2_Picture_100a_Art:_new_cor_taste:_3	7985306	0	1	20173	3	0	next	false_alarm	566
33307.92	323	Response	3	7995624	10318	1
33307.92	324	Picture	FB_cor	8010481	0	2	500	4	0	next	other	0
33307.92	325	Picture	82_T2_Picture_188a_Art:_sim_cor_taste:_2	8010981	0	2	20174	3	0	next	false_alarm	569
33307.92	325	Response	2	8030610	19629	1
33307.92	326	Picture	FB_cor	8036157	0	1	500	2	0	next	other	0
33307.92	327	Picture	83_T2_Picture_037a_Art:_sim_cor_taste:_2	8036657	0	1	20174	2	0	next	false_alarm	572
33307.92	327	Response	2	8052704	16047	1
33307.92	328	Picture	FB_cor	8061833	0	1	500	2	0	next	other	0
33307.92	329	Picture	84_T2_Picture_029a_Art:_new_cor_taste:_3	8062333	0	1	20173	3	0	next	false_alarm	575
33307.92	329	Response	3	8075141	12808	2
33307.92	330	Picture	FB_cor	8087508	0	1	500	3	0	next	other	0
33307.92	331	Picture	85_T2_Picture_068a_Art:_new_cor_taste:_3	8088008	0	2	20174	3	0	next	false_alarm	578
33307.92	331	Response	3	8102918	14910	1
33307.92	332	Picture	FB_cor	8113184	0	1	500	2	0	next	other	0
33307.92	333	Picture	86_T2_Picture_073a_Art:_sim_cor_taste:_2	8113684	0	1	20174	2	0	next	false_alarm	581
33307.92	333	Response	1	8123613	9929	1
33307.92	334	Picture	FB_inco	8138860	0	1	500	2	0	next	other	0
33307.92	335	Picture	87_T2_Picture_146a_Art:_old_cor_taste:_1	8139360	0	1	20174	2	0	next	false_alarm	584
33307.92	335	Response	1	8152865	13505	1
33307.92	336	Picture	FB_cor	8164535	0	2	501	3	0	next	other	0
33307.92	337	Picture	88_T2_Picture_178a_Art:_new_cor_taste:_3	8165036	0	1	20173	3	0	next	false_alarm	587
33307.92	337	Response	3	8174800	9764	1
33307.92	338	Picture	FB_cor	8190211	0	1	500	2	0	next	other	0
33307.92	339	Picture	89_T2_Picture_006a_Art:_new_cor_taste:_3	8190711	0	1	20174	2	0	next	false_alarm	590
33307.92	339	Response	3	8199180	8469	1
33307.92	340	Picture	FB_cor	8215887	0	1	500	2	0	next	other	0
33307.92	341	Picture	90_T2_Picture_084a_Art:_new_cor_taste:_3	8216387	0	1	20174	2	0	next	false_alarm	593
33307.92	341	Response	3	8227202	10815	1
33307.92	342	Picture	FB_cor	8241562	0	2	501	3	0	next	other	0
33307.92	343	Picture	91_T2_Picture_105b_Art:_old_cor_taste:_1	8242063	0	1	20173	3	0	next	false_alarm	596
33307.92	343	Response	2	8261106	19043	1
33307.92	344	Picture	FB_inco	8267238	0	1	500	3	0	next	other	0
33307.92	345	Picture	92_T2_Picture_039b_Art:_old_cor_taste:_1	8267738	0	2	20174	3	0	next	false_alarm	599
33307.92	345	Response	1	8277757	10019	1
33307.92	346	Picture	FB_cor	8292914	0	1	500	2	0	next	other	0
33307.92	347	Picture	93_T2_Picture_119a_Art:_new_cor_taste:_3	8293414	0	1	20174	2	0	next	false_alarm	602
33307.92	347	Response	3	8304741	11327	2
33307.92	348	Picture	FB_cor	8318589	0	2	501	3	0	next	other	0
33307.92	349	Picture	94_T2_Picture_162b_Art:_sim_cor_taste:_2	8319090	0	1	20173	3	0	next	false_alarm	605
33307.92	349	Response	3	8327729	8639	1
33307.92	350	Picture	FB_inco	8344265	0	1	500	2	0	next	other	0
33307.92	351	Picture	95_T2_Picture_062a_Art:_sim_cor_taste:_2	8344765	0	1	20174	2	0	next	false_alarm	608
33307.92	351	Response	1	8357705	12940	1
33307.92	352	Picture	FB_inco	8369941	0	1	500	2	0	next	other	0
33307.92	353	Picture	96_T2_Picture_079b_Art:_new_cor_taste:_3	8370441	0	1	20174	2	0	next	false_alarm	611
33307.92	353	Response	3	8383747	13306	1
33307.92	354	Picture	FB_cor	8395616	0	2	501	3	0	next	other	0
33307.92	355	Picture	97_T2_Picture_151a_Art:_new_cor_taste:_3	8396117	0	1	20173	3	0	next	false_alarm	614
33307.92	355	Response	3	8407017	10900	1
33307.92	356	Picture	FB_cor	8421292	0	1	500	3	0	next	other	0
33307.92	357	Picture	98_T2_Picture_074a_Art:_sim_cor_taste:_2	8421792	0	2	20174	3	0	next	false_alarm	617
33307.92	357	Response	2	8434210	12418	1
33307.92	358	Picture	FB_cor	8446968	0	1	500	2	0	next	other	0
33307.92	359	Picture	99_T2_Picture_126a_Art:_sim_cor_taste:_2	8447468	0	1	20174	2	0	next	false_alarm	620
33307.92	359	Response	1	8460046	12578	2
33307.92	360	Picture	FB_inco	8472644	0	1	500	2	0	next	other	0
33307.92	361	Picture	100_T2_Picture_030a_Art:_old_cor_taste:_1	8473144	0	1	20173	3	0	next	false_alarm	623
33307.92	361	Response	1	8483894	10750	1
33307.92	362	Picture	FB_cor	8498319	0	2	500	4	0	next	other	0
33307.92	363	Picture	101_T2_Picture_138b_Art:_new_cor_taste:_3	8498819	0	2	20174	3	0	next	false_alarm	626
33307.92	363	Response	1	8514835	16016	2
33307.92	364	Picture	FB_inco	8523995	0	1	500	2	0	next	other	0
33307.92	365	Picture	102_T2_Picture_169a_Art:_sim_cor_taste:_2	8524495	0	1	20174	2	0	next	false_alarm	629
33307.92	365	Response	1	8535231	10736	1
33307.92	366	Picture	FB_inco	8549671	0	1	500	2	0	next	other	0
33307.92	367	Picture	103_T2_Picture_096a_Art:_sim_cor_taste:_2	8550171	0	1	20173	3	0	next	false_alarm	632
33307.92	367	Response	1	8564653	14482	1
33307.92	368	Picture	FB_inco	8575346	0	1	500	3	0	next	other	0
33307.92	369	Picture	104_T2_Picture_036b_Art:_old_cor_taste:_1	8575846	0	2	20174	3	0	next	false_alarm	635
33307.92	369	Response	2	8589632	13786	1
33307.92	370	Picture	FB_inco	8601022	0	1	500	2	0	next	other	0
33307.92	371	Picture	105_T2_Picture_091b_Art:_sim_cor_taste:_2	8601522	0	1	20174	2	0	next	false_alarm	638
33307.92	371	Response	2	8616738	15216	1
33307.92	372	Picture	FB_cor	8626698	0	1	500	2	0	next	other	0
33307.92	373	Picture	106_T2_Picture_076b_Art:_new_cor_taste:_3	8627198	0	1	20173	3	0	next	false_alarm	641
33307.92	373	Response	3	8638701	11503	1
33307.92	374	Picture	FB_cor	8652373	0	2	501	3	0	next	other	0
33307.92	375	Picture	107_T2_Picture_171b_Art:_new_cor_taste:_3	8652874	0	1	20173	3	0	next	false_alarm	644
33307.92	375	Response	3	8663495	10621	1
33307.92	376	Picture	FB_cor	8678049	0	1	500	2	0	next	other	0
33307.92	377	Picture	108_T2_Picture_035a_Art:_sim_cor_taste:_2	8678549	0	1	20174	2	0	next	false_alarm	647
33307.92	377	Response	3	8695970	17421	1
33307.92	378	Picture	FB_inco	8703725	0	1	500	2	0	next	other	0
33307.92	379	Picture	109_T2_Picture_067b_Art:_old_cor_taste:_1	8704225	0	1	20174	2	0	next	false_alarm	650
33307.92	379	Response	1	8716777	12552	2
33307.92	380	Picture	FB_cor	8729400	0	2	501	3	0	next	other	0
33307.92	381	Picture	110_T2_Picture_005b_Art:_new_cor_taste:_3	8729901	0	1	20173	3	0	next	false_alarm	653
33307.92	381	Response	3	8744444	14543	2
33307.92	382	Picture	FB_cor	8755076	0	1	500	3	0	next	other	0
33307.92	383	Picture	111_T2_Picture_025b_Art:_sim_cor_taste:_2	8755576	0	2	20174	3	0	next	false_alarm	656
33307.92	383	Response	2	8767819	12243	1
33307.92	384	Picture	FB_cor	8780752	0	1	500	2	0	next	other	0
33307.92	385	Picture	112_T2_Picture_014a_Art:_new_cor_taste:_3	8781252	0	1	20174	2	0	next	false_alarm	659
33307.92	385	Response	3	8794145	12893	1
33307.92	386	Picture	FB_cor	8806427	0	2	501	3	0	next	other	0
33307.92	387	Picture	113_T2_Picture_148b_Art:_sim_cor_taste:_2	8806928	0	1	20173	3	0	next	false_alarm	662
33307.92	387	Response	1	8822577	15649	1
33307.92	388	Picture	FB_inco	8832103	0	1	500	3	0	next	other	0
33307.92	389	Picture	114_T2_Picture_081b_Art:_new_cor_taste:_3	8832603	0	2	20174	3	0	next	false_alarm	665
33307.92	389	Response	3	8843161	10558	1
33307.92	390	Picture	FB_cor	8857779	0	1	500	2	0	next	other	0
33307.92	391	Picture	115_T2_Picture_147a_Art:_new_cor_taste:_3	8858279	0	1	20174	2	0	next	false_alarm	668
33307.92	391	Response	3	8869662	11383	1
33307.92	392	Picture	FB_cor	8883454	0	2	501	3	0	next	other	0
33307.92	393	Picture	116_T2_Picture_052b_Art:_old_cor_taste:_1	8883955	0	1	20173	3	0	next	false_alarm	671
33307.92	393	Response	3	8897756	13801	1
33307.92	394	Picture	FB_inco	8909130	0	1	500	3	0	next	other	0
33307.92	395	Picture	117_T2_Picture_094a_Art:_old_cor_taste:_1	8909630	0	2	20174	3	0	next	other	0
33307.92	396	Picture	FB_miss	8934806	0	1	500	2	0	next	other	0
33307.92	397	Picture	118_T2_Picture_018b_Art:_new_cor_taste:_3	8935306	0	1	20174	2	0	next	false_alarm	676
33307.92	397	Response	3	8946094	10788	2
33307.92	398	Picture	FB_cor	8960482	0	1	500	2	0	next	other	0
33307.92	399	Picture	119_T2_Picture_007a_Art:_new_cor_taste:_3	8960982	0	1	20173	3	0	next	false_alarm	679
33307.92	399	Response	3	8970140	9158	1
33307.92	400	Picture	FB_cor	8986157	0	1	500	3	0	next	other	0
33307.92	401	Picture	120_T2_Picture_038a_Art:_old_cor_taste:_1	8986657	0	2	20174	3	0	next	false_alarm	682
33307.92	401	Response	3	8999938	13281	2
33307.92	402	Picture	FB_inco	9011833	0	1	500	2	0	next	other	0
33307.92	403	Picture	121_T2_Picture_130a_Art:_new_cor_taste:_3	9012333	0	1	20174	2	0	next	false_alarm	685
33307.92	403	Response	3	9025306	12973	1
33307.92	404	Picture	FB_cor	9037509	0	1	500	2	0	next	other	0
33307.92	405	Picture	122_T2_Picture_117b_Art:_old_cor_taste:_1	9038009	0	1	20174	2	0	next	false_alarm	688
33307.92	405	Response	1	9049169	11160	1
33307.92	406	Picture	FB_cor	9063184	0	1	500	3	0	next	other	0
33307.92	407	Picture	123_T2_Picture_135a_Art:_sim_cor_taste:_2	9063684	0	2	20174	3	0	next	false_alarm	691
33307.92	407	Response	3	9081289	17605	1
33307.92	408	Picture	FB_inco	9088860	0	1	500	2	0	next	other	0
33307.92	409	Picture	124_T2_Picture_115b_Art:_new_cor_taste:_3	9089360	0	1	20174	2	0	next	false_alarm	694
33307.92	409	Response	3	9103044	13684	1
33307.92	410	Picture	FB_cor	9114536	0	1	500	2	0	next	other	0
33307.92	411	Picture	125_T2_Picture_020a_Art:_old_cor_taste:_1	9115036	0	1	20174	2	0	next	false_alarm	697
33307.92	411	Response	1	9126568	11532	1
33307.92	412	Picture	FB_cor	9140211	0	2	501	3	0	next	other	0
33307.92	413	Picture	126_T2_Picture_065a_Art:_sim_cor_taste:_2	9140712	0	1	20173	2	0	next	false_alarm	700
33307.92	413	Response	1	9149309	8597	1
33307.92	414	Picture	FB_inco	9165887	0	1	500	2	0	next	other	0
33307.92	415	Picture	127_T2_Picture_012a_Art:_old_cor_taste:_1	9166387	0	1	20174	2	0	next	false_alarm	703
33307.92	415	Response	2	9179972	13585	1
33307.92	416	Picture	FB_inco	9191563	0	1	500	2	0	next	other	0
33307.92	417	Picture	128_T2_Picture_051a_Art:_new_cor_taste:_3	9192063	0	1	20174	2	0	next	false_alarm	706
33307.92	417	Response	3	9202470	10407	1
33307.92	418	Picture	FB_cor	9217238	0	2	501	3	0	next	other	0
33307.92	419	Picture	129_T2_Picture_107b_Art:_sim_cor_taste:_2	9217739	0	1	20173	2	0	next	false_alarm	709
33307.92	419	Response	3	9227826	10087	1
33307.92	420	Picture	FB_inco	9242914	0	1	500	2	0	next	other	0
33307.92	421	Picture	130_T2_Picture_001b_Art:_sim_cor_taste:_2	9243414	0	1	20174	2	0	next	false_alarm	712
33307.92	421	Response	1	9254458	11044	2
33307.92	422	Picture	FB_inco	9268590	0	1	500	2	0	next	other	0
33307.92	423	Picture	131_T2_Picture_040b_Art:_sim_cor_taste:_2	9269090	0	1	20174	2	0	next	false_alarm	715
33307.92	423	Response	2	9282559	13469	1
33307.92	424	Picture	FB_cor	9294265	0	2	501	3	0	next	other	0
33307.92	425	Picture	132_T2_Picture_185b_Art:_new_cor_taste:_3	9294766	0	1	20173	3	0	next	false_alarm	718
33307.92	425	Response	3	9303939	9173	1
33307.92	426	Picture	FB_cor	9319941	0	1	500	2	0	next	other	0
33307.92	427	Picture	133_T2_Picture_131a_Art:_old_cor_taste:_1	9320441	0	1	20174	2	0	next	false_alarm	721
33307.92	427	Response	1	9332406	11965	1
33307.92	428	Picture	FB_cor	9345617	0	1	500	2	0	next	other	0
33307.92	429	Picture	134_T2_Picture_085b_Art:_old_cor_taste:_1	9346117	0	1	20174	2	0	next	false_alarm	724
33307.92	429	Response	1	9361297	15180	1
33307.92	430	Picture	FB_cor	9371292	0	2	501	3	0	next	other	0
33307.92	431	Picture	135_T2_Picture_080a_Art:_sim_cor_taste:_2	9371793	0	1	20173	3	0	next	false_alarm	727
33307.92	431	Response	1	9387662	15869	1
33307.92	432	Picture	FB_inco	9396968	0	1	500	3	0	next	other	0
33307.92	433	Picture	136_T2_Picture_159a_Art:_new_cor_taste:_3	9397468	0	2	20174	3	0	next	false_alarm	730
33307.92	433	Response	3	9413918	16450	2
33307.92	434	Picture	FB_cor	9422644	0	1	500	2	0	next	other	0
33307.92	435	Picture	137_T2_Picture_139b_Art:_sim_cor_taste:_2	9423144	0	1	20174	2	0	next	false_alarm	733
33307.92	435	Response	3	9436645	13501	1
33307.92	436	Picture	FB_inco	9448319	0	2	501	3	0	next	other	0
33307.92	437	Picture	138_T2_Picture_122b_Art:_old_cor_taste:_1	9448820	0	1	20173	3	0	next	false_alarm	736
33307.92	437	Response	1	9464052	15232	1
33307.92	438	Picture	FB_cor	9473995	0	1	500	3	0	next	other	0
33307.92	439	Picture	139_T2_Picture_028a_Art:_new_cor_taste:_3	9474495	0	2	20174	3	0	next	false_alarm	739
33307.92	439	Response	3	9484286	9791	1
33307.92	440	Picture	FB_cor	9499671	0	1	500	2	0	next	other	0
33307.92	441	Picture	140_T2_Picture_058b_Art:_new_cor_taste:_3	9500171	0	1	20174	2	0	next	false_alarm	742
33307.92	441	Response	3	9513253	13082	1
33307.92	442	Picture	FB_cor	9525347	0	1	500	2	0	next	other	0
33307.92	443	Picture	141_T2_Picture_143b_Art:_new_cor_taste:_3	9525847	0	1	20173	3	0	next	false_alarm	745
33307.92	443	Response	3	9538399	12552	2
33307.92	444	Picture	FB_cor	9551022	0	1	500	3	0	next	other	0
33307.92	445	Picture	142_T2_Picture_098a_Art:_sim_cor_taste:_2	9551522	0	2	20174	3	0	next	false_alarm	748
33307.92	445	Response	1	9565972	14450	1
33307.92	446	Picture	FB_inco	9576698	0	1	500	2	0	next	other	0
33307.92	447	Picture	143_T2_Picture_021b_Art:_new_cor_taste:_3	9577198	0	1	20174	2	0	next	false_alarm	751
33307.92	447	Response	3	9588933	11735	1
33307.92	448	Picture	FB_cor	9602374	0	1	500	2	0	next	other	0
33307.92	449	Picture	144_T2_Picture_150b_Art:_old_cor_taste:_1	9602874	0	1	20173	3	0	next	false_alarm	754
33307.92	449	Response	1	9617014	14140	1
33307.92	450	Picture	FB_cor	9628049	0	2	500	4	0	next	other	0
33307.92	451	Picture	145_T2_Picture_104b_Art:_sim_cor_taste:_2	9628549	0	2	20174	3	0	next	false_alarm	757
33307.92	451	Response	1	9639459	10910	1
33307.92	452	Picture	FB_inco	9653725	0	1	500	2	0	next	other	0
33307.92	453	Picture	146_T2_Picture_078b_Art:_new_cor_taste:_3	9654225	0	1	20174	2	0	next	false_alarm	760
33307.92	453	Response	3	9671373	17148	1
33307.92	454	Picture	FB_cor	9679401	0	1	500	2	0	next	other	0
33307.92	455	Picture	147_T2_Picture_082a_Art:_sim_cor_taste:_2	9679901	0	1	20174	2	0	next	false_alarm	763
33307.92	455	Response	1	9690987	11086	1
33307.92	456	Picture	FB_inco	9705076	0	2	500	4	0	next	other	0
33307.92	457	Picture	148_T2_Picture_133b_Art:_new_cor_taste:_3	9705576	0	2	20174	3	0	next	false_alarm	766
33307.92	457	Response	3	9719138	13562	1
33307.92	458	Picture	FB_cor	9730752	0	1	500	2	0	next	other	0
33307.92	459	Picture	149_T2_Picture_114a_Art:_old_cor_taste:_1	9731252	0	1	20174	2	0	next	false_alarm	769
33307.92	459	Response	1	9743976	12724	2
33307.92	460	Picture	FB_cor	9756428	0	1	500	2	0	next	other	0
33307.92	461	Picture	150_T2_Picture_044a_Art:_old_cor_taste:_1	9756928	0	1	20174	2	0	next	false_alarm	772
33307.92	461	Response	1	9774507	17579	1
33307.92	462	Picture	FB_cor	9782103	0	2	501	3	0	next	other	0
33307.92	463	Picture	151_T2_Picture_187b_Art:_new_cor_taste:_3	9782604	0	1	20173	2	0	next	false_alarm	775
33307.92	463	Response	2	9796628	14024	1
33307.92	464	Picture	FB_inco	9807779	0	1	500	2	0	next	other	0
33307.92	465	Picture	152_T2_Picture_060a_Art:_sim_cor_taste:_2	9808279	0	1	20174	2	0	next	false_alarm	778
33307.92	465	Response	2	9824342	16063	2
33307.92	466	Picture	FB_cor	9833455	0	1	500	2	0	next	other	0
33307.92	467	Picture	153_T2_Picture_182a_Art:_old_cor_taste:_1	9833955	0	1	20174	2	0	next	false_alarm	781
33307.92	467	Response	1	9846928	12973	1
33307.92	468	Picture	FB_cor	9859130	0	2	501	3	0	next	other	0
33307.92	469	Picture	154_T2_Picture_116b_Art:_old_cor_taste:_1	9859631	0	1	20173	2	0	next	false_alarm	784
33307.92	469	Response	1	9876318	16687	1
33307.92	470	Picture	FB_cor	9884806	0	1	500	2	0	next	other	0
33307.92	471	Picture	155_T2_Picture_109a_Art:_sim_cor_taste:_2	9885306	0	1	20174	2	0	next	false_alarm	787
33307.92	471	Response	2	9906328	21022	1
33307.92	472	Picture	FB_cor	9910482	0	1	500	2	0	next	other	0
33307.92	473	Picture	156_T2_Picture_144a_Art:_old_cor_taste:_1	9910982	0	1	20174	2	0	next	false_alarm	790
33307.92	473	Response	2	9922787	11805	1
33307.92	474	Picture	FB_inco	9936157	0	2	501	3	0	next	other	0
33307.92	475	Picture	157_T2_Picture_110a_Art:_new_cor_taste:_3	9936658	0	1	20173	3	0	next	false_alarm	793
33307.92	475	Response	3	9945958	9300	2
33307.92	476	Picture	FB_cor	9961833	0	1	500	2	0	next	other	0
33307.92	477	Picture	158_T2_Picture_046a_Art:_old_cor_taste:_1	9962333	0	1	20174	2	0	next	false_alarm	796
33307.92	477	Response	1	9973222	10889	1
33307.92	478	Picture	FB_cor	9987509	0	1	500	2	0	next	other	0
33307.92	479	Picture	159_T2_Picture_024b_Art:_new_cor_taste:_3	9988009	0	1	20174	2	0	next	false_alarm	799
33307.92	479	Response	3	9998673	10664	1
33307.92	480	Picture	FB_cor	10013184	0	2	501	3	0	next	other	0
33307.92	481	Picture	160_T2_Picture_103b_Art:_new_cor_taste:_3	10013685	0	1	20173	3	0	next	false_alarm	802
33307.92	481	Response	3	10023103	9418	1
33307.92	482	Picture	FB_cor	10038860	0	1	500	3	0	next	other	0
33307.92	483	Picture	161_T2_Picture_071a_Art:_sim_cor_taste:_2	10039360	0	2	20174	3	0	next	false_alarm	805
33307.92	483	Response	1	10050167	10807	1
33307.92	484	Picture	FB_inco	10064536	0	1	500	2	0	next	other	0
33307.92	485	Picture	162_T2_Picture_047a_Art:_sim_cor_taste:_2	10065036	0	1	20174	2	0	next	false_alarm	808
33307.92	485	Response	1	10075205	10169	1
33307.92	486	Picture	FB_inco	10090212	0	1	500	2	0	next	other	0
33307.92	487	Picture	163_T2_Picture_128a_Art:_sim_cor_taste:_2	10090712	0	1	20173	3	0	next	false_alarm	811
33307.92	487	Response	3	10105197	14485	1
33307.92	488	Picture	FB_inco	10115887	0	1	500	3	0	next	other	0
33307.92	489	Picture	164_T2_Picture_149a_Art:_old_cor_taste:_1	10116387	0	2	20174	3	0	next	false_alarm	814
33307.92	489	Response	1	10126990	10603	1
33307.92	490	Picture	FB_cor	10141563	0	1	500	2	0	next	other	0
33307.92	491	Picture	165_T2_Picture_189b_Art:_old_cor_taste:_1	10142063	0	1	20174	2	0	next	false_alarm	817
33307.92	491	Response	1	10158638	16575	1
33307.92	492	Picture	FB_cor	10167239	0	1	500	2	0	next	other	0
33307.92	493	Picture	166_T2_Picture_043b_Art:_new_cor_taste:_3	10167739	0	1	20174	2	0	next	false_alarm	820
33307.92	493	Response	3	10179959	12220	1
33307.92	494	Picture	FB_cor	10192914	0	2	500	4	0	next	other	0
33307.92	495	Picture	167_T2_Picture_142b_Art:_sim_cor_taste:_2	10193414	0	2	20174	3	0	next	false_alarm	823
33307.92	495	Response	1	10205569	12155	1
33307.92	496	Picture	FB_inco	10218590	0	1	500	2	0	next	other	0
33307.92	497	Picture	168_T2_Picture_136b_Art:_sim_cor_taste:_2	10219090	0	1	20174	2	0	next	false_alarm	826
33307.92	497	Response	2	10236604	17514	1
33307.92	498	Picture	FB_cor	10244266	0	1	500	2	0	next	other	0
33307.92	499	Picture	169_T2_Picture_032a_Art:_sim_cor_taste:_2	10244766	0	1	20174	2	0	next	false_alarm	829
33307.92	499	Response	1	10265695	20929	1
33307.92	500	Picture	FB_inco	10269941	0	2	501	3	0	next	other	0
33307.92	501	Picture	170_T2_Picture_125b_Art:_old_cor_taste:_1	10270442	0	1	20173	2	0	next	false_alarm	832
33307.92	501	Response	2	10288040	17598	1
33307.92	502	Picture	FB_inco	10295617	0	1	500	2	0	next	other	0
33307.92	503	Picture	171_T2_Picture_174b_Art:_new_cor_taste:_3	10296117	0	1	20174	2	0	next	false_alarm	835
33307.92	503	Response	3	10307666	11549	1
33307.92	504	Picture	FB_cor	10321293	0	1	500	2	0	next	other	0
33307.92	505	Picture	172_T2_Picture_050a_Art:_old_cor_taste:_1	10321793	0	1	20174	2	0	next	false_alarm	838
33307.92	505	Response	1	10332575	10782	1
33307.92	506	Picture	FB_cor	10346968	0	2	501	3	0	next	other	0
33307.92	507	Picture	173_T2_Picture_093b_Art:_new_cor_taste:_3	10347469	0	1	20173	3	0	next	false_alarm	841
33307.92	507	Response	3	10357852	10383	1
33307.92	508	Picture	FB_cor	10372644	0	1	500	2	0	next	other	0
33307.92	509	Picture	174_T2_Picture_129a_Art:_old_cor_taste:_1	10373144	0	1	20174	2	0	next	false_alarm	844
33307.92	509	Response	1	10382294	9150	1
33307.92	510	Picture	FB_cor	10398320	0	1	500	2	0	next	other	0
33307.92	511	Picture	175_T2_Picture_069b_Art:_new_cor_taste:_3	10398820	0	1	20174	2	0	next	false_alarm	847
33307.92	511	Response	3	10408378	9558	1
33307.92	512	Picture	FB_cor	10423995	0	2	501	3	0	next	other	0
33307.92	513	Picture	176_T2_Picture_048b_Art:_old_cor_taste:_1	10424496	0	1	20173	3	0	next	false_alarm	850
33307.92	513	Response	1	10436103	11607	1
33307.92	514	Picture	FB_cor	10449671	0	1	500	3	0	next	other	0
33307.92	515	Picture	177_T2_Picture_026b_Art:_old_cor_taste:_1	10450171	0	2	20174	3	0	next	false_alarm	853
33307.92	515	Response	1	10463919	13748	1
33307.92	516	Picture	FB_cor	10475347	0	1	500	2	0	next	other	0
33307.92	517	Picture	178_T2_Picture_163b_Art:_sim_cor_taste:_2	10475847	0	1	20174	2	0	next	false_alarm	856
33307.92	517	Response	3	10484725	8878	1
33307.92	518	Picture	FB_inco	10501022	0	2	501	3	0	next	other	0
33307.92	519	Picture	179_T2_Picture_090a_Art:_old_cor_taste:_1	10501523	0	1	20173	3	0	next	false_alarm	859
33307.92	519	Response	1	10518234	16711	1
33307.92	520	Picture	FB_cor	10526698	0	1	500	3	0	next	other	0
33307.92	521	Picture	180_T2_Picture_112a_Art:_new_cor_taste:_3	10527198	0	2	20174	3	0	next	other	0
33307.92	522	Picture	FB_miss	10552374	0	1	500	2	0	next	other	0
33307.92	523	Picture	181_T2_Picture_183a_Art:_sim_cor_taste:_2	10552874	0	1	20174	2	0	next	false_alarm	864
33307.92	523	Response	1	10561369	8495	2
33307.92	524	Picture	FB_inco	10578049	0	2	501	3	0	next	other	0
33307.92	525	Picture	182_T2_Picture_124a_Art:_new_cor_taste:_3	10578550	0	1	20173	3	0	next	false_alarm	867
33307.92	525	Response	3	10586992	8442	2
33307.92	526	Picture	FB_cor	10603725	0	1	500	3	0	next	other	0
33307.92	527	Picture	183_T2_Picture_176a_Art:_old_cor_taste:_1	10604225	0	2	20174	3	0	next	false_alarm	870
33307.92	527	Response	1	10613163	8938	2
33307.92	528	Picture	FB_cor	10629401	0	1	500	2	0	next	other	0
33307.92	529	Picture	184_T2_Picture_141b_Art:_sim_cor_taste:_2	10629901	0	1	20174	2	0	next	false_alarm	873
33307.92	529	Response	3	10646454	16553	1
33307.92	529	Response	2	10648219	18318	1
33307.92	529	Response	2	10651428	21527	1
33307.92	530	Picture	FB_inco	10655077	0	1	500	2	0	next	other	0
33307.92	531	Picture	185_T2_Picture_190a_Art:_old_cor_taste:_1	10655577	0	1	20173	3	0	next	false_alarm	878
33307.92	531	Response	3	10670713	15136	1
33307.92	532	Picture	FB_inco	10680752	0	1	500	3	0	next	other	0
33307.92	533	Picture	186_T2_Picture_087b_Art:_old_cor_taste:_1	10681252	0	2	20174	3	0	next	false_alarm	881
33307.92	533	Response	1	10693875	12623	2
33307.92	534	Picture	FB_cor	10706428	0	1	500	2	0	next	other	0
33307.92	535	Picture	187_T2_Picture_137b_Art:_old_cor_taste:_1	10706928	0	1	20174	2	0	next	false_alarm	884
33307.92	535	Response	1	10718502	11574	1
33307.92	536	Picture	FB_cor	10732104	0	1	500	2	0	next	other	0
33307.92	537	Picture	188_T2_Picture_088a_Art:_sim_cor_taste:_2	10732604	0	1	20173	3	0	next	false_alarm	887
33307.92	537	Response	2	10750074	17470	1
33307.92	538	Picture	FB_cor	10757779	0	1	500	3	0	next	other	0
33307.92	539	Picture	189_T2_Picture_045b_Art:_new_cor_taste:_3	10758279	0	2	20174	3	0	next	false_alarm	890
33307.92	539	Response	3	10768635	10356	1
33307.92	540	Picture	FB_cor	10783455	0	1	500	2	0	next	other	0
33307.92	541	Picture	190_T2_Picture_003b_Art:_old_cor_taste:_1	10783955	0	1	20174	2	0	next	false_alarm	893
33307.92	541	Response	1	10794140	10185	1
33307.92	542	Picture	FB_cor	10809131	0	1	500	2	0	next	other	0
33307.92	543	Picture	191_T2_Picture_155a_Art:_sim_cor_taste:_2	10809631	0	1	20173	3	0	next	false_alarm	896
33307.92	543	Response	2	10825024	15393	1
33307.92	544	Picture	FB_cor	10834806	0	2	500	4	0	next	other	0
33307.92	545	Picture	192_T2_Picture_158b_Art:_new_cor_taste:_3	10835306	0	2	20174	4	0	next	false_alarm	899
33307.92	545	Response	3	10844921	9615	1
33307.92	546	Picture	FB_cor	10860482	0	1	500	2	0	next	other	0
33307.92	547	Picture	ENDE__cor:_68_Anz_cor:_132_Anz_inco:_58_Anz_miss:_2	10881156	0	1	36994	2	0	next	other	0
