Scenario - 
Logfile written - 10/24/2018 10:03:05

Subject	Trial	Event Type	Code	Time	TTime	Uncertainty	Duration	Uncertainty	ReqTime	ReqDur	Stim Type	Pair Index

33434.7f	1	Picture	Randonummer_3	499	0	2	501	3	0	next	other	0
33434.7f	2	Picture	Instr_T1_1	1000	0	1	159226	2	0	next	hit	3
33434.7f	2	Response	4	160210	159210	1
33434.7f	3	Picture	Instr_T1_2	165394	0	1	139719	2	0	next	hit	5
33434.7f	3	Response	4	305023	139629	1
33434.7f	4	Picture	Instr_T1_3	310281	0	2	246092	3	0	next	hit	7
33434.7f	4	Response	4	556309	246028	2
33434.7f	5	Picture	Instr_T1_4	556373	0	1	525696	2	0	next	hit	9
33434.7f	5	Response	4	1081998	525625	1
33434.7f	6	Picture	Instr_T1_18	1087238	0	1	86365	2	0	next	hit	11
33434.7f	6	Response	4	1173581	86343	2
33434.7f	7	Picture	1_T1_Picture_117a_Art:_a	1188942	0	1	20174	2	0	next	other	0
33434.7f	8	Picture	2_T1_Picture_159b_Art:_i	1214118	0	1	20174	2	0	next	other	0
33434.7f	8	Response	3	1231494	17376	1
33434.7f	9	Picture	3_T1_Picture_191b_Art:_a	1239294	0	1	20174	2	0	next	other	0
33434.7f	9	Response	1	1253174	13880	1
33434.7f	10	Picture	4_T1_Picture_124b_Art:_i	1264470	0	1	20174	2	0	next	other	0
33434.7f	10	Response	3	1270487	6017	1
33434.7f	11	Picture	5_T1_Picture_179b_Art:_i	1289646	0	1	20174	3	0	next	other	0
33434.7f	11	Response	3	1298630	8984	1
33434.7f	12	Picture	6_T1_Picture_060a_Art:_a	1314822	0	1	20174	3	0	next	other	0
33434.7f	12	Response	1	1322544	7722	1
33434.7f	13	Picture	7_T1_Picture_057a_Art:_b	1339998	0	2	20174	4	0	next	other	0
33434.7f	13	Response	3	1353007	13009	1
33434.7f	14	Picture	8_T1_Picture_190b_Art:_i	1365174	0	2	20174	4	0	next	other	0
33434.7f	14	Response	3	1374541	9367	1
33434.7f	15	Picture	9_T1_Picture_011a_Art:_i	1390350	0	1	20174	3	0	next	other	0
33434.7f	15	Response	3	1397903	7553	2
33434.7f	16	Picture	10_T1_Picture_111b_Art:_a	1415526	0	2	20175	3	0	next	other	0
33434.7f	16	Response	1	1424262	8736	1
33434.7f	17	Picture	11_T1_Picture_136a_Art:_a	1440702	0	2	20175	3	0	next	other	0
33434.7f	17	Response	1	1449992	9290	1
33434.7f	18	Picture	12_T1_Picture_081a_Art:_i	1465878	0	2	20175	3	0	next	other	0
33434.7f	18	Response	3	1474910	9032	1
33434.7f	19	Picture	13_T1_Picture_101a_Art:_i	1491055	0	1	20174	2	0	next	other	0
33434.7f	19	Response	3	1498092	7037	1
33434.7f	20	Picture	14_T1_Picture_116b_Art:_b	1516231	0	1	20174	2	0	next	other	0
33434.7f	20	Response	3	1527399	11168	1
33434.7f	21	Picture	15_T1_Picture_025b_Art:_a	1541407	0	1	20174	2	0	next	other	0
33434.7f	21	Response	1	1547970	6563	1
33434.7f	22	Picture	16_T1_Picture_066b_Art:_b	1566583	0	1	20174	2	0	next	other	0
33434.7f	22	Response	1	1583952	17369	1
33434.7f	23	Picture	17_T1_Picture_174a_Art:_i	1591759	0	1	20174	2	0	next	other	0
33434.7f	23	Response	3	1600130	8371	1
33434.7f	24	Picture	18_T1_Picture_115a_Art:_b	1616935	0	1	20174	2	0	next	other	0
33434.7f	24	Response	3	1638747	21812	1
33434.7f	25	Picture	19_T1_Picture_130b_Art:_b	1642111	0	1	20174	2	0	next	other	0
33434.7f	25	Response	1	1653721	11610	1
33434.7f	26	Picture	20_T1_Picture_029b_Art:_a	1667287	0	1	20174	2	0	next	other	0
33434.7f	26	Response	1	1686251	18964	1
33434.7f	27	Picture	21_T1_Picture_082b_Art:_i	1692463	0	1	20174	2	0	next	other	0
33434.7f	27	Response	3	1699344	6881	1
33434.7f	28	Picture	22_T1_Picture_162b_Art:_a	1717639	0	1	20174	2	0	next	other	0
33434.7f	28	Response	1	1733761	16122	1
33434.7f	29	Picture	23_T1_Picture_001a_Art:_b	1742815	0	1	20174	2	0	next	other	0
33434.7f	29	Response	1	1752400	9585	1
33434.7f	30	Picture	24_T1_Picture_128b_Art:_b	1767991	0	1	20174	2	0	next	other	0
33434.7f	30	Response	1	1780102	12111	1
33434.7f	31	Picture	25_T1_Picture_154b_Art:_i	1793167	0	1	20174	2	0	next	other	0
33434.7f	31	Response	3	1800675	7508	1
33434.7f	32	Picture	26_T1_Picture_138a_Art:_b	1818343	0	1	20174	2	0	next	other	0
33434.7f	32	Response	3	1830214	11871	1
33434.7f	33	Picture	27_T1_Picture_033a_Art:_i	1843519	0	1	20174	2	0	next	other	0
33434.7f	33	Response	3	1857485	13966	1
33434.7f	34	Picture	28_T1_Picture_122a_Art:_a	1868695	0	1	20174	2	0	next	other	0
33434.7f	34	Response	1	1880978	12283	2
33434.7f	35	Picture	29_T1_Picture_112b_Art:_i	1893871	0	1	20174	3	0	next	other	0
33434.7f	35	Response	3	1904317	10446	1
33434.7f	36	Picture	30_T1_Picture_008a_Art:_a	1919047	0	2	20174	4	0	next	other	0
33434.7f	36	Response	1	1933020	13973	1
33434.7f	37	Picture	31_T1_Picture_120b_Art:_b	1944223	0	1	20174	3	0	next	other	0
33434.7f	37	Response	1	1950787	6564	1
33434.7f	38	Picture	32_T1_Picture_054b_Art:_b	1969399	0	2	20174	4	0	next	other	0
33434.7f	38	Response	3	1976861	7462	1
33434.7f	39	Picture	33_T1_Picture_014b_Art:_i	1994575	0	2	20174	4	0	next	other	0
33434.7f	39	Response	3	2006284	11709	1
33434.7f	40	Picture	34_T1_Picture_004b_Art:_i	2019751	0	2	20175	3	0	next	other	0
33434.7f	40	Response	3	2029124	9373	1
33434.7f	41	Picture	35_T1_Picture_172b_Art:_a	2044927	0	2	20175	3	0	next	other	0
33434.7f	41	Response	1	2053973	9046	1
33434.7f	42	Picture	36_T1_Picture_123b_Art:_a	2070103	0	2	20175	3	0	next	other	0
33434.7f	42	Response	1	2081826	11723	1
33434.7f	43	Picture	37_T1_Picture_047a_Art:_b	2095280	0	1	20174	2	0	next	other	0
33434.7f	43	Response	3	2107696	12416	1
33434.7f	44	Picture	38_T1_Picture_003b_Art:_a	2120456	0	1	20174	2	0	next	other	0
33434.7f	44	Response	1	2131148	10692	2
33434.7f	45	Picture	39_T1_Picture_137a_Art:_b	2145632	0	1	20174	2	0	next	other	0
33434.7f	45	Response	1	2161443	15811	2
33434.7f	46	Picture	40_T1_Picture_091a_Art:_i	2170808	0	1	20174	2	0	next	other	0
33434.7f	46	Response	3	2181641	10833	1
33434.7f	47	Picture	41_T1_Picture_103a_Art:_b	2195984	0	1	20174	2	0	next	other	0
33434.7f	47	Response	3	2209906	13922	1
33434.7f	48	Picture	42_T1_Picture_142b_Art:_i	2221160	0	1	20174	2	0	next	other	0
33434.7f	48	Response	3	2231325	10165	1
33434.7f	48	Response	3	2243167	22007	2
33434.7f	49	Picture	43_T1_Picture_178b_Art:_i	2246336	0	1	20174	2	0	next	other	0
33434.7f	49	Response	3	2258551	12215	1
33434.7f	50	Picture	44_T1_Picture_131a_Art:_a	2271512	0	1	20174	2	0	next	other	0
33434.7f	50	Response	1	2280170	8658	2
33434.7f	51	Picture	45_T1_Picture_078b_Art:_i	2296688	0	1	20174	2	0	next	other	0
33434.7f	51	Response	3	2306424	9736	1
33434.7f	52	Picture	46_T1_Picture_005a_Art:_i	2321864	0	1	20174	2	0	next	other	0
33434.7f	52	Response	3	2329515	7651	1
33434.7f	53	Picture	47_T1_Picture_180b_Art:_a	2347040	0	1	20174	2	0	next	other	0
33434.7f	53	Response	1	2358702	11662	1
33434.7f	54	Picture	48_T1_Picture_113a_Art:_a	2372216	0	1	20174	2	0	next	other	0
33434.7f	54	Response	3	2386489	14273	1
33434.7f	55	Picture	49_T1_Picture_013a_Art:_i	2397392	0	1	20174	2	0	next	other	0
33434.7f	55	Response	3	2404104	6712	1
33434.7f	56	Picture	50_T1_Picture_083b_Art:_i	2422568	0	1	20174	2	0	next	other	0
33434.7f	56	Response	3	2428284	5716	1
33434.7f	57	Picture	51_T1_Picture_084b_Art:_a	2447744	0	1	20174	2	0	next	other	0
33434.7f	57	Response	1	2456961	9217	1
33434.7f	58	Picture	52_T1_Picture_108b_Art:_a	2472920	0	1	20174	2	0	next	other	0
33434.7f	58	Response	1	2491400	18480	1
33434.7f	59	Picture	53_T1_Picture_067a_Art:_i	2498096	0	1	20174	3	0	next	other	0
33434.7f	59	Response	3	2504999	6903	2
33434.7f	60	Picture	54_T1_Picture_030b_Art:_i	2523272	0	1	20174	3	0	next	other	0
33434.7f	60	Response	3	2531268	7996	1
33434.7f	61	Picture	55_T1_Picture_010a_Art:_a	2548448	0	1	20174	3	0	next	other	0
33434.7f	61	Response	3	2561039	12591	1
33434.7f	62	Picture	56_T1_Picture_186b_Art:_b	2573624	0	1	20174	3	0	next	other	0
33434.7f	62	Response	3	2595068	21444	2
33434.7f	63	Picture	57_T1_Picture_155b_Art:_a	2598800	0	1	20174	3	0	next	other	0
33434.7f	63	Response	3	2607898	9098	1
33434.7f	64	Picture	58_T1_Picture_185b_Art:_i	2623976	0	1	20174	3	0	next	other	0
33434.7f	64	Response	3	2632648	8672	1
33434.7f	65	Picture	59_T1_Picture_026a_Art:_i	2649152	0	2	20174	4	0	next	other	0
33434.7f	65	Response	3	2657920	8768	1
33434.7f	66	Picture	60_T1_Picture_182a_Art:_b	2674328	0	2	20175	3	0	next	other	0
33434.7f	66	Response	3	2688961	14633	1
33434.7f	67	Picture	61_T1_Picture_158a_Art:_b	2699504	0	2	20175	3	0	next	other	0
33434.7f	67	Response	3	2716422	16918	1
33434.7f	68	Picture	62_T1_Picture_018b_Art:_i	2724680	0	2	20175	3	0	next	other	0
33434.7f	68	Response	3	2734033	9353	1
33434.7f	69	Picture	63_T1_Picture_126b_Art:_b	2749857	0	1	20174	2	0	next	other	0
33434.7f	69	Response	1	2760316	10459	2
33434.7f	70	Picture	64_T1_Picture_184a_Art:_i	2775032	0	2	20175	3	0	next	other	0
33434.7f	70	Response	3	2783534	8502	1
33434.7f	71	Picture	65_T1_Picture_036a_Art:_a	2800209	0	1	20174	2	0	next	other	0
33434.7f	71	Response	1	2810138	9929	1
33434.7f	72	Picture	66_T1_Picture_094b_Art:_i	2825385	0	1	20174	2	0	next	other	0
33434.7f	72	Response	3	2833237	7852	1
33434.7f	73	Picture	67_T1_Picture_073b_Art:_a	2850561	0	1	20174	2	0	next	other	0
33434.7f	73	Response	1	2858386	7825	1
33434.7f	74	Picture	68_T1_Picture_156b_Art:_a	2875737	0	1	20174	2	0	next	other	0
33434.7f	74	Response	1	2887511	11774	1
33434.7f	75	Picture	69_T1_Picture_009a_Art:_b	2900913	0	1	20174	2	0	next	other	0
33434.7f	75	Response	1	2910113	9200	1
33434.7f	76	Picture	70_T1_Picture_031a_Art:_b	2926089	0	1	20174	2	0	next	other	0
33434.7f	76	Response	3	2935149	9060	1
33434.7f	77	Picture	71_T1_Picture_058a_Art:_i	2951265	0	1	20174	2	0	next	other	0
33434.7f	77	Response	3	2961731	10466	1
33434.7f	78	Picture	72_T1_Picture_169a_Art:_b	2976441	0	1	20174	2	0	next	other	0
33434.7f	78	Response	3	2991277	14836	1
33434.7f	79	Picture	73_T1_Picture_146b_Art:_i	3001617	0	1	20174	2	0	next	other	0
33434.7f	79	Response	3	3008711	7094	1
33434.7f	80	Picture	74_T1_Picture_040b_Art:_a	3026793	0	1	20174	2	0	next	other	0
33434.7f	80	Response	1	3034259	7466	1
33434.7f	81	Picture	75_T1_Picture_134a_Art:_a	3051969	0	1	20174	2	0	next	other	0
33434.7f	81	Response	1	3059759	7790	1
33434.7f	82	Picture	76_T1_Picture_110b_Art:_b	3077145	0	1	20174	2	0	next	other	0
33434.7f	82	Response	1	3090177	13032	1
33434.7f	83	Picture	77_T1_Picture_173b_Art:_a	3102321	0	1	20174	2	0	next	other	0
33434.7f	83	Response	1	3113035	10714	1
33434.7f	84	Picture	78_T1_Picture_102a_Art:_b	3127497	0	1	20174	3	0	next	other	0
33434.7f	84	Response	1	3139347	11850	1
33434.7f	85	Picture	79_T1_Picture_020b_Art:_a	3152673	0	1	20174	3	0	next	other	0
33434.7f	85	Response	1	3165004	12331	2
33434.7f	86	Picture	80_T1_Picture_098a_Art:_i	3177849	0	1	20174	3	0	next	other	0
33434.7f	86	Response	1	3189242	11393	1
33434.7f	87	Picture	81_T1_Picture_072b_Art:_b	3203025	0	1	20174	3	0	next	other	0
33434.7f	87	Response	1	3210322	7297	1
33434.7f	88	Picture	82_T1_Picture_089a_Art:_i	3228201	0	1	20174	3	0	next	other	0
33434.7f	88	Response	3	3236609	8408	1
33434.7f	89	Picture	83_T1_Picture_007b_Art:_i	3253377	0	2	20174	4	0	next	other	0
33434.7f	89	Response	3	3272196	18819	1
33434.7f	90	Picture	84_T1_Picture_075a_Art:_a	3278553	0	1	20174	3	0	next	other	0
33434.7f	90	Response	3	3286509	7956	1
33434.7f	91	Picture	85_T1_Picture_187a_Art:_i	3303729	0	2	20174	4	0	next	other	0
33434.7f	91	Response	3	3310865	7136	1
33434.7f	92	Picture	86_T1_Picture_080b_Art:_b	3328905	0	2	20175	3	0	next	other	0
33434.7f	92	Response	1	3340796	11891	1
33434.7f	93	Picture	87_T1_Picture_092a_Art:_a	3354081	0	2	20175	3	0	next	other	0
33434.7f	93	Response	1	3363995	9914	1
33434.7f	94	Picture	88_T1_Picture_170b_Art:_b	3379257	0	2	20175	3	0	next	other	0
33434.7f	94	Response	3	3390647	11390	1
33434.7f	95	Picture	89_T1_Picture_175b_Art:_i	3404433	0	2	20175	3	0	next	other	0
33434.7f	95	Response	3	3413782	9349	1
33434.7f	96	Picture	90_T1_Picture_012b_Art:_i	3429610	0	1	20174	2	0	next	other	0
33434.7f	96	Response	3	3437757	8147	1
33434.7f	97	Picture	91_T1_Picture_144b_Art:_b	3454785	0	2	20175	3	0	next	other	0
33434.7f	97	Response	3	3471505	16720	1
33434.7f	98	Picture	92_T1_Picture_157a_Art:_i	3479962	0	1	20174	2	0	next	other	0
33434.7f	98	Response	3	3486267	6305	1
33434.7f	99	Picture	93_T1_Picture_168a_Art:_i	3505138	0	1	20174	2	0	next	other	0
33434.7f	99	Response	3	3512326	7188	1
33434.7f	100	Picture	94_T1_Picture_118a_Art:_a	3530314	0	1	20174	2	0	next	other	0
33434.7f	100	Response	1	3536604	6290	1
33434.7f	101	Picture	95_T1_Picture_129b_Art:_a	3555490	0	1	20174	2	0	next	other	0
33434.7f	101	Response	1	3562647	7157	1
33434.7f	102	Picture	96_T1_Picture_106a_Art:_i	3580666	0	1	20174	2	0	next	other	0
33434.7f	102	Response	3	3588872	8206	1
33434.7f	103	Picture	97_T1_Picture_096b_Art:_a	3605842	0	1	20174	2	0	next	other	0
33434.7f	103	Response	1	3624913	19071	1
33434.7f	104	Picture	98_T1_Picture_127b_Art:_b	3631018	0	1	20174	2	0	next	other	0
33434.7f	104	Response	3	3638688	7670	1
33434.7f	105	Picture	99_T1_Picture_192a_Art:_b	3656194	0	1	20174	2	0	next	other	0
33434.7f	105	Response	1	3665811	9617	2
33434.7f	106	Picture	100_T1_Picture_183a_Art:_a	3681370	0	1	20174	2	0	next	other	0
33434.7f	106	Response	1	3694968	13598	1
33434.7f	107	Picture	101_T1_Picture_100b_Art:_i	3706546	0	1	20174	2	0	next	other	0
33434.7f	107	Response	3	3714641	8095	1
33434.7f	108	Picture	102_T1_Picture_062a_Art:_b	3731722	0	1	20174	2	0	next	other	0
33434.7f	108	Response	3	3742771	11049	2
33434.7f	109	Picture	103_T1_Picture_109a_Art:_a	3756898	0	1	20174	2	0	next	other	0
33434.7f	109	Response	1	3767034	10136	1
33434.7f	110	Picture	104_T1_Picture_048a_Art:_i	3782074	0	1	20174	3	0	next	other	0
33434.7f	110	Response	3	3790417	8343	1
33434.7f	111	Picture	105_T1_Picture_039b_Art:_a	3807250	0	1	20174	2	0	next	other	0
33434.7f	111	Response	1	3816464	9214	1
33434.7f	112	Picture	106_T1_Picture_022b_Art:_a	3832426	0	1	20174	2	0	next	other	0
33434.7f	112	Response	1	3839036	6610	2
33434.7f	113	Picture	107_T1_Picture_002b_Art:_b	3857602	0	1	20174	3	0	next	other	0
33434.7f	113	Response	1	3865081	7479	1
33434.7f	114	Picture	108_T1_Picture_016a_Art:_b	3882778	0	1	20174	3	0	next	other	0
33434.7f	114	Response	3	3890484	7706	2
33434.7f	115	Picture	109_T1_Picture_149b_Art:_i	3907954	0	1	20174	3	0	next	other	0
33434.7f	115	Response	3	3914853	6899	1
33434.7f	116	Picture	110_T1_Picture_059b_Art:_b	3933130	0	2	20174	4	0	next	other	0
33434.7f	116	Response	1	3945177	12047	1
33434.7f	117	Picture	111_T1_Picture_141b_Art:_b	3958306	0	2	20175	3	0	next	other	0
33434.7f	117	Response	3	3968837	10531	1
33434.7f	118	Picture	112_T1_Picture_151b_Art:_a	3983482	0	2	20175	3	0	next	other	0
33434.7f	118	Response	1	3989536	6054	2
33434.7f	119	Picture	113_T1_Picture_079a_Art:_a	4008658	0	2	20175	3	0	next	other	0
33434.7f	119	Response	1	4019847	11189	1
33434.7f	120	Picture	114_T1_Picture_024b_Art:_b	4033834	0	2	20175	3	0	next	other	0
33434.7f	120	Response	3	4040782	6948	1
33434.7f	121	Picture	115_T1_Picture_050b_Art:_a	4059010	0	2	20175	3	0	next	other	0
33434.7f	121	Response	3	4075124	16114	1
33434.7f	122	Picture	116_T1_Picture_085b_Art:_a	4084187	0	1	20174	2	0	next	other	0
33434.7f	122	Response	1	4100440	16253	2
33434.7f	123	Picture	117_T1_Picture_042b_Art:_b	4109362	0	2	20175	3	0	next	other	0
33434.7f	123	Response	3	4123171	13809	1
33434.7f	124	Picture	118_T1_Picture_150a_Art:_a	4134539	0	1	20174	2	0	next	other	0
33434.7f	124	Response	1	4142300	7761	1
33434.7f	125	Picture	119_T1_Picture_053a_Art:_i	4159715	0	1	20174	2	0	next	other	0
33434.7f	125	Response	3	4170114	10399	2
33434.7f	126	Picture	120_T1_Picture_064b_Art:_i	4184891	0	1	20174	2	0	next	other	0
33434.7f	126	Response	3	4198530	13639	1
33434.7f	127	Picture	121_T1_Picture_163a_Art:_b	4210067	0	1	20174	2	0	next	other	0
33434.7f	127	Response	1	4217828	7761	1
33434.7f	128	Picture	122_T1_Picture_176b_Art:_a	4235243	0	1	20174	2	0	next	other	0
33434.7f	128	Response	1	4244141	8898	1
33434.7f	129	Picture	123_T1_Picture_188a_Art:_i	4260419	0	1	20174	2	0	next	other	0
33434.7f	129	Response	3	4269980	9561	1
33434.7f	130	Picture	124_T1_Picture_104a_Art:_b	4285595	0	1	20174	2	0	next	other	0
33434.7f	130	Response	1	4295441	9846	1
33434.7f	131	Picture	125_T1_Picture_167a_Art:_a	4310771	0	1	20174	2	0	next	other	0
33434.7f	131	Response	1	4325376	14605	1
33434.7f	132	Picture	126_T1_Picture_090a_Art:_a	4335947	0	1	20174	2	0	next	other	0
33434.7f	132	Response	1	4342660	6713	1
33434.7f	133	Picture	127_T1_Picture_046b_Art:_b	4361123	0	1	20174	2	0	next	other	0
33434.7f	133	Response	1	4373291	12168	1
33434.7f	134	Picture	128_T1_Picture_135b_Art:_a	4386299	0	1	20174	2	0	next	other	0
33434.7f	134	Response	3	4405661	19362	1
33434.7f	135	Picture	Instr_T2_20	4431472	0	178	472853	179	0	next	hit	269
33434.7f	135	Response	4	4904295	472823	2
33434.7f	136	Picture	Instr_T2_21	4909494	0	1	201408	2	0	next	hit	271
33434.7f	136	Response	4	5110847	201353	1
33434.7f	137	Picture	Instr_T2_22	5116071	0	1	288774	2	0	next	hit	273
33434.7f	137	Response	4	5404733	288662	2
33434.7f	138	Picture	Instr_T2_23	5410013	0	2	61356	4	0	next	hit	275
33434.7f	138	Response	4	5471223	61210	1
33434.7f	139	Picture	Instr_T2_24	5476538	0	1	26010	2	0	next	hit	277
33434.7f	139	Response	4	5502500	25962	1
33434.7f	140	Picture	Instr_T2_25	5502548	0	1	14505	2	0	next	hit	279
33434.7f	140	Response	4	5516949	14401	2
33434.7f	141	Picture	Instr_T2_27	5522222	0	1	57188	2	0	next	hit	281
33434.7f	141	Response	4	5579284	57062	2
33434.7f	142	Picture	Instr_T2_28	5579410	0	1	11170	3	0	next	hit	283
33434.7f	142	Response	4	5590403	10993	1
33434.7f	143	Picture	Instr_T2_30	5595749	0	1	12671	3	0	next	hit	285
33434.7f	143	Response	4	5608349	12600	1
33434.7f	144	Picture	Instr_T2_31	5608420	0	2	9004	3	0	next	hit	287
33434.7f	144	Response	4	5617246	8826	1
33434.7f	145	Picture	Instr_T2_33	5622592	0	2	10004	3	0	next	hit	289
33434.7f	145	Response	4	5632520	9928	1
33434.7f	146	Picture	Instr_T2_34	5632596	0	1	12005	2	0	next	hit	291
33434.7f	146	Response	4	5644567	11971	1
33434.7f	147	Picture	Instr_T2_36	5649769	0	1	62690	2	0	next	hit	293
33434.7f	147	Response	4	5712415	62646	1
33434.7f	148	Picture	Instr_T2_38	5717628	0	1	511935	2	0	next	incorrect	295
33434.7f	148	Response	3	5741709	24081	1
33434.7f	148	Response	4	5770183	52555	1
33434.7f	148	Response	4	5775280	57652	1
33434.7f	148	Response	4	5824128	106500	1
33434.7f	148	Response	4	5866332	148704	1
33434.7f	148	Quit		6227742	510114
