Scenario - 
Logfile written - 03/04/2019 12:35:09

Subject	Trial	Event Type	Code	Time	TTime	Uncertainty	Duration	Uncertainty	ReqTime	ReqDur	Stim Type	Pair Index

33809.60	1	Picture	Randonummer_3	693	0	2	556	3	0	next	other	0
33809.60	2	Picture	Instr_T1_1	1249	0	1	106474	3	0	next	other	0
33809.60	2	Response	4	107598	106349	2
33809.60	3	Picture	Instr_T1_2	112860	0	1	150203	2	0	next	other	0
33809.60	3	Response	4	262946	150086	1
33809.60	4	Picture	Instr_T1_3	268199	0	1	185463	2	0	next	other	0
33809.60	4	Response	4	453554	185355	1
33809.60	5	Picture	Instr_T1_4	453662	0	1	36926	2	0	next	other	0
33809.60	5	Response	4	490536	36874	2
33809.60	6	Picture	Instr_T1_18	495725	0	1	231551	2	0	next	other	0
33809.60	6	Response	1	533049	37324	1
33809.60	6	Response	3	546953	51228	2
33809.60	6	Response	4	727219	231494	1
33809.60	7	Picture	1_T1_Picture_117a_Art:_a	742546	0	1	20129	2	0	next	other	0
33809.60	7	Response	1	756452	13906	1
33809.60	8	Picture	2_T1_Picture_159b_Art:_i	767672	0	2	20129	4	0	next	other	0
33809.60	8	Response	3	776373	8701	1
33809.60	9	Picture	3_T1_Picture_191b_Art:_a	792799	0	1	20129	2	0	next	other	0
33809.60	9	Response	1	799862	7063	1
33809.60	10	Picture	4_T1_Picture_124b_Art:_i	817925	0	1	20129	2	0	next	other	0
33809.60	10	Response	3	826150	8225	2
33809.60	11	Picture	5_T1_Picture_179b_Art:_i	843052	0	1	20128	3	0	next	other	0
33809.60	11	Response	3	851425	8373	1
33809.60	12	Picture	6_T1_Picture_060a_Art:_a	868178	0	1	20129	2	0	next	other	0
33809.60	12	Response	1	875556	7378	2
33809.60	13	Picture	7_T1_Picture_057a_Art:_b	893304	0	2	20129	3	0	next	other	0
33809.60	13	Response	3	904787	11483	1
33809.60	14	Picture	8_T1_Picture_190b_Art:_i	918431	0	1	20128	3	0	next	other	0
33809.60	14	Response	3	928685	10254	1
33809.60	15	Picture	9_T1_Picture_011a_Art:_i	943557	0	1	20129	2	0	next	other	0
33809.60	15	Response	3	952495	8938	1
33809.60	16	Picture	10_T1_Picture_111b_Art:_a	968683	0	2	20129	4	0	next	other	0
33809.60	16	Response	1	979619	10936	1
33809.60	17	Picture	11_T1_Picture_136a_Art:_a	993810	0	1	20129	2	0	next	other	0
33809.60	17	Response	1	1003670	9860	1
33809.60	18	Picture	12_T1_Picture_081a_Art:_i	1018936	0	1	20129	2	0	next	other	0
33809.60	18	Response	3	1027669	8733	1
33809.60	19	Picture	13_T1_Picture_101a_Art:_i	1044063	0	1	20128	3	0	next	other	0
33809.60	19	Response	3	1052755	8692	1
33809.60	20	Picture	14_T1_Picture_116b_Art:_b	1069189	0	1	20129	2	0	next	other	0
33809.60	20	Response	3	1079732	10543	1
33809.60	21	Picture	15_T1_Picture_025b_Art:_a	1094315	0	2	20129	3	0	next	other	0
33809.60	21	Response	1	1102151	7836	1
33809.60	22	Picture	16_T1_Picture_066b_Art:_b	1119442	0	1	20129	2	0	next	other	0
33809.60	22	Response	3	1132862	13420	1
33809.60	23	Picture	17_T1_Picture_174a_Art:_i	1144568	0	1	20129	2	0	next	other	0
33809.60	23	Response	3	1158936	14368	1
33809.60	24	Picture	18_T1_Picture_115a_Art:_b	1169694	0	2	20129	3	0	next	other	0
33809.60	24	Response	3	1178571	8877	1
33809.60	25	Picture	19_T1_Picture_130b_Art:_b	1194821	0	1	20129	2	0	next	other	0
33809.60	25	Response	1	1204880	10059	1
33809.60	26	Picture	20_T1_Picture_029b_Art:_a	1219947	0	1	20129	2	0	next	other	0
33809.60	26	Response	1	1235172	15225	1
33809.60	27	Picture	21_T1_Picture_082b_Art:_i	1245074	0	1	20128	3	0	next	other	0
33809.60	27	Response	3	1255342	10268	1
33809.60	28	Picture	22_T1_Picture_162b_Art:_a	1270200	0	1	20129	2	0	next	other	0
33809.60	28	Response	1	1288390	18190	1
33809.60	29	Picture	23_T1_Picture_001a_Art:_b	1295326	0	2	20129	3	0	next	other	0
33809.60	29	Response	3	1306305	10979	1
33809.60	30	Picture	24_T1_Picture_128b_Art:_b	1320453	0	1	20128	3	0	next	other	0
33809.60	30	Response	1	1335308	14855	1
33809.60	31	Picture	25_T1_Picture_154b_Art:_i	1345579	0	1	20129	2	0	next	other	0
33809.60	31	Response	3	1355363	9784	1
33809.60	32	Picture	26_T1_Picture_138a_Art:_b	1370705	0	2	20129	4	0	next	other	0
33809.60	32	Response	1	1380664	9959	1
33809.60	33	Picture	27_T1_Picture_033a_Art:_i	1395832	0	1	20129	2	0	next	other	0
33809.60	33	Response	3	1407987	12155	1
33809.60	34	Picture	28_T1_Picture_122a_Art:_a	1420958	0	1	20129	2	0	next	other	0
33809.60	34	Response	3	1436602	15644	1
33809.60	35	Picture	29_T1_Picture_112b_Art:_i	1446085	0	1	20128	3	0	next	other	0
33809.60	35	Response	3	1457068	10983	1
33809.60	36	Picture	30_T1_Picture_008a_Art:_a	1471211	0	1	20129	2	0	next	other	0
33809.60	36	Response	1	1480530	9319	2
33809.60	37	Picture	31_T1_Picture_120b_Art:_b	1496337	0	1	20129	2	0	next	other	0
33809.60	37	Response	3	1509435	13098	1
33809.60	38	Picture	32_T1_Picture_054b_Art:_b	1521464	0	1	20129	2	0	next	other	0
33809.60	38	Response	3	1538388	16924	1
33809.60	39	Picture	33_T1_Picture_014b_Art:_i	1546590	0	1	20129	2	0	next	other	0
33809.60	39	Response	3	1559473	12883	2
33809.60	40	Picture	34_T1_Picture_004b_Art:_i	1571716	0	2	20129	3	0	next	other	0
33809.60	40	Response	3	1583812	12096	2
33809.60	41	Picture	35_T1_Picture_172b_Art:_a	1596843	0	1	20129	2	0	next	other	0
33809.60	41	Response	1	1607376	10533	1
33809.60	42	Picture	36_T1_Picture_123b_Art:_a	1621969	0	1	20129	2	0	next	other	0
33809.60	42	Response	1	1632212	10243	1
33809.60	43	Picture	37_T1_Picture_047a_Art:_b	1647096	0	1	20128	3	0	next	other	0
33809.60	43	Response	3	1659344	12248	1
33809.60	44	Picture	38_T1_Picture_003b_Art:_a	1672222	0	1	20129	2	0	next	other	0
33809.60	44	Response	1	1689902	17680	2
33809.60	45	Picture	39_T1_Picture_137a_Art:_b	1697348	0	1	20129	2	0	next	other	0
33809.60	45	Response	3	1709043	11695	2
33809.60	46	Picture	40_T1_Picture_091a_Art:_i	1722475	0	1	20128	3	0	next	other	0
33809.60	46	Response	3	1733963	11488	1
33809.60	47	Picture	41_T1_Picture_103a_Art:_b	1747601	0	1	20129	2	0	next	other	0
33809.60	47	Response	3	1757044	9443	2
33809.60	48	Picture	42_T1_Picture_142b_Art:_i	1772727	0	2	20129	4	0	next	other	0
33809.60	48	Response	3	1785050	12323	1
33809.60	49	Picture	43_T1_Picture_178b_Art:_i	1797854	0	1	20129	2	0	next	other	0
33809.60	49	Response	3	1804885	7031	1
33809.60	50	Picture	44_T1_Picture_131a_Art:_a	1822980	0	1	20129	2	0	next	other	0
33809.60	50	Response	1	1835428	12448	1
33809.60	51	Picture	45_T1_Picture_078b_Art:_i	1848106	0	2	20129	4	0	next	other	0
33809.60	51	Response	3	1858973	10867	1
33809.60	52	Picture	46_T1_Picture_005a_Art:_i	1873233	0	1	20129	2	0	next	other	0
33809.60	52	Response	3	1884684	11451	2
33809.60	53	Picture	47_T1_Picture_180b_Art:_a	1898359	0	1	20129	2	0	next	other	0
33809.60	53	Response	1	1908751	10392	1
33809.60	54	Picture	48_T1_Picture_113a_Art:_a	1923486	0	1	20129	2	0	next	other	0
33809.60	54	Response	1	1945706	22220	1
33809.60	55	Picture	49_T1_Picture_013a_Art:_i	1948612	0	1	20129	2	0	next	other	0
33809.60	55	Response	3	1960171	11559	1
33809.60	56	Picture	50_T1_Picture_083b_Art:_i	1973738	0	2	20129	3	0	next	other	0
33809.60	56	Response	3	1981542	7804	1
33809.60	57	Picture	51_T1_Picture_084b_Art:_a	1998865	0	1	20129	2	0	next	other	0
33809.60	57	Response	1	2007049	8184	2
33809.60	58	Picture	52_T1_Picture_108b_Art:_a	2023991	0	1	20129	2	0	next	other	0
33809.60	58	Response	1	2039290	15299	1
33809.60	59	Picture	53_T1_Picture_067a_Art:_i	2049118	0	1	20128	3	0	next	other	0
33809.60	59	Response	3	2057630	8512	2
33809.60	60	Picture	54_T1_Picture_030b_Art:_i	2074244	0	1	20129	2	0	next	other	0
33809.60	60	Response	3	2086506	12262	2
33809.60	61	Picture	55_T1_Picture_010a_Art:_a	2099370	0	2	20129	3	0	next	other	0
33809.60	61	Response	3	2106609	7239	1
33809.60	62	Picture	56_T1_Picture_186b_Art:_b	2124497	0	1	20128	3	0	next	other	0
33809.60	62	Response	3	2138557	14060	1
33809.60	63	Picture	57_T1_Picture_155b_Art:_a	2149623	0	1	20129	2	0	next	other	0
33809.60	63	Response	3	2160481	10858	1
33809.60	64	Picture	58_T1_Picture_185b_Art:_i	2174749	0	2	20129	3	0	next	other	0
33809.60	64	Response	3	2182222	7473	1
33809.60	65	Picture	59_T1_Picture_026a_Art:_i	2199876	0	1	20129	2	0	next	other	0
33809.60	65	Response	3	2208165	8289	1
33809.60	66	Picture	60_T1_Picture_182a_Art:_b	2225002	0	1	20129	2	0	next	other	0
33809.60	66	Response	3	2234269	9267	1
33809.60	67	Picture	61_T1_Picture_158a_Art:_b	2250128	0	2	20129	4	0	next	other	0
33809.60	67	Response	3	2267514	17386	1
33809.60	68	Picture	62_T1_Picture_018b_Art:_i	2275255	0	1	20129	2	0	next	other	0
33809.60	68	Response	3	2283644	8389	1
33809.60	69	Picture	63_T1_Picture_126b_Art:_b	2300381	0	1	20129	2	0	next	other	0
33809.60	69	Response	1	2315942	15561	2
33809.60	70	Picture	64_T1_Picture_184a_Art:_i	2325508	0	1	20129	2	0	next	other	0
33809.60	70	Response	3	2336881	11373	1
33809.60	71	Picture	65_T1_Picture_036a_Art:_a	2350634	0	1	20129	2	0	next	other	0
33809.60	71	Response	1	2362305	11671	2
33809.60	72	Picture	66_T1_Picture_094b_Art:_i	2375760	0	2	20129	4	0	next	other	0
33809.60	72	Response	3	2384202	8442	1
33809.60	73	Picture	67_T1_Picture_073b_Art:_a	2400887	0	1	20129	2	0	next	other	0
33809.60	73	Response	1	2410114	9227	1
33809.60	74	Picture	68_T1_Picture_156b_Art:_a	2426013	0	1	20129	2	0	next	other	0
33809.60	74	Response	3	2434190	8177	1
33809.60	75	Picture	69_T1_Picture_009a_Art:_b	2451140	0	1	20128	3	0	next	other	0
33809.60	76	Picture	70_T1_Picture_031a_Art:_b	2476266	0	1	20129	2	0	next	other	0
33809.60	76	Response	3	2488877	12611	2
33809.60	77	Picture	71_T1_Picture_058a_Art:_i	2501392	0	1	20129	2	0	next	other	0
33809.60	77	Response	3	2511694	10302	1
33809.60	78	Picture	72_T1_Picture_169a_Art:_b	2526519	0	1	20129	2	0	next	other	0
33809.60	78	Response	3	2536006	9487	1
33809.60	79	Picture	73_T1_Picture_146b_Art:_i	2551645	0	1	20129	2	0	next	other	0
33809.60	79	Response	3	2564095	12450	1
33809.60	80	Picture	74_T1_Picture_040b_Art:_a	2576771	0	2	20129	4	0	next	other	0
33809.60	80	Response	1	2588591	11820	1
33809.60	81	Picture	75_T1_Picture_134a_Art:_a	2601898	0	1	20129	2	0	next	other	0
33809.60	81	Response	3	2610881	8983	1
33809.60	82	Picture	76_T1_Picture_110b_Art:_b	2627024	0	1	20129	2	0	next	other	0
33809.60	82	Response	3	2639144	12120	1
33809.60	83	Picture	77_T1_Picture_173b_Art:_a	2652150	0	2	20129	4	0	next	other	0
33809.60	83	Response	1	2660922	8772	1
33809.60	84	Picture	78_T1_Picture_102a_Art:_b	2677277	0	1	20129	2	0	next	other	0
33809.60	84	Response	1	2692585	15308	1
33809.60	85	Picture	79_T1_Picture_020b_Art:_a	2702403	0	2	20129	3	0	next	other	0
33809.60	85	Response	1	2712592	10189	1
33809.60	86	Picture	80_T1_Picture_098a_Art:_i	2727530	0	1	20128	3	0	next	other	0
33809.60	86	Response	3	2745393	17863	1
33809.60	87	Picture	81_T1_Picture_072b_Art:_b	2752656	0	1	20129	2	0	next	other	0
33809.60	87	Response	1	2766299	13643	1
33809.60	88	Picture	82_T1_Picture_089a_Art:_i	2777782	0	2	20129	3	0	next	other	0
33809.60	88	Response	3	2786886	9104	2
33809.60	89	Picture	83_T1_Picture_007b_Art:_i	2802909	0	1	20129	2	0	next	other	0
33809.60	89	Response	3	2815285	12376	1
33809.60	90	Picture	84_T1_Picture_075a_Art:_a	2828035	0	1	20129	2	0	next	other	0
33809.60	90	Response	3	2843408	15373	1
33809.60	91	Picture	85_T1_Picture_187a_Art:_i	2853161	0	2	20129	4	0	next	other	0
33809.60	91	Response	3	2865109	11948	1
33809.60	92	Picture	86_T1_Picture_080b_Art:_b	2878288	0	1	20129	2	0	next	other	0
33809.60	92	Response	3	2891755	13467	1
33809.60	93	Picture	87_T1_Picture_092a_Art:_a	2903414	0	1	20129	2	0	next	other	0
33809.60	93	Response	1	2915504	12090	1
33809.60	94	Picture	88_T1_Picture_170b_Art:_b	2928540	0	2	20129	4	0	next	other	0
33809.60	94	Response	3	2941542	13002	1
33809.60	95	Picture	89_T1_Picture_175b_Art:_i	2953667	0	1	20129	2	0	next	other	0
33809.60	95	Response	3	2963195	9528	1
33809.60	96	Picture	90_T1_Picture_012b_Art:_i	2978793	0	2	20129	4	0	next	other	0
33809.60	96	Response	3	2985877	7084	1
33809.60	97	Picture	91_T1_Picture_144b_Art:_b	3003920	0	1	20129	2	0	next	other	0
33809.60	97	Response	3	3014431	10511	1
33809.60	98	Picture	92_T1_Picture_157a_Art:_i	3029046	0	1	20129	2	0	next	other	0
33809.60	98	Response	3	3037209	8163	1
33809.60	99	Picture	93_T1_Picture_168a_Art:_i	3054172	0	2	20129	4	0	next	other	0
33809.60	99	Response	3	3061489	7317	1
33809.60	100	Picture	94_T1_Picture_118a_Art:_a	3079299	0	1	20129	2	0	next	other	0
33809.60	100	Response	1	3088898	9599	1
33809.60	101	Picture	95_T1_Picture_129b_Art:_a	3104425	0	1	20129	2	0	next	other	0
33809.60	101	Response	1	3115150	10725	1
33809.60	102	Picture	96_T1_Picture_106a_Art:_i	3129552	0	1	20128	3	0	next	other	0
33809.60	102	Response	3	3138200	8648	2
33809.60	103	Picture	97_T1_Picture_096b_Art:_a	3154678	0	1	20129	2	0	next	other	0
33809.60	103	Response	3	3172095	17417	1
33809.60	104	Picture	98_T1_Picture_127b_Art:_b	3179804	0	2	20129	3	0	next	other	0
33809.60	104	Response	3	3189184	9380	2
33809.60	105	Picture	99_T1_Picture_192a_Art:_b	3204931	0	1	20129	2	0	next	other	0
33809.60	105	Response	1	3212831	7900	1
33809.60	106	Picture	100_T1_Picture_183a_Art:_a	3230057	0	1	20129	2	0	next	other	0
33809.60	106	Response	3	3238037	7980	1
33809.60	107	Picture	101_T1_Picture_100b_Art:_i	3255183	0	2	20129	4	0	next	other	0
33809.60	107	Response	3	3265001	9818	1
33809.60	108	Picture	102_T1_Picture_062a_Art:_b	3280310	0	1	20129	2	0	next	other	0
33809.60	108	Response	3	3292780	12470	1
33809.60	109	Picture	103_T1_Picture_109a_Art:_a	3305436	0	1	20129	2	0	next	other	0
33809.60	109	Response	1	3321107	15671	1
33809.60	110	Picture	104_T1_Picture_048a_Art:_i	3330563	0	1	20128	3	0	next	other	0
33809.60	110	Response	3	3350379	19816	1
33809.60	111	Picture	105_T1_Picture_039b_Art:_a	3355689	0	1	20129	2	0	next	other	0
33809.60	111	Response	1	3363792	8103	1
33809.60	112	Picture	106_T1_Picture_022b_Art:_a	3380815	0	2	20129	3	0	next	other	0
33809.60	112	Response	1	3387625	6810	2
33809.60	113	Picture	107_T1_Picture_002b_Art:_b	3405942	0	1	20128	3	0	next	other	0
33809.60	113	Response	3	3413580	7638	1
33809.60	114	Picture	108_T1_Picture_016a_Art:_b	3431068	0	1	20129	2	0	next	other	0
33809.60	114	Response	3	3441157	10089	1
33809.60	115	Picture	109_T1_Picture_149b_Art:_i	3456195	0	1	20128	3	0	next	other	0
33809.60	115	Response	3	3464848	8653	1
33809.60	116	Picture	110_T1_Picture_059b_Art:_b	3481321	0	1	20129	2	0	next	other	0
33809.60	116	Response	3	3490188	8867	2
33809.60	117	Picture	111_T1_Picture_141b_Art:_b	3506447	0	1	20129	2	0	next	other	0
33809.60	117	Response	3	3513989	7542	1
33809.60	118	Picture	112_T1_Picture_151b_Art:_a	3531574	0	1	20128	3	0	next	other	0
33809.60	118	Response	1	3540526	8952	1
33809.60	119	Picture	113_T1_Picture_079a_Art:_a	3556700	0	1	20129	2	0	next	other	0
33809.60	119	Response	3	3567406	10706	1
33809.60	120	Picture	114_T1_Picture_024b_Art:_b	3581826	0	2	20129	3	0	next	other	0
33809.60	120	Response	3	3591826	10000	1
33809.60	121	Picture	115_T1_Picture_050b_Art:_a	3606953	0	1	20128	3	0	next	other	0
33809.60	121	Response	3	3622447	15494	1
33809.60	122	Picture	116_T1_Picture_085b_Art:_a	3632079	0	1	20129	2	0	next	other	0
33809.60	122	Response	1	3641917	9838	2
33809.60	123	Picture	117_T1_Picture_042b_Art:_b	3657205	0	2	20129	4	0	next	other	0
33809.60	123	Response	1	3674733	17528	1
33809.60	123	Response	3	3676647	19442	1
33809.60	124	Picture	118_T1_Picture_150a_Art:_a	3682332	0	1	20129	2	0	next	other	0
33809.60	124	Response	1	3697607	15275	2
33809.60	125	Picture	119_T1_Picture_053a_Art:_i	3707458	0	1	20129	2	0	next	other	0
33809.60	125	Response	3	3716180	8722	1
33809.60	126	Picture	120_T1_Picture_064b_Art:_i	3732585	0	1	20128	3	0	next	other	0
33809.60	126	Response	3	3744849	12264	1
33809.60	127	Picture	121_T1_Picture_163a_Art:_b	3757711	0	1	20129	2	0	next	other	0
33809.60	127	Response	1	3779133	21422	1
33809.60	128	Picture	122_T1_Picture_176b_Art:_a	3782837	0	2	20129	3	0	next	other	0
33809.60	128	Response	1	3792532	9695	1
33809.60	129	Picture	123_T1_Picture_188a_Art:_i	3807964	0	1	20128	3	0	next	other	0
33809.60	129	Response	3	3824664	16700	1
33809.60	130	Picture	124_T1_Picture_104a_Art:_b	3833090	0	1	20129	2	0	next	other	0
33809.60	130	Response	1	3845980	12890	1
33809.60	131	Picture	125_T1_Picture_167a_Art:_a	3858216	0	2	20129	4	0	next	other	0
33809.60	131	Response	3	3870720	12504	1
33809.60	132	Picture	126_T1_Picture_090a_Art:_a	3883343	0	1	20129	2	0	next	other	0
33809.60	132	Response	1	3891260	7917	1
33809.60	133	Picture	127_T1_Picture_046b_Art:_b	3908469	0	1	20129	2	0	next	other	0
33809.60	133	Response	3	3918175	9706	2
33809.60	134	Picture	128_T1_Picture_135b_Art:_a	3933595	0	2	20129	4	0	next	other	0
33809.60	134	Response	1	3952349	18754	2
33809.60	135	Picture	Instr_T2_20	3978851	0	1	146038	2	0	next	other	0
33809.60	135	Response	4	4124868	146017	2
33809.60	136	Picture	Instr_T2_21	4130025	0	2	242519	3	0	next	other	0
33809.60	136	Response	4	4372462	242437	2
33809.60	137	Picture	Instr_T2_22	4377680	0	1	15409	2	0	next	other	0
33809.60	137	Response	4	4393030	15350	2
33809.60	138	Picture	Instr_T2_23	4398225	0	1	18602	2	0	next	other	0
33809.60	138	Response	4	4416802	18577	2
33809.60	139	Picture	Instr_T2_24	4421963	0	2	34428	3	0	next	other	0
33809.60	139	Response	4	4456276	34313	2
33809.60	140	Picture	Instr_T2_25	4456391	0	1	83153	2	0	next	other	0
33809.60	140	Response	3	4491752	35361	1
33809.60	140	Response	4	4539450	83059	1
33809.60	141	Picture	Instr_T2_27	4544680	0	1	23044	2	0	next	other	0
33809.60	141	Response	4	4567684	23004	2
33809.60	142	Picture	Instr_T2_28	4567724	0	1	10134	2	0	next	other	0
33809.60	142	Response	4	4577790	10066	1
33809.60	143	Picture	Instr_T2_30	4582994	0	2	27764	3	0	next	other	0
33809.60	143	Response	4	4610670	27676	2
33809.60	144	Picture	Instr_T2_31	4610758	0	1	18047	2	0	next	other	0
33809.60	144	Response	4	4628731	17973	1
33809.60	145	Picture	Instr_T2_33	4633941	0	1	27348	2	0	next	other	0
33809.60	145	Response	4	4661207	27266	1
33809.60	146	Picture	Instr_T2_34	4661289	0	1	11938	2	0	next	other	0
33809.60	146	Response	4	4673128	11839	1
33809.60	147	Picture	Instr_T2_36	4678364	0	1	87037	9	0	next	other	0
33809.60	147	Response	4	4765299	86935	1
33809.60	148	Picture	Instr_T2_38	4770540	0	1	42327	154	0	next	other	0
33809.60	148	Response	1	4804029	33489	1
33809.60	148	Response	4	4812864	42324	2
33809.60	149	Picture	Instr_T2_39	4812867	0	153	9591	155	0	next	other	0
33809.60	149	Response	4	4822358	9491	2
33809.60	150	Picture	Instr_T2_41	4827595	0	1	21794	3	0	next	other	0
33809.60	150	Response	3	4844598	17003	1
33809.60	150	Response	4	4849339	21744	1
33809.60	151	Picture	Instr_T2_42	4849389	0	2	9163	3	0	next	other	0
33809.60	151	Response	4	4858523	9134	1
33809.60	152	Picture	Instr_T2_44	4863688	0	1	25543	2	0	next	other	0
33809.60	152	Response	2	4877587	13899	1
33809.60	152	Response	4	4889134	25446	2
33809.60	153	Picture	Instr_T2_45	4889231	0	1	4581	2	0	next	other	0
33809.60	153	Response	4	4893768	4537	2
33809.60	154	Picture	Instr_T2_46	4893812	0	1	25820	2	0	next	other	0
33809.60	154	Response	4	4919599	25787	1
33809.60	155	Picture	Instr_T2_48	4924769	0	1	18879	2	0	next	other	0
33809.60	155	Response	3	4938602	13833	1
33809.60	155	Response	4	4943588	18819	1
33809.60	156	Picture	Instr_T2_49	4943648	0	1	5830	3	0	next	other	0
33809.60	156	Response	4	4949454	5806	2
33809.60	157	Picture	Instr_T2_51	4954615	0	1	17352	2	0	next	other	0
33809.60	157	Response	1	4966653	12038	1
33809.60	157	Response	4	4971925	17310	1
33809.60	158	Picture	Instr_T2_52	4971967	0	1	7219	2	0	next	other	0
33809.60	158	Response	4	4979043	7076	2
33809.60	159	Picture	Instr_T2_54	4984322	0	1	19851	3	0	next	other	0
33809.60	159	Response	1	4997412	13090	1
33809.60	159	Response	4	5004126	19804	1
33809.60	160	Picture	Instr_T2_55	5004173	0	2	13743	4	0	next	other	0
33809.60	160	Response	4	5017863	13690	1
33809.60	161	Picture	Instr_T2_56	5017916	0	2	234745	3	0	next	other	0
33809.60	161	Response	4	5252626	234710	1
33809.60	162	Picture	Instr_T2_58	5257797	0	1	37481	3	0	next	other	0
33809.60	162	Response	4	5295249	37452	1
33809.60	163	Picture	1_T2_Picture_045a_Art:_new_cor_taste:_3	5305412	0	1	20129	2	0	next	false_alarm	334
33809.60	163	Response	3	5319300	13888	2
33809.60	164	Picture	FB_cor	5330539	0	1	555	2	0	next	other	0
33809.60	165	Picture	2_T2_Picture_181b_Art:_new_cor_taste:_3	5331094	0	1	20129	2	0	next	false_alarm	337
33809.60	165	Response	3	5340481	9387	1
33809.60	166	Picture	FB_cor	5356220	0	2	556	3	0	next	other	0
33809.60	167	Picture	3_T2_Picture_008b_Art:_sim_cor_taste:_2	5356776	0	1	20128	3	0	next	false_alarm	340
33809.60	167	Response	2	5379589	22813	1
33809.60	168	Picture	FB_cor	5381902	0	1	555	2	0	next	other	0
33809.60	169	Picture	4_T2_Picture_036a_Art:_old_cor_taste:_1	5382457	0	1	20129	2	0	next	false_alarm	343
33809.60	169	Response	3	5394662	12205	1
33809.60	170	Picture	FB_inco	5407584	0	1	555	2	0	next	other	0
33809.60	171	Picture	5_T2_Picture_115a_Art:_old_cor_taste:_1	5408139	0	1	20129	2	0	next	false_alarm	346
33809.60	171	Response	3	5418359	10220	1
33809.60	172	Picture	FB_inco	5433265	0	1	556	2	0	next	other	0
33809.60	173	Picture	6_T2_Picture_179b_Art:_old_cor_taste:_1	5433821	0	1	20128	3	0	next	false_alarm	349
33809.60	173	Response	1	5447436	13615	1
33809.60	174	Picture	FB_cor	5458947	0	1	555	2	0	next	other	0
33809.60	175	Picture	7_T2_Picture_061a_Art:_new_cor_taste:_3	5459502	0	1	20129	2	0	next	false_alarm	352
33809.60	175	Response	3	5469875	10373	1
33809.60	176	Picture	FB_cor	5484629	0	1	555	2	0	next	other	0
33809.60	177	Picture	8_T2_Picture_063b_Art:_new_cor_taste:_3	5485184	0	1	20129	2	0	next	false_alarm	355
33809.60	177	Response	3	5498715	13531	1
33809.60	178	Picture	FB_cor	5510310	0	1	555	3	0	next	other	0
33809.60	179	Picture	9_T2_Picture_091a_Art:_old_cor_taste:_1	5510865	0	2	20129	4	0	next	false_alarm	358
33809.60	179	Response	1	5524217	13352	2
33809.60	180	Picture	FB_cor	5535992	0	1	555	2	0	next	other	0
33809.60	181	Picture	10_T2_Picture_035a_Art:_new_cor_taste:_3	5536547	0	1	20129	2	0	next	false_alarm	361
33809.60	181	Response	3	5549405	12858	1
33809.60	182	Picture	FB_cor	5561673	0	2	556	3	0	next	other	0
33809.60	183	Picture	11_T2_Picture_101a_Art:_old_cor_taste:_1	5562229	0	1	20129	2	0	next	false_alarm	364
33809.60	183	Response	1	5574345	12116	1
33809.60	184	Picture	FB_cor	5587355	0	1	555	3	0	next	other	0
33809.60	185	Picture	12_T2_Picture_123b_Art:_old_cor_taste:_1	5587910	0	2	20129	4	0	next	false_alarm	367
33809.60	185	Response	1	5600039	12129	1
33809.60	186	Picture	FB_cor	5613037	0	1	555	2	0	next	other	0
33809.60	187	Picture	13_T2_Picture_090a_Art:_old_cor_taste:_1	5613592	0	1	20129	2	0	next	false_alarm	370
33809.60	187	Response	1	5623918	10326	1
33809.60	188	Picture	FB_cor	5638718	0	2	556	3	0	next	other	0
33809.60	189	Picture	14_T2_Picture_043a_Art:_new_cor_taste:_3	5639274	0	1	20129	2	0	next	false_alarm	373
33809.60	189	Response	2	5662534	23260	1
33809.60	190	Picture	FB_inco	5664400	0	1	555	3	0	next	other	0
33809.60	191	Picture	15_T2_Picture_039a_Art:_sim_cor_taste:_2	5664955	0	2	20129	3	0	next	false_alarm	376
33809.60	191	Response	1	5675656	10701	1
33809.60	192	Picture	FB_inco	5690082	0	1	555	2	0	next	other	0
33809.60	193	Picture	16_T2_Picture_145a_Art:_new_cor_taste:_3	5690637	0	1	20129	2	0	next	false_alarm	379
33809.60	193	Response	2	5712014	21377	1
33809.60	194	Picture	FB_inco	5715763	0	2	556	3	0	next	other	0
33809.60	195	Picture	17_T2_Picture_185b_Art:_old_cor_taste:_1	5716319	0	1	20129	2	0	next	false_alarm	382
33809.60	195	Response	1	5726779	10460	1
33809.60	196	Picture	FB_cor	5741445	0	1	555	3	0	next	other	0
33809.60	197	Picture	18_T2_Picture_009b_Art:_sim_cor_taste:_2	5742000	0	2	20129	3	0	next	false_alarm	385
33809.60	197	Response	1	5753445	11445	1
33809.60	198	Picture	FB_inco	5767127	0	1	555	2	0	next	other	0
33809.60	199	Picture	19_T2_Picture_153b_Art:_new_cor_taste:_3	5767682	0	1	20129	2	0	next	false_alarm	388
33809.60	199	Response	2	5784552	16870	1
33809.60	200	Picture	FB_inco	5792808	0	2	556	3	0	next	other	0
33809.60	201	Picture	20_T2_Picture_065a_Art:_new_cor_taste:_3	5793364	0	1	20129	2	0	next	false_alarm	391
33809.60	201	Response	3	5806483	13119	1
33809.60	202	Picture	FB_cor	5818490	0	1	555	3	0	next	other	0
33809.60	203	Picture	21_T2_Picture_052a_Art:_new_cor_taste:_3	5819045	0	2	20129	3	0	next	false_alarm	394
33809.60	203	Response	3	5831915	12870	2
33809.60	204	Picture	FB_cor	5844172	0	1	555	2	0	next	other	0
33809.60	205	Picture	22_T2_Picture_058b_Art:_sim_cor_taste:_2	5844727	0	1	20129	2	0	next	false_alarm	397
33809.60	205	Response	1	5856313	11586	1
33809.60	206	Picture	FB_inco	5869853	0	1	556	2	0	next	other	0
33809.60	207	Picture	23_T2_Picture_144a_Art:_sim_cor_taste:_2	5870409	0	1	20128	3	0	next	false_alarm	400
33809.60	207	Response	1	5885279	14870	1
33809.60	208	Picture	FB_inco	5895535	0	1	555	3	0	next	other	0
33809.60	209	Picture	24_T2_Picture_106a_Art:_old_cor_taste:_1	5896090	0	2	20129	3	0	next	false_alarm	403
33809.60	209	Response	1	5905873	9783	1
33809.60	210	Picture	FB_cor	5921217	0	1	555	2	0	next	other	0
33809.60	211	Picture	25_T2_Picture_171a_Art:_new_cor_taste:_3	5921772	0	1	20129	2	0	next	false_alarm	406
33809.60	211	Response	3	5936454	14682	2
33809.60	212	Picture	FB_cor	5946898	0	2	556	3	0	next	other	0
33809.60	213	Picture	26_T2_Picture_060b_Art:_sim_cor_taste:_2	5947454	0	1	20128	3	0	next	false_alarm	409
33809.60	213	Response	1	5966659	19205	1
33809.60	214	Picture	FB_inco	5972580	0	1	555	2	0	next	other	0
33809.60	215	Picture	27_T2_Picture_132a_Art:_new_cor_taste:_3	5973135	0	1	20129	2	0	next	false_alarm	412
33809.60	215	Response	3	5987885	14750	1
33809.60	216	Picture	FB_cor	5998262	0	1	555	2	0	next	other	0
33809.60	217	Picture	28_T2_Picture_076b_Art:_new_cor_taste:_3	5998817	0	1	20129	2	0	next	false_alarm	415
33809.60	217	Response	1	6009709	10892	2
33809.60	218	Picture	FB_inco	6023943	0	1	555	3	0	next	other	0
33809.60	219	Picture	29_T2_Picture_037a_Art:_new_cor_taste:_3	6024498	0	2	20129	4	0	next	false_alarm	418
33809.60	219	Response	3	6039703	15205	1
33809.60	220	Picture	FB_cor	6049625	0	1	555	2	0	next	other	0
33809.60	221	Picture	30_T2_Picture_062b_Art:_sim_cor_taste:_2	6050180	0	1	20129	2	0	next	false_alarm	421
33809.60	221	Response	1	6058456	8276	1
33809.60	222	Picture	FB_inco	6075307	0	1	555	2	0	next	other	0
33809.60	223	Picture	31_T2_Picture_079a_Art:_old_cor_taste:_1	6075862	0	1	20129	2	0	next	false_alarm	424
33809.60	223	Response	1	6086345	10483	1
33809.60	224	Picture	FB_cor	6100988	0	1	556	2	0	next	other	0
33809.60	225	Picture	32_T2_Picture_137b_Art:_sim_cor_taste:_2	6101544	0	1	20128	3	0	next	false_alarm	427
33809.60	225	Response	1	6123125	21581	1
33809.60	226	Picture	FB_inco	6126670	0	1	555	2	0	next	other	0
33809.60	227	Picture	33_T2_Picture_190b_Art:_old_cor_taste:_1	6127225	0	1	20129	2	0	next	false_alarm	430
33809.60	227	Response	1	6143246	16021	1
33809.60	228	Picture	FB_cor	6152352	0	1	555	2	0	next	other	0
33809.60	229	Picture	34_T2_Picture_066a_Art:_sim_cor_taste:_2	6152907	0	1	20129	2	0	next	false_alarm	433
33809.60	229	Response	2	6173534	20627	1
33809.60	230	Picture	FB_cor	6178033	0	1	555	3	0	next	other	0
33809.60	231	Picture	35_T2_Picture_042a_Art:_sim_cor_taste:_2	6178588	0	2	20129	4	0	next	false_alarm	436
33809.60	231	Response	1	6193538	14950	1
33809.60	232	Picture	FB_inco	6203715	0	1	555	2	0	next	other	0
33809.60	233	Picture	36_T2_Picture_175b_Art:_old_cor_taste:_1	6204270	0	1	20129	2	0	next	false_alarm	439
33809.60	233	Response	1	6214042	9772	1
33809.60	234	Picture	FB_cor	6229396	0	2	556	3	0	next	other	0
33809.60	235	Picture	37_T2_Picture_139b_Art:_new_cor_taste:_3	6229952	0	1	20129	2	0	next	false_alarm	442
33809.60	235	Response	2	6248541	18589	1
33809.60	236	Picture	FB_inco	6255078	0	1	555	3	0	next	other	0
33809.60	237	Picture	38_T2_Picture_013b_Art:_sim_cor_taste:_2	6255633	0	2	20129	3	0	next	false_alarm	445
33809.60	237	Response	1	6266306	10673	1
33809.60	238	Picture	FB_inco	6280760	0	1	555	2	0	next	other	0
33809.60	239	Picture	39_T2_Picture_054b_Art:_old_cor_taste:_1	6281315	0	1	20129	2	0	next	false_alarm	448
33809.60	239	Response	1	6292360	11045	1
33809.60	240	Picture	FB_cor	6306441	0	2	556	3	0	next	other	0
33809.60	241	Picture	40_T2_Picture_085a_Art:_sim_cor_taste:_2	6306997	0	1	20129	2	0	next	false_alarm	451
33809.60	241	Response	1	6316039	9042	1
33809.60	242	Picture	FB_inco	6332123	0	1	555	3	0	next	other	0
33809.60	243	Picture	41_T2_Picture_081b_Art:_sim_cor_taste:_2	6332678	0	2	20129	3	0	next	false_alarm	454
33809.60	243	Response	1	6343360	10682	1
33809.60	244	Picture	FB_inco	6357805	0	1	555	2	0	next	other	0
33809.60	245	Picture	42_T2_Picture_120b_Art:_old_cor_taste:_1	6358360	0	1	20129	2	0	next	false_alarm	457
33809.60	245	Response	1	6367436	9076	1
33809.60	246	Picture	FB_cor	6383486	0	2	556	3	0	next	other	0
33809.60	247	Picture	43_T2_Picture_183a_Art:_old_cor_taste:_1	6384042	0	1	20129	2	0	next	false_alarm	460
33809.60	247	Response	1	6392431	8389	1
33809.60	248	Picture	FB_cor	6409168	0	1	555	3	0	next	other	0
33809.60	249	Picture	44_T2_Picture_173b_Art:_old_cor_taste:_1	6409723	0	2	20129	3	0	next	false_alarm	463
33809.60	249	Response	1	6417444	7721	1
33809.60	250	Picture	FB_cor	6434850	0	1	555	2	0	next	other	0
33809.60	251	Picture	45_T2_Picture_032b_Art:_new_cor_taste:_3	6435405	0	1	20129	2	0	next	false_alarm	466
33809.60	251	Response	3	6449451	14046	1
33809.60	252	Picture	FB_cor	6460531	0	2	556	3	0	next	other	0
33809.60	253	Picture	46_T2_Picture_149b_Art:_old_cor_taste:_1	6461087	0	1	20128	3	0	next	false_alarm	469
33809.60	253	Response	1	6470501	9414	2
33809.60	254	Picture	FB_cor	6486213	0	1	555	3	0	next	other	0
33809.60	255	Picture	47_T2_Picture_142a_Art:_sim_cor_taste:_2	6486768	0	2	20129	3	0	next	false_alarm	472
33809.60	255	Response	1	6497547	10779	1
33809.60	256	Picture	FB_inco	6511895	0	1	555	2	0	next	other	0
33809.60	257	Picture	48_T2_Picture_023a_Art:_new_cor_taste:_3	6512450	0	1	20129	2	0	next	false_alarm	475
33809.60	257	Response	3	6528148	15698	1
33809.60	258	Picture	FB_cor	6537576	0	2	556	3	0	next	other	0
33809.60	259	Picture	49_T2_Picture_078a_Art:_sim_cor_taste:_2	6538132	0	1	20128	3	0	next	false_alarm	478
33809.60	259	Response	1	6553098	14966	1
33809.60	260	Picture	FB_inco	6563258	0	1	555	2	0	next	other	0
33809.60	261	Picture	50_T2_Picture_011b_Art:_sim_cor_taste:_2	6563813	0	1	20129	2	0	next	false_alarm	481
33809.60	261	Response	1	6573705	9892	1
33809.60	262	Picture	FB_inco	6588940	0	1	555	2	0	next	other	0
33809.60	263	Picture	51_T2_Picture_029b_Art:_old_cor_taste:_1	6589495	0	1	20129	2	0	next	false_alarm	484
33809.60	263	Response	1	6600283	10788	1
33809.60	264	Picture	FB_cor	6614621	0	2	556	3	0	next	other	0
33809.60	265	Picture	52_T2_Picture_129b_Art:_old_cor_taste:_1	6615177	0	1	20128	3	0	next	false_alarm	487
33809.60	265	Response	1	6622064	6887	1
33809.60	266	Picture	FB_cor	6640303	0	1	555	2	0	next	other	0
33809.60	267	Picture	53_T2_Picture_152b_Art:_new_cor_taste:_3	6640858	0	1	20129	2	0	next	false_alarm	490
33809.60	267	Response	3	6654780	13922	1
33809.60	268	Picture	FB_cor	6665985	0	1	555	2	0	next	other	0
33809.60	269	Picture	54_T2_Picture_140b_Art:_new_cor_taste:_3	6666540	0	1	20129	2	0	next	false_alarm	493
33809.60	269	Response	3	6683119	16579	1
33809.60	270	Picture	FB_cor	6691666	0	2	555	4	0	next	other	0
33809.60	271	Picture	55_T2_Picture_180a_Art:_sim_cor_taste:_2	6692221	0	2	20129	4	0	next	false_alarm	496
33809.60	271	Response	2	6709069	16848	1
33809.60	272	Picture	FB_cor	6717348	0	1	555	2	0	next	other	0
33809.60	273	Picture	56_T2_Picture_150b_Art:_sim_cor_taste:_2	6717903	0	1	20129	2	0	next	false_alarm	499
33809.60	273	Response	1	6731051	13148	1
33809.60	274	Picture	FB_inco	6743030	0	1	555	2	0	next	other	0
33809.60	275	Picture	57_T2_Picture_019b_Art:_new_cor_taste:_3	6743585	0	1	20129	2	0	next	false_alarm	502
33809.60	275	Response	3	6754484	10899	1
33809.60	276	Picture	FB_cor	6768711	0	1	556	2	0	next	other	0
33809.60	277	Picture	58_T2_Picture_102b_Art:_sim_cor_taste:_2	6769267	0	1	20128	3	0	next	false_alarm	505
33809.60	277	Response	1	6782614	13347	1
33809.60	278	Picture	FB_inco	6794393	0	1	555	2	0	next	other	0
33809.60	279	Picture	59_T2_Picture_146b_Art:_old_cor_taste:_1	6794948	0	1	20129	2	0	next	false_alarm	508
33809.60	279	Response	1	6804602	9654	1
33809.60	280	Picture	FB_cor	6820074	0	2	556	3	0	next	other	0
33809.60	281	Picture	60_T2_Picture_077b_Art:_new_cor_taste:_3	6820630	0	1	20129	2	0	next	false_alarm	511
33809.60	281	Response	3	6836646	16016	1
33809.60	282	Picture	FB_cor	6845756	0	1	555	3	0	next	other	0
33809.60	283	Picture	61_T2_Picture_119b_Art:_new_cor_taste:_3	6846311	0	2	20129	4	0	next	false_alarm	514
33809.60	283	Response	3	6861773	15462	1
33809.60	284	Picture	FB_cor	6871438	0	1	555	2	0	next	other	0
33809.60	285	Picture	62_T2_Picture_024b_Art:_old_cor_taste:_1	6871993	0	1	20129	2	0	next	false_alarm	517
33809.60	285	Response	1	6883286	11293	1
33809.60	286	Picture	FB_cor	6897119	0	2	556	3	0	next	other	0
33809.60	287	Picture	63_T2_Picture_130b_Art:_old_cor_taste:_1	6897675	0	1	20128	3	0	next	false_alarm	520
33809.60	287	Response	1	6906034	8359	1
33809.60	288	Picture	FB_cor	6922801	0	1	555	3	0	next	other	0
33809.60	289	Picture	64_T2_Picture_133a_Art:_new_cor_taste:_3	6923356	0	2	20129	3	0	next	false_alarm	523
33809.60	289	Response	3	6939496	16140	2
33809.60	290	Picture	FB_cor	6948483	0	1	555	2	0	next	other	0
33809.60	291	Picture	65_T2_Picture_098b_Art:_sim_cor_taste:_2	6949038	0	1	20129	2	0	next	false_alarm	526
33809.60	291	Response	2	6965112	16074	1
33809.60	292	Picture	FB_cor	6974164	0	2	556	3	0	next	other	0
33809.60	293	Picture	66_T2_Picture_122a_Art:_old_cor_taste:_1	6974720	0	1	20129	2	0	next	false_alarm	529
33809.60	293	Response	1	6985588	10868	1
33809.60	294	Picture	FB_cor	6999846	0	1	555	3	0	next	other	0
33809.60	295	Picture	67_T2_Picture_056a_Art:_new_cor_taste:_3	7000401	0	2	20129	3	0	next	false_alarm	532
33809.60	295	Response	3	7016560	16159	1
33809.60	296	Picture	FB_cor	7025528	0	1	555	2	0	next	other	0
33809.60	297	Picture	68_T2_Picture_165b_Art:_new_cor_taste:_3	7026083	0	1	20129	2	0	next	false_alarm	535
33809.60	297	Response	3	7039767	13684	1
33809.60	298	Picture	FB_cor	7051209	0	2	556	3	0	next	other	0
33809.60	299	Picture	69_T2_Picture_002a_Art:_sim_cor_taste:_2	7051765	0	1	20128	3	0	next	false_alarm	538
33809.60	299	Response	1	7062139	10374	1
33809.60	300	Picture	FB_inco	7076891	0	1	555	3	0	next	other	0
33809.60	301	Picture	70_T2_Picture_155b_Art:_old_cor_taste:_1	7077446	0	2	20129	3	0	next	false_alarm	541
33809.60	301	Response	1	7090658	13212	2
33809.60	302	Picture	FB_cor	7102573	0	1	555	2	0	next	other	0
33809.60	303	Picture	71_T2_Picture_022b_Art:_old_cor_taste:_1	7103128	0	1	20129	2	0	next	false_alarm	544
33809.60	303	Response	1	7111738	8610	1
33809.60	304	Picture	FB_cor	7128254	0	2	556	3	0	next	other	0
33809.60	305	Picture	72_T2_Picture_005b_Art:_sim_cor_taste:_2	7128810	0	1	20128	3	0	next	false_alarm	547
33809.60	305	Response	1	7143825	15015	1
33809.60	306	Picture	FB_inco	7153936	0	1	555	3	0	next	other	0
33809.60	307	Picture	73_T2_Picture_044b_Art:_new_cor_taste:_3	7154491	0	2	20129	3	0	next	false_alarm	550
33809.60	307	Response	1	7165232	10741	1
33809.60	308	Picture	FB_inco	7179618	0	1	555	2	0	next	other	0
33809.60	309	Picture	74_T2_Picture_046b_Art:_old_cor_taste:_1	7180173	0	1	20129	2	0	next	false_alarm	553
33809.60	309	Response	1	7188786	8613	2
33809.60	310	Picture	FB_cor	7205299	0	2	555	4	0	next	other	0
33809.60	311	Picture	75_T2_Picture_095b_Art:_new_cor_taste:_3	7205854	0	2	20129	4	0	next	false_alarm	556
33809.60	311	Response	3	7221080	15226	2
33809.60	312	Picture	FB_cor	7230981	0	1	555	2	0	next	other	0
33809.60	313	Picture	76_T2_Picture_047a_Art:_old_cor_taste:_1	7231536	0	1	20129	2	0	next	false_alarm	559
33809.60	313	Response	1	7242826	11290	1
33809.60	314	Picture	FB_cor	7256662	0	2	556	3	0	next	other	0
33809.60	315	Picture	77_T2_Picture_094a_Art:_sim_cor_taste:_2	7257218	0	1	20129	2	0	next	false_alarm	562
33809.60	315	Response	1	7267151	9933	1
33809.60	316	Picture	FB_inco	7282344	0	1	556	2	0	next	other	0
33809.60	317	Picture	78_T2_Picture_092a_Art:_old_cor_taste:_1	7282900	0	1	20128	3	0	next	false_alarm	565
33809.60	317	Response	1	7293368	10468	1
33809.60	318	Picture	FB_cor	7308026	0	1	555	2	0	next	other	0
33809.60	319	Picture	79_T2_Picture_178a_Art:_sim_cor_taste:_2	7308581	0	1	20129	2	0	next	false_alarm	568
33809.60	319	Response	1	7316737	8156	1
33809.60	320	Picture	FB_inco	7333708	0	1	555	2	0	next	other	0
33809.60	321	Picture	80_T2_Picture_025a_Art:_sim_cor_taste:_2	7334263	0	1	20129	2	0	next	false_alarm	571
33809.60	321	Response	2	7352125	17862	1
33809.60	322	Picture	FB_cor	7359389	0	1	555	3	0	next	other	0
33809.60	323	Picture	81_T2_Picture_160a_Art:_new_cor_taste:_3	7359944	0	2	20129	4	0	next	false_alarm	574
33809.60	323	Response	2	7380039	20095	1
33809.60	324	Picture	FB_inco	7385071	0	1	555	2	0	next	other	0
33809.60	325	Picture	82_T2_Picture_104a_Art:_old_cor_taste:_1	7385626	0	1	20129	2	0	next	false_alarm	577
33809.60	325	Response	1	7399731	14105	1
33809.60	326	Picture	FB_cor	7410752	0	2	556	3	0	next	other	0
33809.60	327	Picture	83_T2_Picture_004a_Art:_sim_cor_taste:_2	7411308	0	1	20129	2	0	next	false_alarm	580
33809.60	327	Response	2	7429604	18296	1
33809.60	328	Picture	FB_cor	7436434	0	1	555	3	0	next	other	0
33809.60	329	Picture	84_T2_Picture_001b_Art:_sim_cor_taste:_2	7436989	0	2	20129	3	0	next	false_alarm	583
33809.60	329	Response	1	7449244	12255	2
33809.60	330	Picture	FB_inco	7462116	0	1	555	2	0	next	other	0
33809.60	331	Picture	85_T2_Picture_040b_Art:_old_cor_taste:_1	7462671	0	1	20129	2	0	next	false_alarm	586
33809.60	331	Response	1	7475286	12615	2
33809.60	332	Picture	FB_cor	7487797	0	2	556	3	0	next	other	0
33809.60	333	Picture	86_T2_Picture_128a_Art:_sim_cor_taste:_2	7488353	0	1	20128	3	0	next	false_alarm	589
33809.60	333	Response	1	7500858	12505	1
33809.60	334	Picture	FB_inco	7513479	0	1	555	3	0	next	other	0
33809.60	335	Picture	87_T2_Picture_026b_Art:_sim_cor_taste:_2	7514034	0	2	20129	4	0	next	false_alarm	592
33809.60	335	Response	1	7523835	9801	1
33809.60	336	Picture	FB_inco	7539161	0	1	555	2	0	next	other	0
33809.60	337	Picture	88_T2_Picture_072a_Art:_sim_cor_taste:_2	7539716	0	1	20129	2	0	next	false_alarm	595
33809.60	337	Response	2	7555739	16023	1
33809.60	338	Picture	FB_cor	7564842	0	2	556	3	0	next	other	0
33809.60	339	Picture	89_T2_Picture_018b_Art:_old_cor_taste:_1	7565398	0	1	20129	2	0	next	false_alarm	598
33809.60	339	Response	1	7573970	8572	1
33809.60	340	Picture	FB_cor	7590524	0	1	555	3	0	next	other	0
33809.60	341	Picture	90_T2_Picture_164a_Art:_new_cor_taste:_3	7591079	0	2	20129	3	0	next	false_alarm	601
33809.60	341	Response	3	7601221	10142	1
33809.60	342	Picture	FB_cor	7616206	0	1	555	2	0	next	other	0
33809.60	343	Picture	91_T2_Picture_141a_Art:_sim_cor_taste:_2	7616761	0	1	20129	2	0	next	false_alarm	604
33809.60	343	Response	1	7627844	11083	1
33809.60	344	Picture	FB_inco	7641887	0	2	556	3	0	next	other	0
33809.60	345	Picture	92_T2_Picture_159a_Art:_sim_cor_taste:_2	7642443	0	1	20128	3	0	next	false_alarm	607
33809.60	345	Response	1	7660175	17732	1
33809.60	346	Picture	FB_inco	7667569	0	1	555	3	0	next	other	0
33809.60	347	Picture	93_T2_Picture_157a_Art:_old_cor_taste:_1	7668124	0	2	20129	3	0	next	false_alarm	610
33809.60	347	Response	1	7678112	9988	1
33809.60	348	Picture	FB_cor	7693251	0	1	555	2	0	next	other	0
33809.60	349	Picture	94_T2_Picture_057b_Art:_sim_cor_taste:_2	7693806	0	1	20129	2	0	next	false_alarm	613
33809.60	349	Response	1	7703169	9363	1
33809.60	350	Picture	FB_inco	7718932	0	1	556	2	0	next	other	0
33809.60	351	Picture	95_T2_Picture_033b_Art:_sim_cor_taste:_2	7719488	0	1	20128	3	0	next	false_alarm	616
33809.60	351	Response	1	7729754	10266	1
33809.60	352	Picture	FB_inco	7744614	0	1	555	2	0	next	other	0
33809.60	353	Picture	96_T2_Picture_107b_Art:_new_cor_taste:_3	7745169	0	1	20129	2	0	next	false_alarm	619
33809.60	353	Response	3	7757721	12552	1
33809.60	354	Picture	FB_cor	7770296	0	1	555	2	0	next	other	0
33809.60	355	Picture	97_T2_Picture_161b_Art:_new_cor_taste:_3	7770851	0	1	20129	2	0	next	false_alarm	622
33809.60	355	Response	3	7788902	18051	1
33809.60	356	Picture	FB_cor	7795977	0	2	556	3	0	next	other	0
33809.60	357	Picture	98_T2_Picture_012a_Art:_sim_cor_taste:_2	7796533	0	1	20128	3	0	next	false_alarm	625
33809.60	357	Response	1	7815354	18821	1
33809.60	358	Picture	FB_inco	7821659	0	1	555	2	0	next	other	0
33809.60	359	Picture	99_T2_Picture_089a_Art:_old_cor_taste:_1	7822214	0	1	20129	2	0	next	false_alarm	628
33809.60	359	Response	1	7830908	8694	1
33809.60	360	Picture	FB_cor	7847341	0	1	555	2	0	next	other	0
33809.60	361	Picture	100_T2_Picture_084a_Art:_sim_cor_taste:_2	7847896	0	1	20129	2	0	next	false_alarm	631
33809.60	361	Response	1	7856090	8194	1
33809.60	362	Picture	FB_inco	7873022	0	1	555	3	0	next	other	0
33809.60	363	Picture	101_T2_Picture_021b_Art:_new_cor_taste:_3	7873577	0	2	20129	4	0	next	false_alarm	634
33809.60	363	Response	3	7882533	8956	1
33809.60	363	Response	3	7884370	10793	1
33809.60	364	Picture	FB_cor	7898704	0	1	555	2	0	next	other	0
33809.60	365	Picture	102_T2_Picture_006b_Art:_new_cor_taste:_3	7899259	0	1	20129	2	0	next	false_alarm	638
33809.60	365	Response	2	7920651	21392	1
33809.60	366	Picture	FB_inco	7924385	0	2	556	3	0	next	other	0
33809.60	367	Picture	103_T2_Picture_131b_Art:_sim_cor_taste:_2	7924941	0	1	20129	2	0	next	false_alarm	641
33809.60	367	Response	1	7932704	7763	1
33809.60	368	Picture	FB_inco	7950067	0	1	556	2	0	next	other	0
33809.60	369	Picture	104_T2_Picture_096a_Art:_sim_cor_taste:_2	7950623	0	1	20128	3	0	next	false_alarm	644
33809.60	369	Response	1	7962068	11445	1
33809.60	370	Picture	FB_inco	7975749	0	1	555	2	0	next	other	0
33809.60	371	Picture	105_T2_Picture_015a_Art:_new_cor_taste:_3	7976304	0	1	20129	2	0	next	false_alarm	647
33809.60	371	Response	3	7989093	12789	2
33809.60	372	Picture	FB_cor	8001431	0	1	555	2	0	next	other	0
33809.60	373	Picture	106_T2_Picture_154b_Art:_old_cor_taste:_1	8001986	0	1	20129	2	0	next	false_alarm	650
33809.60	373	Response	1	8012504	10518	1
33809.60	374	Picture	FB_cor	8027112	0	1	555	3	0	next	other	0
33809.60	375	Picture	107_T2_Picture_136b_Art:_sim_cor_taste:_2	8027667	0	2	20129	4	0	next	false_alarm	653
33809.60	375	Response	1	8043290	15623	1
33809.60	376	Picture	FB_inco	8052794	0	1	555	2	0	next	other	0
33809.60	377	Picture	108_T2_Picture_148a_Art:_new_cor_taste:_3	8053349	0	1	20129	2	0	next	false_alarm	656
33809.60	377	Response	3	8067057	13708	1
33809.60	378	Picture	FB_cor	8078476	0	1	555	2	0	next	other	0
33809.60	379	Picture	109_T2_Picture_176b_Art:_old_cor_taste:_1	8079031	0	1	20129	2	0	next	false_alarm	659
33809.60	379	Response	2	8098546	19515	1
33809.60	380	Picture	FB_inco	8104157	0	1	555	3	0	next	other	0
33809.60	381	Picture	110_T2_Picture_172b_Art:_old_cor_taste:_1	8104712	0	2	20129	3	0	next	false_alarm	662
33809.60	381	Response	1	8111672	6960	2
33809.60	382	Picture	FB_cor	8129839	0	1	555	2	0	next	other	0
33809.60	383	Picture	111_T2_Picture_126a_Art:_sim_cor_taste:_2	8130394	0	1	20129	2	0	next	false_alarm	665
33809.60	383	Response	2	8152814	22420	1
33809.60	384	Picture	FB_cor	8155520	0	2	556	3	0	next	other	0
33809.60	385	Picture	112_T2_Picture_114a_Art:_new_cor_taste:_3	8156076	0	1	20129	2	0	next	false_alarm	668
33809.60	385	Response	3	8167038	10962	1
33809.60	386	Picture	FB_cor	8181202	0	1	555	3	0	next	other	0
33809.60	387	Picture	113_T2_Picture_187b_Art:_sim_cor_taste:_2	8181757	0	2	20129	3	0	next	false_alarm	671
33809.60	387	Response	1	8198484	16727	1
33809.60	388	Picture	FB_inco	8206884	0	1	555	2	0	next	other	0
33809.60	389	Picture	114_T2_Picture_083b_Art:_old_cor_taste:_1	8207439	0	1	20129	2	0	next	false_alarm	674
33809.60	389	Response	1	8215044	7605	1
33809.60	390	Picture	FB_cor	8232565	0	2	556	3	0	next	other	0
33809.60	391	Picture	115_T2_Picture_191a_Art:_sim_cor_taste:_2	8233121	0	1	20129	2	0	next	false_alarm	677
33809.60	391	Response	1	8247652	14531	1
33809.60	392	Picture	FB_inco	8258247	0	1	555	3	0	next	other	0
33809.60	393	Picture	116_T2_Picture_048a_Art:_old_cor_taste:_1	8258802	0	2	20129	3	0	next	false_alarm	680
33809.60	393	Response	1	8266691	7889	1
33809.60	394	Picture	FB_cor	8283929	0	1	555	2	0	next	other	0
33809.60	395	Picture	117_T2_Picture_143a_Art:_new_cor_taste:_3	8284484	0	1	20129	2	0	next	false_alarm	683
33809.60	395	Response	3	8295292	10808	1
33809.60	396	Picture	FB_cor	8309610	0	2	556	3	0	next	other	0
33809.60	397	Picture	118_T2_Picture_108a_Art:_sim_cor_taste:_2	8310166	0	1	20128	3	0	next	false_alarm	686
33809.60	397	Response	1	8322617	12451	1
33809.60	398	Picture	FB_inco	8335292	0	1	555	2	0	next	other	0
33809.60	399	Picture	119_T2_Picture_050a_Art:_sim_cor_taste:_2	8335847	0	1	20129	2	0	next	false_alarm	689
33809.60	399	Response	1	8350783	14936	1
33809.60	400	Picture	FB_inco	8360974	0	1	555	2	0	next	other	0
33809.60	401	Picture	120_T2_Picture_186a_Art:_sim_cor_taste:_2	8361529	0	1	20129	2	0	next	false_alarm	692
33809.60	401	Response	1	8370206	8677	1
33809.60	402	Picture	FB_inco	8386655	0	2	556	3	0	next	other	0
33809.60	403	Picture	121_T2_Picture_100b_Art:_old_cor_taste:_1	8387211	0	1	20128	3	0	next	false_alarm	695
33809.60	403	Response	1	8396921	9710	1
33809.60	404	Picture	FB_cor	8412337	0	1	555	2	0	next	other	0
33809.60	405	Picture	122_T2_Picture_135a_Art:_sim_cor_taste:_2	8412892	0	1	20129	2	0	next	false_alarm	698
33809.60	405	Response	3	8424813	11921	1
33809.60	406	Picture	FB_inco	8438019	0	1	555	2	0	next	other	0
33809.60	407	Picture	123_T2_Picture_059a_Art:_sim_cor_taste:_2	8438574	0	1	20129	2	0	next	false_alarm	701
33809.60	407	Response	2	8455577	17003	1
33809.60	408	Picture	FB_cor	8463700	0	1	556	2	0	next	other	0
33809.60	409	Picture	124_T2_Picture_010a_Art:_old_cor_taste:_1	8464256	0	1	20128	3	0	next	false_alarm	704
33809.60	409	Response	1	8474314	10058	1
33809.60	410	Picture	FB_cor	8489382	0	1	555	2	0	next	other	0
33809.60	411	Picture	125_T2_Picture_038b_Art:_new_cor_taste:_3	8489937	0	1	20129	2	0	next	false_alarm	707
33809.60	411	Response	3	8502628	12691	1
33809.60	412	Picture	FB_cor	8515064	0	1	555	2	0	next	other	0
33809.60	413	Picture	126_T2_Picture_064b_Art:_old_cor_taste:_1	8515619	0	1	20129	2	0	next	false_alarm	710
33809.60	413	Response	1	8527719	12100	1
33809.60	414	Picture	FB_cor	8540745	0	2	555	4	0	next	other	0
33809.60	415	Picture	127_T2_Picture_147b_Art:_new_cor_taste:_3	8541300	0	2	20129	4	0	next	false_alarm	713
33809.60	415	Response	3	8553479	12179	2
33809.60	416	Picture	FB_cor	8566427	0	1	555	2	0	next	other	0
33809.60	417	Picture	128_T2_Picture_182a_Art:_old_cor_taste:_1	8566982	0	1	20129	2	0	next	false_alarm	716
33809.60	417	Response	1	8578452	11470	1
33809.60	418	Picture	FB_cor	8592108	0	2	556	3	0	next	other	0
33809.60	419	Picture	129_T2_Picture_138b_Art:_sim_cor_taste:_2	8592664	0	1	20129	2	0	next	false_alarm	719
33809.60	419	Response	1	8604743	12079	2
33809.60	420	Picture	FB_inco	8617790	0	1	555	3	0	next	other	0
33809.60	421	Picture	130_T2_Picture_053b_Art:_sim_cor_taste:_2	8618345	0	2	20129	4	0	next	false_alarm	722
33809.60	421	Response	2	8636569	18224	1
33809.60	422	Picture	FB_cor	8643472	0	1	555	2	0	next	other	0
33809.60	423	Picture	131_T2_Picture_156b_Art:_old_cor_taste:_1	8644027	0	1	20129	2	0	next	false_alarm	725
33809.60	423	Response	1	8657153	13126	1
33809.60	424	Picture	FB_cor	8669153	0	2	556	3	0	next	other	0
33809.60	425	Picture	132_T2_Picture_070a_Art:_new_cor_taste:_3	8669709	0	1	20129	2	0	next	false_alarm	728
33809.60	425	Response	3	8682827	13118	1
33809.60	426	Picture	FB_cor	8694835	0	1	555	3	0	next	other	0
33809.60	427	Picture	133_T2_Picture_016a_Art:_old_cor_taste:_1	8695390	0	2	20129	4	0	next	false_alarm	731
33809.60	427	Response	1	8707078	11688	2
33809.60	428	Picture	FB_cor	8720517	0	1	555	2	0	next	other	0
33809.60	429	Picture	134_T2_Picture_125b_Art:_new_cor_taste:_3	8721072	0	1	20129	2	0	next	false_alarm	734
33809.60	429	Response	1	8733034	11962	2
33809.60	430	Picture	FB_inco	8746198	0	2	556	3	0	next	other	0
33809.60	431	Picture	135_T2_Picture_055b_Art:_new_cor_taste:_3	8746754	0	1	20128	3	0	next	false_alarm	737
33809.60	431	Response	3	8767775	21021	1
33809.60	432	Picture	FB_cor	8771880	0	1	555	3	0	next	other	0
33809.60	433	Picture	136_T2_Picture_017b_Art:_new_cor_taste:_3	8772435	0	2	20129	3	0	next	false_alarm	740
33809.60	433	Response	3	8780504	8069	1
33809.60	434	Picture	FB_cor	8797562	0	1	555	2	0	next	other	0
33809.60	435	Picture	137_T2_Picture_075b_Art:_sim_cor_taste:_2	8798117	0	1	20129	2	0	next	false_alarm	743
33809.60	435	Response	1	8809150	11033	2
33809.60	436	Picture	FB_inco	8823243	0	2	556	3	0	next	other	0
33809.60	437	Picture	138_T2_Picture_169b_Art:_sim_cor_taste:_2	8823799	0	1	20128	3	0	next	false_alarm	746
33809.60	437	Response	1	8834956	11157	1
33809.60	438	Picture	FB_inco	8848925	0	1	555	3	0	next	other	0
33809.60	439	Picture	139_T2_Picture_007b_Art:_old_cor_taste:_1	8849480	0	2	20129	3	0	next	false_alarm	749
33809.60	439	Response	1	8860161	10681	2
33809.60	440	Picture	FB_cor	8874607	0	1	555	2	0	next	other	0
33809.60	441	Picture	140_T2_Picture_118b_Art:_sim_cor_taste:_2	8875162	0	1	20129	2	0	next	false_alarm	752
33809.60	441	Response	1	8888301	13139	1
33809.60	442	Picture	FB_inco	8900288	0	2	556	3	0	next	other	0
33809.60	443	Picture	141_T2_Picture_166b_Art:_new_cor_taste:_3	8900844	0	1	20129	2	0	next	false_alarm	755
33809.60	443	Response	3	8912477	11633	1
33809.60	444	Picture	FB_cor	8925970	0	1	555	3	0	next	other	0
33809.60	445	Picture	142_T2_Picture_030a_Art:_sim_cor_taste:_2	8926525	0	2	20129	3	0	next	false_alarm	758
33809.60	445	Response	2	8944458	17933	1
33809.60	446	Picture	FB_cor	8951652	0	1	555	2	0	next	other	0
33809.60	447	Picture	143_T2_Picture_087b_Art:_new_cor_taste:_3	8952207	0	1	20129	2	0	next	false_alarm	761
33809.60	447	Response	3	8965606	13399	1
33809.60	448	Picture	FB_cor	8977333	0	1	556	2	0	next	other	0
33809.60	449	Picture	144_T2_Picture_127b_Art:_old_cor_taste:_1	8977889	0	1	20128	3	0	next	false_alarm	764
33809.60	449	Response	1	8986812	8923	1
33809.60	450	Picture	FB_cor	9003015	0	1	555	2	0	next	other	0
33809.60	451	Picture	145_T2_Picture_073b_Art:_old_cor_taste:_1	9003570	0	1	20129	2	0	next	false_alarm	767
33809.60	451	Response	1	9012482	8912	1
33809.60	452	Picture	FB_cor	9028697	0	2	555	3	0	next	other	0
33809.60	453	Picture	146_T2_Picture_041b_Art:_new_cor_taste:_3	9029252	0	1	20129	2	0	next	false_alarm	770
33809.60	453	Response	3	9039202	9950	2
33809.60	454	Picture	FB_cor	9054378	0	1	555	3	0	next	other	0
33809.60	455	Picture	147_T2_Picture_170a_Art:_sim_cor_taste:_2	9054933	0	2	20129	4	0	next	false_alarm	773
33809.60	455	Response	1	9076544	21611	1
33809.60	456	Picture	FB_inco	9080060	0	1	555	2	0	next	other	0
33809.60	457	Picture	148_T2_Picture_168a_Art:_old_cor_taste:_1	9080615	0	1	20129	2	0	next	false_alarm	776
33809.60	457	Response	1	9092594	11979	1
33809.60	458	Picture	FB_cor	9105742	0	1	555	2	0	next	other	0
33809.60	459	Picture	149_T2_Picture_167b_Art:_sim_cor_taste:_2	9106297	0	1	20129	2	0	next	false_alarm	779
33809.60	459	Response	2	9126295	19998	2
33809.60	460	Picture	FB_cor	9131423	0	1	555	3	0	next	other	0
33809.60	461	Picture	150_T2_Picture_189a_Art:_new_cor_taste:_3	9131978	0	2	20129	4	0	next	false_alarm	782
33809.60	461	Response	1	9145826	13848	1
33809.60	461	Response	3	9150811	18833	1
33809.60	462	Picture	FB_inco	9157105	0	1	555	2	0	next	other	0
33809.60	463	Picture	151_T2_Picture_163a_Art:_old_cor_taste:_1	9157660	0	1	20129	2	0	next	false_alarm	786
33809.60	463	Response	1	9166507	8847	1
33809.60	464	Picture	FB_cor	9182786	0	2	556	3	0	next	other	0
33809.60	465	Picture	152_T2_Picture_031a_Art:_old_cor_taste:_1	9183342	0	1	20129	2	0	next	false_alarm	789
33809.60	465	Response	1	9195138	11796	1
33809.60	466	Picture	FB_cor	9208468	0	1	555	3	0	next	other	0
33809.60	467	Picture	153_T2_Picture_080b_Art:_old_cor_taste:_1	9209023	0	2	20129	4	0	next	false_alarm	792
33809.60	467	Response	1	9217021	7998	1
33809.60	468	Picture	FB_cor	9234150	0	1	555	2	0	next	other	0
33809.60	469	Picture	154_T2_Picture_028b_Art:_new_cor_taste:_3	9234705	0	1	20129	2	0	next	false_alarm	795
33809.60	469	Response	3	9245772	11067	1
33809.60	470	Picture	FB_cor	9259831	0	2	556	3	0	next	other	0
33809.60	471	Picture	155_T2_Picture_105b_Art:_new_cor_taste:_3	9260387	0	1	20129	2	0	next	other	0
33809.60	472	Picture	FB_miss	9285513	0	1	555	3	0	next	other	0
33809.60	473	Picture	156_T2_Picture_151a_Art:_sim_cor_taste:_2	9286068	0	2	20129	4	0	next	false_alarm	800
33809.60	473	Response	3	9287347	1279	2
33809.60	473	Response	1	9293483	7415	1
33809.60	474	Picture	FB_inco	9311195	0	1	555	2	0	next	other	0
33809.60	475	Picture	157_T2_Picture_020a_Art:_sim_cor_taste:_2	9311750	0	1	20129	2	0	next	false_alarm	804
33809.60	475	Response	1	9324318	12568	1
33809.60	476	Picture	FB_inco	9336876	0	2	556	3	0	next	other	0
33809.60	477	Picture	158_T2_Picture_099b_Art:_new_cor_taste:_3	9337432	0	1	20129	2	0	next	false_alarm	807
33809.60	477	Response	3	9349570	12138	1
33809.60	478	Picture	FB_cor	9362558	0	1	555	3	0	next	other	0
33809.60	479	Picture	159_T2_Picture_097a_Art:_new_cor_taste:_3	9363113	0	2	20129	4	0	next	false_alarm	810
33809.60	479	Response	3	9374964	11851	1
33809.60	480	Picture	FB_cor	9388240	0	1	555	2	0	next	other	0
33809.60	481	Picture	160_T2_Picture_003a_Art:_sim_cor_taste:_2	9388795	0	1	20129	2	0	next	false_alarm	813
33809.60	481	Response	2	9406892	18097	1
33809.60	482	Picture	FB_cor	9413921	0	2	556	3	0	next	other	0
33809.60	483	Picture	161_T2_Picture_134a_Art:_old_cor_taste:_1	9414477	0	1	20129	2	0	next	false_alarm	816
33809.60	483	Response	1	9424833	10356	1
33809.60	484	Picture	FB_cor	9439603	0	1	555	2	0	next	other	0
33809.60	485	Picture	162_T2_Picture_068b_Art:_new_cor_taste:_3	9440158	0	1	20129	2	0	next	false_alarm	819
33809.60	485	Response	3	9455466	15308	2
33809.60	486	Picture	FB_cor	9465285	0	1	555	2	0	next	other	0
33809.60	487	Picture	163_T2_Picture_162a_Art:_sim_cor_taste:_2	9465840	0	1	20129	2	0	next	false_alarm	822
33809.60	487	Response	1	9484558	18718	2
33809.60	488	Picture	FB_inco	9490966	0	2	556	3	0	next	other	0
33809.60	489	Picture	164_T2_Picture_067b_Art:_sim_cor_taste:_2	9491522	0	1	20129	2	0	next	false_alarm	825
33809.60	489	Response	3	9510294	18772	2
33809.60	490	Picture	FB_inco	9516648	0	1	555	2	0	next	other	0
33809.60	491	Picture	165_T2_Picture_082a_Art:_sim_cor_taste:_2	9517203	0	1	20129	2	0	next	false_alarm	828
33809.60	491	Response	2	9535992	18789	1
33809.60	492	Picture	FB_cor	9542330	0	1	555	2	0	next	other	0
33809.60	493	Picture	166_T2_Picture_184a_Art:_old_cor_taste:_1	9542885	0	1	20129	2	0	next	false_alarm	831
33809.60	493	Response	1	9559745	16860	2
33809.60	494	Picture	FB_cor	9568011	0	2	556	3	0	next	other	0
33809.60	495	Picture	167_T2_Picture_112a_Art:_sim_cor_taste:_2	9568567	0	1	20128	3	0	next	false_alarm	834
33809.60	495	Response	1	9579544	10977	1
33809.60	496	Picture	FB_inco	9593693	0	1	555	2	0	next	other	0
33809.60	497	Picture	168_T2_Picture_117a_Art:_old_cor_taste:_1	9594248	0	1	20129	2	0	next	false_alarm	837
33809.60	497	Response	1	9602450	8202	1
33809.60	498	Picture	FB_cor	9619375	0	1	555	2	0	next	other	0
33809.60	499	Picture	169_T2_Picture_069a_Art:_new_cor_taste:_3	9619930	0	1	20129	2	0	next	false_alarm	840
33809.60	499	Response	3	9630154	10224	2
33809.60	500	Picture	FB_cor	9645056	0	2	556	3	0	next	other	0
33809.60	501	Picture	170_T2_Picture_103a_Art:_old_cor_taste:_1	9645612	0	1	20128	3	0	next	false_alarm	843
33809.60	501	Response	1	9658112	12500	1
33809.60	502	Picture	FB_cor	9670738	0	1	555	2	0	next	other	0
33809.60	503	Picture	171_T2_Picture_174b_Art:_sim_cor_taste:_2	9671293	0	1	20129	2	0	next	false_alarm	846
33809.60	503	Response	3	9686404	15111	1
33809.60	504	Picture	FB_inco	9696419	0	2	556	3	0	next	other	0
33809.60	505	Picture	172_T2_Picture_093a_Art:_new_cor_taste:_3	9696975	0	1	20129	2	0	next	false_alarm	849
33809.60	505	Response	3	9715446	18471	1
33809.60	506	Picture	FB_cor	9722101	0	1	556	2	0	next	other	0
33809.60	507	Picture	173_T2_Picture_113a_Art:_old_cor_taste:_1	9722657	0	1	20128	3	0	next	false_alarm	852
33809.60	507	Response	1	9733033	10376	1
33809.60	508	Picture	FB_cor	9747783	0	1	555	2	0	next	other	0
33809.60	509	Picture	174_T2_Picture_049b_Art:_new_cor_taste:_3	9748338	0	1	20129	2	0	next	false_alarm	855
33809.60	509	Response	3	9765116	16778	1
33809.60	510	Picture	FB_cor	9773465	0	1	555	2	0	next	other	0
33809.60	511	Picture	175_T2_Picture_124b_Art:_old_cor_taste:_1	9774020	0	1	20129	2	0	next	false_alarm	858
33809.60	511	Response	1	9785588	11568	1
33809.60	512	Picture	FB_cor	9799146	0	1	555	3	0	next	other	0
33809.60	513	Picture	176_T2_Picture_034a_Art:_new_cor_taste:_3	9799701	0	2	20129	4	0	next	false_alarm	861
33809.60	513	Response	2	9815696	15995	1
33809.60	514	Picture	FB_inco	9824828	0	1	555	2	0	next	other	0
33809.60	515	Picture	177_T2_Picture_121a_Art:_new_cor_taste:_3	9825383	0	1	20129	2	0	next	false_alarm	864
33809.60	515	Response	3	9836206	10823	1
33809.60	516	Picture	FB_cor	9850509	0	2	556	3	0	next	other	0
33809.60	517	Picture	178_T2_Picture_109b_Art:_sim_cor_taste:_2	9851065	0	1	20129	2	0	next	false_alarm	867
33809.60	517	Response	1	9860696	9631	1
33809.60	518	Picture	FB_inco	9876191	0	1	555	3	0	next	other	0
33809.60	519	Picture	179_T2_Picture_086a_Art:_new_cor_taste:_3	9876746	0	2	20129	3	0	next	false_alarm	870
33809.60	519	Response	3	9887125	10379	2
33809.60	520	Picture	FB_cor	9901873	0	1	555	2	0	next	other	0
33809.60	521	Picture	180_T2_Picture_158a_Art:_old_cor_taste:_1	9902428	0	1	20129	2	0	next	false_alarm	873
33809.60	521	Response	1	9917464	15036	1
33809.60	522	Picture	FB_cor	9927554	0	2	556	3	0	next	other	0
33809.60	523	Picture	181_T2_Picture_192a_Art:_old_cor_taste:_1	9928110	0	1	20129	2	0	next	false_alarm	876
33809.60	523	Response	1	9935887	7777	1
33809.60	524	Picture	FB_cor	9953236	0	1	555	3	0	next	other	0
33809.60	525	Picture	182_T2_Picture_177b_Art:_new_cor_taste:_3	9953791	0	2	20129	3	0	next	false_alarm	879
33809.60	525	Response	3	9965633	11842	1
33809.60	526	Picture	FB_cor	9978918	0	1	555	2	0	next	other	0
33809.60	527	Picture	183_T2_Picture_116b_Art:_old_cor_taste:_1	9979473	0	1	20129	2	0	next	false_alarm	882
33809.60	527	Response	1	9992971	13498	1
33809.60	528	Picture	FB_cor	10004599	0	2	556	3	0	next	other	0
33809.60	529	Picture	184_T2_Picture_188a_Art:_old_cor_taste:_1	10005155	0	1	20129	2	0	next	false_alarm	885
33809.60	529	Response	1	10023583	18428	1
33809.60	530	Picture	FB_cor	10030281	0	1	555	3	0	next	other	0
33809.60	531	Picture	185_T2_Picture_051b_Art:_new_cor_taste:_3	10030836	0	2	20129	3	0	next	false_alarm	888
33809.60	531	Response	3	10042328	11492	2
33809.60	532	Picture	FB_cor	10055963	0	1	555	2	0	next	other	0
33809.60	533	Picture	186_T2_Picture_111b_Art:_old_cor_taste:_1	10056518	0	1	20129	2	0	next	false_alarm	891
33809.60	533	Response	1	10069151	12633	1
33809.60	534	Picture	FB_cor	10081644	0	2	556	3	0	next	other	0
33809.60	535	Picture	187_T2_Picture_110b_Art:_old_cor_taste:_1	10082200	0	1	20128	3	0	next	false_alarm	894
33809.60	535	Response	1	10092907	10707	1
33809.60	536	Picture	FB_cor	10107326	0	1	555	2	0	next	other	0
33809.60	537	Picture	188_T2_Picture_088a_Art:_new_cor_taste:_3	10107881	0	1	20129	2	0	next	false_alarm	897
33809.60	537	Response	3	10120017	12136	2
33809.60	538	Picture	FB_cor	10133008	0	1	555	2	0	next	other	0
33809.60	539	Picture	189_T2_Picture_071a_Art:_new_cor_taste:_3	10133563	0	1	20129	2	0	next	false_alarm	900
33809.60	539	Response	1	10149838	16275	2
33809.60	540	Picture	FB_inco	10158689	0	2	556	3	0	next	other	0
33809.60	541	Picture	190_T2_Picture_027b_Art:_new_cor_taste:_3	10159245	0	1	20128	3	0	next	false_alarm	903
33809.60	541	Response	1	10180995	21750	1
33809.60	542	Picture	FB_inco	10184371	0	1	555	2	0	next	other	0
33809.60	543	Picture	191_T2_Picture_014b_Art:_old_cor_taste:_1	10184926	0	1	20129	2	0	next	false_alarm	906
33809.60	543	Response	3	10198956	14030	1
33809.60	544	Picture	FB_inco	10210053	0	1	555	2	0	next	other	0
33809.60	545	Picture	192_T2_Picture_074a_Art:_new_cor_taste:_3	10210608	0	1	20129	2	0	next	false_alarm	909
33809.60	545	Response	3	10222031	11423	1
33809.60	546	Picture	FB_cor	10235734	0	1	555	3	0	next	other	0
33809.60	547	Picture	ENDE__cor:_64_Anz_cor:_124_Anz_inco:_67_Anz_miss:_1	10256418	0	2	36833	3	0	next	other	0
