Scenario - 
Logfile written - 10/24/2018 10:19:39

Subject	Trial	Event Type	Code	Time	TTime	Uncertainty	Duration	Uncertainty	ReqTime	ReqDur	Stim Type	Pair Index

33434.7f_2	1	Picture	Randonummer_1	333	0	1	500	2	0	next	other	0
33434.7f_2	2	Picture	Instr_T1_1	833	0	1	15506	2	0	next	hit	3
33434.7f_2	2	Response	4	16304	15471	2
33434.7f_2	3	Picture	Instr_T1_2	21507	0	1	7336	2	0	next	hit	5
33434.7f_2	3	Response	4	28757	7250	2
33434.7f_2	4	Picture	Instr_T1_3	34012	0	1	17340	2	0	next	hit	7
33434.7f_2	4	Response	4	51173	17161	2
33434.7f_2	5	Picture	Instr_T1_4	51352	0	1	13004	3	0	next	hit	9
33434.7f_2	5	Response	4	64267	12915	1
33434.7f_2	6	Picture	Instr_T1_18	69525	0	1	20841	2	0	next	hit	11
33434.7f_2	6	Response	4	90270	20745	1
33434.7f_2	7	Picture	1_T1_Picture_018b_Art:_i	105705	0	1	20174	3	0	next	other	0
33434.7f_2	7	Response	3	114973	9268	2
33434.7f_2	8	Picture	2_T1_Picture_136a_Art:_a	130881	0	1	20174	3	0	next	other	0
33434.7f_2	8	Response	1	137868	6987	2
33434.7f_2	9	Picture	3_T1_Picture_133a_Art:_a	156057	0	1	20174	3	0	next	other	0
33434.7f_2	9	Response	1	166151	10094	1
33434.7f_2	10	Picture	4_T1_Picture_149a_Art:_i	181233	0	2	20175	3	0	next	other	0
33434.7f_2	10	Response	3	186994	5761	1
33434.7f_2	11	Picture	5_T1_Picture_132a_Art:_b	206409	0	2	20174	4	0	next	other	0
33434.7f_2	11	Response	1	215256	8847	1
33434.7f_2	12	Picture	6_T1_Picture_138a_Art:_b	231585	0	2	20175	3	0	next	other	0
33434.7f_2	12	Response	3	238647	7062	1
33434.7f_2	13	Picture	7_T1_Picture_109a_Art:_a	256761	0	2	20175	3	0	next	other	0
33434.7f_2	13	Response	1	266780	10019	1
33434.7f_2	14	Picture	8_T1_Picture_012a_Art:_i	281937	0	2	20175	3	0	next	other	0
33434.7f_2	14	Response	3	288316	6379	2
33434.7f_2	15	Picture	9_T1_Picture_027b_Art:_i	307113	0	2	20175	3	0	next	other	0
33434.7f_2	15	Response	3	316036	8923	1
33434.7f_2	16	Picture	10_T1_Picture_134b_Art:_a	332289	0	2	20175	3	0	next	other	0
33434.7f_2	16	Response	1	338546	6257	1
33434.7f_2	17	Picture	11_T1_Picture_165b_Art:_i	357465	0	2	20175	3	0	next	other	0
33434.7f_2	17	Response	1	366601	9136	1
33434.7f_2	18	Picture	12_T1_Picture_131b_Art:_a	382642	0	1	20174	2	0	next	other	0
33434.7f_2	18	Response	1	391162	8520	1
33434.7f_2	19	Picture	13_T1_Picture_155b_Art:_a	407818	0	1	20174	2	0	next	other	0
33434.7f_2	19	Response	3	413623	5805	1
33434.7f_2	20	Picture	14_T1_Picture_028a_Art:_b	432994	0	1	20174	2	0	next	other	0
33434.7f_2	20	Response	3	448833	15839	1
33434.7f_2	21	Picture	15_T1_Picture_097a_Art:_i	458170	0	1	20174	2	0	next	other	0
33434.7f_2	21	Response	3	465387	7217	1
33434.7f_2	22	Picture	16_T1_Picture_113a_Art:_a	483346	0	1	20174	2	0	next	other	0
33434.7f_2	22	Response	3	495131	11785	1
33434.7f_2	23	Picture	17_T1_Picture_163b_Art:_b	508522	0	1	20174	2	0	next	other	0
33434.7f_2	23	Response	1	522536	14014	1
33434.7f_2	24	Picture	18_T1_Picture_105b_Art:_a	533698	0	1	20174	2	0	next	other	0
33434.7f_2	24	Response	1	541106	7408	1
33434.7f_2	25	Picture	19_T1_Picture_164a_Art:_i	558874	0	1	20174	2	0	next	other	0
33434.7f_2	25	Response	3	569610	10736	1
33434.7f_2	26	Picture	20_T1_Picture_148b_Art:_b	584050	0	1	20174	2	0	next	other	0
33434.7f_2	26	Response	3	592876	8826	1
33434.7f_2	27	Picture	21_T1_Picture_173b_Art:_a	609226	0	1	20174	2	0	next	other	0
33434.7f_2	27	Response	1	617927	8701	2
33434.7f_2	28	Picture	22_T1_Picture_174a_Art:_i	634402	0	1	20174	2	0	next	other	0
33434.7f_2	28	Response	3	641129	6727	1
33434.7f_2	29	Picture	23_T1_Picture_160b_Art:_i	659578	0	1	20174	2	0	next	other	0
33434.7f_2	29	Response	3	670238	10660	1
33434.7f_2	30	Picture	24_T1_Picture_135b_Art:_a	684754	0	1	20174	2	0	next	other	0
33434.7f_2	30	Response	3	695614	10860	1
33434.7f_2	31	Picture	25_T1_Picture_185b_Art:_i	709930	0	1	20174	2	0	next	other	0
33434.7f_2	31	Response	3	716066	6136	1
33434.7f_2	32	Picture	26_T1_Picture_017a_Art:_i	735106	0	1	20174	2	0	next	other	0
33434.7f_2	32	Response	3	746670	11564	1
33434.7f_2	33	Picture	27_T1_Picture_129b_Art:_a	760282	0	1	20174	3	0	next	other	0
33434.7f_2	33	Response	1	768869	8587	1
33434.7f_2	34	Picture	28_T1_Picture_083b_Art:_i	785458	0	1	20174	3	0	next	other	0
33434.7f_2	34	Response	3	791159	5701	1
33434.7f_2	35	Picture	29_T1_Picture_092b_Art:_a	810634	0	1	20174	3	0	next	other	0
33434.7f_2	35	Response	1	817177	6543	1
33434.7f_2	36	Picture	30_T1_Picture_190a_Art:_i	835810	0	2	20174	4	0	next	other	0
33434.7f_2	36	Response	3	845442	9632	1
33434.7f_2	37	Picture	31_T1_Picture_038a_Art:_b	860986	0	1	20174	3	0	next	other	0
33434.7f_2	37	Response	1	871058	10072	1
33434.7f_2	38	Picture	32_T1_Picture_102a_Art:_b	886162	0	2	20174	4	0	next	other	0
33434.7f_2	38	Response	1	895039	8877	1
33434.7f_2	39	Picture	33_T1_Picture_124a_Art:_i	911338	0	2	20174	4	0	next	other	0
33434.7f_2	39	Response	3	917644	6306	1
33434.7f_2	40	Picture	34_T1_Picture_088b_Art:_i	936514	0	2	20174	4	0	next	other	0
33434.7f_2	40	Response	3	954930	18416	1
33434.7f_2	41	Picture	35_T1_Picture_167a_Art:_a	961690	0	2	20175	3	0	next	other	0
33434.7f_2	41	Response	1	969187	7497	1
33434.7f_2	42	Picture	36_T1_Picture_023b_Art:_b	986866	0	2	20175	3	0	next	other	0
33434.7f_2	42	Response	3	992804	5938	1
33434.7f_2	43	Picture	37_T1_Picture_110b_Art:_b	1012043	0	1	20174	2	0	next	other	0
33434.7f_2	43	Response	1	1022253	10210	1
33434.7f_2	44	Picture	38_T1_Picture_020a_Art:_a	1037218	0	2	20175	3	0	next	other	0
33434.7f_2	44	Response	1	1043541	6323	1
33434.7f_2	45	Picture	39_T1_Picture_021b_Art:_b	1062395	0	1	20174	2	0	next	other	0
33434.7f_2	45	Response	1	1074936	12541	1
33434.7f_2	46	Picture	40_T1_Picture_111b_Art:_a	1087570	0	2	20175	3	0	next	other	0
33434.7f_2	46	Response	1	1094824	7254	1
33434.7f_2	47	Picture	41_T1_Picture_172b_Art:_a	1112747	0	1	20174	2	0	next	other	0
33434.7f_2	47	Response	1	1119005	6258	1
33434.7f_2	48	Picture	42_T1_Picture_095b_Art:_b	1137923	0	1	20174	2	0	next	other	0
33434.7f_2	48	Response	3	1146342	8419	2
33434.7f_2	49	Picture	43_T1_Picture_082a_Art:_i	1163099	0	1	20174	2	0	next	other	0
33434.7f_2	49	Response	3	1170861	7762	1
33434.7f_2	50	Picture	44_T1_Picture_001a_Art:_b	1188275	0	1	20174	2	0	next	other	0
33434.7f_2	50	Response	1	1198376	10101	1
33434.7f_2	51	Picture	45_T1_Picture_025b_Art:_a	1213451	0	1	20174	2	0	next	other	0
33434.7f_2	51	Response	1	1219952	6501	2
33434.7f_2	52	Picture	46_T1_Picture_014b_Art:_i	1238627	0	1	20174	3	0	next	other	0
33434.7f_2	52	Response	3	1248287	9660	1
33434.7f_2	53	Picture	47_T1_Picture_087a_Art:_b	1263803	0	1	20174	2	0	next	other	0
33434.7f_2	53	Response	3	1273667	9864	1
33434.7f_2	54	Picture	48_T1_Picture_007a_Art:_i	1288979	0	1	20174	2	0	next	other	0
33434.7f_2	54	Response	3	1301088	12109	1
33434.7f_2	55	Picture	49_T1_Picture_115a_Art:_b	1314155	0	1	20174	2	0	next	other	0
33434.7f_2	55	Response	3	1324026	9871	1
33434.7f_2	56	Picture	50_T1_Picture_086b_Art:_a	1339331	0	1	20174	2	0	next	other	0
33434.7f_2	56	Response	1	1345805	6474	2
33434.7f_2	57	Picture	51_T1_Picture_184a_Art:_i	1364507	0	1	20174	2	0	next	other	0
33434.7f_2	57	Response	3	1373047	8540	2
33434.7f_2	58	Picture	52_T1_Picture_181a_Art:_i	1389683	0	1	20174	2	0	next	other	0
33434.7f_2	58	Response	3	1404050	14367	2
33434.7f_2	59	Picture	53_T1_Picture_022b_Art:_a	1414859	0	1	20174	2	0	next	other	0
33434.7f_2	59	Response	1	1420081	5222	2
33434.7f_2	60	Picture	54_T1_Picture_075a_Art:_a	1440035	0	1	20174	3	0	next	other	0
33434.7f_2	60	Response	3	1448227	8192	2
33434.7f_2	61	Picture	55_T1_Picture_147b_Art:_b	1465211	0	1	20174	3	0	next	other	0
33434.7f_2	61	Response	3	1472887	7676	1
33434.7f_2	62	Picture	56_T1_Picture_098a_Art:_i	1490387	0	1	20174	2	0	next	other	0
33434.7f_2	62	Response	3	1499949	9562	1
33434.7f_2	63	Picture	57_T1_Picture_074a_Art:_a	1515563	0	1	20174	3	0	next	other	0
33434.7f_2	63	Response	1	1527137	11574	1
33434.7f_2	64	Picture	58_T1_Picture_096a_Art:_a	1540739	0	1	20174	3	0	next	other	0
33434.7f_2	64	Response	1	1551978	11239	1
33434.7f_2	65	Picture	59_T1_Picture_011a_Art:_i	1565915	0	2	20174	4	0	next	other	0
33434.7f_2	65	Response	3	1572205	6290	1
33434.7f_2	66	Picture	60_T1_Picture_182b_Art:_b	1591091	0	1	20175	2	0	next	other	0
33434.7f_2	66	Response	3	1597770	6679	1
33434.7f_2	67	Picture	61_T1_Picture_143a_Art:_i	1616267	0	2	20174	4	0	next	other	0
33434.7f_2	67	Response	3	1625568	9301	1
33434.7f_2	68	Picture	62_T1_Picture_127a_Art:_b	1641443	0	2	20175	3	0	next	other	0
33434.7f_2	68	Response	3	1648022	6579	1
33434.7f_2	69	Picture	63_T1_Picture_061a_Art:_b	1666619	0	2	20175	3	0	next	other	0
33434.7f_2	69	Response	3	1682401	15782	2
33434.7f_2	70	Picture	64_T1_Picture_123a_Art:_a	1691795	0	2	20175	3	0	next	other	0
33434.7f_2	70	Response	1	1701119	9324	1
33434.7f_2	71	Picture	65_T1_Picture_055a_Art:_b	1716971	0	2	20175	3	0	next	other	0
33434.7f_2	71	Response	1	1729903	12932	1
33434.7f_2	72	Picture	66_T1_Picture_071a_Art:_i	1742148	0	1	20174	2	0	next	other	0
33434.7f_2	72	Response	3	1749472	7324	1
33434.7f_2	73	Picture	67_T1_Picture_073b_Art:_a	1767324	0	1	20174	2	0	next	other	0
33434.7f_2	73	Response	1	1773383	6059	1
33434.7f_2	74	Picture	68_T1_Picture_047b_Art:_b	1792499	0	2	20175	3	0	next	other	0
33434.7f_2	74	Response	3	1808056	15557	1
33434.7f_2	75	Picture	69_T1_Picture_192a_Art:_b	1817676	0	1	20174	2	0	next	other	0
33434.7f_2	75	Response	1	1823137	5461	1
33434.7f_2	76	Picture	70_T1_Picture_117a_Art:_a	1842852	0	1	20174	2	0	next	other	0
33434.7f_2	76	Response	3	1855517	12665	1
33434.7f_2	77	Picture	71_T1_Picture_051b_Art:_b	1868028	0	1	20174	2	0	next	other	0
33434.7f_2	77	Response	3	1880425	12397	1
33434.7f_2	78	Picture	72_T1_Picture_066b_Art:_b	1893204	0	1	20174	2	0	next	other	0
33434.7f_2	78	Response	1	1902426	9222	1
33434.7f_2	79	Picture	73_T1_Picture_040b_Art:_a	1918380	0	1	20174	2	0	next	other	0
33434.7f_2	79	Response	1	1924690	6310	1
33434.7f_2	80	Picture	74_T1_Picture_180b_Art:_a	1943556	0	1	20174	2	0	next	other	0
33434.7f_2	80	Response	1	1949478	5922	1
33434.7f_2	81	Picture	75_T1_Picture_146a_Art:_i	1968732	0	1	20174	2	0	next	other	0
33434.7f_2	81	Response	3	1980272	11540	1
33434.7f_2	82	Picture	76_T1_Picture_191b_Art:_a	1993908	0	1	20174	2	0	next	other	0
33434.7f_2	82	Response	1	2001178	7270	1
33434.7f_2	83	Picture	77_T1_Picture_116a_Art:_b	2019084	0	1	20174	2	0	next	other	0
33434.7f_2	83	Response	3	2028095	9011	1
33434.7f_2	84	Picture	78_T1_Picture_089b_Art:_i	2044260	0	1	20174	2	0	next	other	0
33434.7f_2	84	Response	3	2050877	6617	1
33434.7f_2	85	Picture	79_T1_Picture_045b_Art:_i	2069436	0	1	20174	2	0	next	other	0
33434.7f_2	85	Response	3	2078023	8587	2
33434.7f_2	86	Picture	80_T1_Picture_099a_Art:_a	2094612	0	1	20174	2	0	next	other	0
33434.7f_2	86	Response	1	2102456	7844	1
33434.7f_2	87	Picture	81_T1_Picture_152b_Art:_i	2119788	0	1	20174	2	0	next	other	0
33434.7f_2	87	Response	3	2129428	9640	2
33434.7f_2	88	Picture	82_T1_Picture_052a_Art:_i	2144964	0	1	20174	3	0	next	other	0
33434.7f_2	88	Response	3	2155561	10597	1
33434.7f_2	89	Picture	83_T1_Picture_108b_Art:_a	2170140	0	1	20174	2	0	next	other	0
33434.7f_2	89	Response	1	2180755	10615	1
33434.7f_2	90	Picture	84_T1_Picture_044b_Art:_a	2195316	0	1	20174	3	0	next	other	0
33434.7f_2	90	Response	1	2200701	5385	1
33434.7f_2	91	Picture	85_T1_Picture_126b_Art:_b	2220492	0	1	20174	3	0	next	other	0
33434.7f_2	91	Response	3	2233028	12536	1
33434.7f_2	92	Picture	86_T1_Picture_046b_Art:_b	2245668	0	1	20174	3	0	next	other	0
33434.7f_2	92	Response	1	2252361	6693	1
33434.7f_2	93	Picture	87_T1_Picture_065a_Art:_i	2270844	0	2	20174	4	0	next	other	0
33434.7f_2	93	Response	3	2280436	9592	1
33434.7f_2	94	Picture	88_T1_Picture_010a_Art:_a	2296020	0	2	20174	4	0	next	other	0
33434.7f_2	94	Response	3	2308498	12478	1
33434.7f_2	95	Picture	89_T1_Picture_031a_Art:_b	2321196	0	2	20174	4	0	next	other	0
33434.7f_2	95	Response	3	2333071	11875	1
33434.7f_2	96	Picture	90_T1_Picture_050a_Art:_a	2346372	0	2	20174	4	0	next	other	0
33434.7f_2	96	Response	1	2356727	10355	1
33434.7f_2	97	Picture	91_T1_Picture_032a_Art:_i	2371548	0	2	20175	3	0	next	other	0
33434.7f_2	97	Response	3	2385708	14160	1
33434.7f_2	98	Picture	92_T1_Picture_069b_Art:_i	2396724	0	2	20175	3	0	next	other	0
33434.7f_2	98	Response	3	2413134	16410	2
33434.7f_2	99	Picture	93_T1_Picture_085b_Art:_a	2421900	0	2	20175	3	0	next	other	0
33434.7f_2	99	Response	1	2428019	6119	1
33434.7f_2	100	Picture	94_T1_Picture_043a_Art:_b	2447076	0	2	20175	3	0	next	other	0
33434.7f_2	100	Response	3	2454360	7284	2
33434.7f_2	101	Picture	95_T1_Picture_080b_Art:_b	2472252	0	2	20175	3	0	next	other	0
33434.7f_2	101	Response	1	2480979	8727	1
33434.7f_2	102	Picture	96_T1_Picture_067b_Art:_i	2497428	0	2	20175	3	0	next	other	0
33434.7f_2	102	Response	3	2504118	6690	1
33434.7f_2	103	Picture	97_T1_Picture_084a_Art:_a	2522605	0	1	20174	2	0	next	other	0
33434.7f_2	103	Response	1	2528902	6297	1
33434.7f_2	104	Picture	98_T1_Picture_015b_Art:_i	2547781	0	1	20174	2	0	next	other	0
33434.7f_2	104	Response	3	2556881	9100	1
33434.7f_2	105	Picture	99_T1_Picture_033b_Art:_i	2572957	0	1	20174	2	0	next	other	0
33434.7f_2	105	Response	3	2581831	8874	1
33434.7f_2	106	Picture	100_T1_Picture_002a_Art:_b	2598133	0	1	20174	2	0	next	other	0
33434.7f_2	106	Response	1	2615880	17747	1
33434.7f_2	107	Picture	101_T1_Picture_079b_Art:_a	2623309	0	1	20174	2	0	next	other	0
33434.7f_2	107	Response	1	2630018	6709	1
33434.7f_2	108	Picture	102_T1_Picture_008b_Art:_a	2648485	0	1	20174	2	0	next	other	0
33434.7f_2	108	Response	1	2656356	7871	1
33434.7f_2	109	Picture	103_T1_Picture_161a_Art:_i	2673661	0	1	20174	2	0	next	other	0
33434.7f_2	109	Response	3	2682201	8540	1
33434.7f_2	110	Picture	104_T1_Picture_053a_Art:_i	2698837	0	1	20174	2	0	next	other	0
33434.7f_2	110	Response	3	2706986	8149	2
33434.7f_2	111	Picture	105_T1_Picture_039b_Art:_a	2724013	0	1	20174	2	0	next	other	0
33434.7f_2	111	Response	1	2730070	6057	1
33434.7f_2	112	Picture	106_T1_Picture_072a_Art:_b	2749189	0	1	20174	2	0	next	other	0
33434.7f_2	112	Response	1	2757958	8769	1
33434.7f_2	113	Picture	107_T1_Picture_183b_Art:_a	2774365	0	1	20174	2	0	next	other	0
33434.7f_2	113	Response	1	2781803	7438	1
33434.7f_2	114	Picture	108_T1_Picture_144b_Art:_b	2799541	0	1	20174	2	0	next	other	0
33434.7f_2	114	Response	3	2811961	12420	1
33434.7f_2	115	Picture	109_T1_Picture_151b_Art:_a	2824717	0	1	20174	2	0	next	other	0
33434.7f_2	115	Response	1	2832041	7324	1
33434.7f_2	116	Picture	110_T1_Picture_166b_Art:_i	2849893	0	1	20174	2	0	next	other	0
33434.7f_2	116	Response	3	2858436	8543	1
33434.7f_2	117	Picture	111_T1_Picture_090b_Art:_a	2875069	0	1	20174	2	0	next	other	0
33434.7f_2	117	Response	1	2881683	6614	1
33434.7f_2	118	Picture	112_T1_Picture_048b_Art:_i	2900245	0	1	20174	3	0	next	other	0
33434.7f_2	118	Response	3	2910074	9829	1
33434.7f_2	119	Picture	113_T1_Picture_122b_Art:_a	2925421	0	1	20174	3	0	next	other	0
33434.7f_2	119	Response	3	2942490	17069	1
33434.7f_2	120	Picture	114_T1_Picture_035a_Art:_b	2950597	0	1	20174	3	0	next	other	0
33434.7f_2	120	Response	1	2961171	10574	1
33434.7f_2	121	Picture	115_T1_Picture_016b_Art:_b	2975773	0	1	20174	3	0	next	other	0
33434.7f_2	121	Response	3	2982684	6911	1
33434.7f_2	122	Picture	116_T1_Picture_106a_Art:_i	3000949	0	1	20174	3	0	next	other	0
33434.7f_2	122	Response	3	3008250	7301	1
33434.7f_2	123	Picture	117_T1_Picture_188a_Art:_i	3026125	0	2	20174	4	0	next	other	0
33434.7f_2	123	Response	3	3033002	6877	1
33434.7f_2	124	Picture	118_T1_Picture_029b_Art:_a	3051301	0	2	20175	3	0	next	other	0
33434.7f_2	124	Response	1	3061417	10116	1
33434.7f_2	125	Picture	119_T1_Picture_059a_Art:_b	3076477	0	2	20174	4	0	next	other	0
33434.7f_2	125	Response	1	3090434	13957	1
33434.7f_2	126	Picture	120_T1_Picture_019b_Art:_a	3101653	0	2	20175	3	0	next	other	0
33434.7f_2	126	Response	1	3107453	5800	2
33434.7f_2	127	Picture	121_T1_Picture_128b_Art:_b	3126829	0	2	20175	3	0	next	other	0
33434.7f_2	127	Response	1	3135034	8205	1
33434.7f_2	128	Picture	122_T1_Picture_081b_Art:_i	3152005	0	2	20175	3	0	next	other	0
33434.7f_2	128	Response	3	3159474	7469	1
33434.7f_2	129	Picture	123_T1_Picture_179a_Art:_i	3177182	0	1	20174	2	0	next	other	0
33434.7f_2	129	Response	3	3184834	7652	1
33434.7f_2	130	Picture	124_T1_Picture_049a_Art:_b	3202358	0	1	20174	2	0	next	other	0
33434.7f_2	130	Response	1	3214220	11862	1
33434.7f_2	131	Picture	125_T1_Picture_006b_Art:_i	3227534	0	1	20174	2	0	next	other	0
33434.7f_2	131	Response	3	3246110	18576	1
33434.7f_2	132	Picture	126_T1_Picture_157b_Art:_i	3252710	0	1	20174	2	0	next	other	0
33434.7f_2	132	Response	3	3260542	7832	1
33434.7f_2	133	Picture	127_T1_Picture_037a_Art:_b	3277886	0	1	20174	2	0	next	other	0
33434.7f_2	133	Response	3	3293142	15256	1
33434.7f_2	134	Picture	128_T1_Picture_121b_Art:_a	3303062	0	1	20174	2	0	next	other	0
33434.7f_2	134	Response	1	3316753	13691	1
33434.7f_2	135	Picture	Instr_T2_20	3348232	0	181	205590	182	0	next	hit	269
33434.7f_2	135	Response	4	3553652	205420	2
33434.7f_2	136	Picture	Instr_T2_21	3558990	0	1	121712	2	0	next	hit	271
33434.7f_2	136	Response	4	3680571	121581	2
33434.7f_2	137	Picture	Instr_T2_22	3685871	0	1	7669	2	0	next	hit	273
33434.7f_2	137	Response	4	3693392	7521	2
33434.7f_2	138	Picture	Instr_T2_23	3698709	0	1	5835	3	0	next	hit	275
33434.7f_2	138	Response	4	3704426	5717	2
33434.7f_2	139	Picture	Instr_T2_24	3709713	0	1	7503	2	0	next	hit	277
33434.7f_2	139	Response	4	3717159	7446	1
33434.7f_2	140	Picture	Instr_T2_25	3717216	0	1	8670	2	0	next	hit	279
33434.7f_2	140	Response	4	3725712	8496	1
33434.7f_2	141	Picture	Instr_T2_27	3731054	0	1	3168	2	0	next	hit	281
33434.7f_2	141	Response	4	3734157	3103	1
33434.7f_2	142	Picture	Instr_T2_28	3734222	0	1	4168	3	0	next	hit	283
33434.7f_2	142	Response	4	3738274	4052	1
33434.7f_2	143	Picture	Instr_T2_30	3743559	0	1	11004	2	0	next	hit	285
33434.7f_2	143	Response	4	3754503	10944	1
33434.7f_2	144	Picture	Instr_T2_31	3754563	0	1	6502	3	0	next	hit	287
33434.7f_2	144	Response	4	3760894	6331	1
33434.7f_2	145	Picture	Instr_T2_33	3766234	0	1	7003	2	0	next	hit	289
33434.7f_2	145	Response	4	3773129	6895	2
33434.7f_2	146	Picture	Instr_T2_34	3773237	0	1	6669	2	0	next	hit	291
33434.7f_2	146	Response	4	3779777	6540	2
33434.7f_2	147	Picture	Instr_T2_36	3785074	0	2	27677	3	0	next	hit	293
33434.7f_2	147	Response	4	3812731	27657	1
33434.7f_2	148	Picture	Instr_T2_38	3817920	0	1	44850	2	0	next	hit	295
33434.7f_2	148	Response	4	3862733	44813	1
33434.7f_2	149	Picture	Instr_T2_39	3862770	0	1	34513	2	0	next	hit	297
33434.7f_2	149	Response	4	3897212	34442	2
33434.7f_2	150	Picture	Instr_T2_41	3902451	0	2	21175	3	0	next	hit	299
33434.7f_2	150	Response	4	3923456	21005	2
33434.7f_2	151	Picture	Instr_T2_42	3923626	0	1	7336	2	0	next	hit	301
33434.7f_2	151	Response	4	3930893	7267	1
33434.7f_2	152	Picture	Instr_T2_44	3936131	0	1	21841	2	0	next	hit	303
33434.7f_2	152	Response	4	3957933	21802	2
33434.7f_2	153	Picture	Instr_T2_45	3957972	0	1	9504	2	0	next	hit	305
33434.7f_2	153	Response	4	3967316	9344	2
33434.7f_2	154	Picture	Instr_T2_46	3967476	0	1	93368	2	0	next	hit	307
33434.7f_2	154	Response	4	4060783	93307	2
33434.7f_2	155	Picture	Instr_T2_48	4066012	0	1	14339	2	0	next	hit	309
33434.7f_2	155	Response	4	4080294	14282	1
33434.7f_2	156	Picture	Instr_T2_49	4080351	0	1	5002	2	0	next	hit	311
33434.7f_2	156	Response	4	4085251	4900	1
33434.7f_2	157	Picture	Instr_T2_51	4090521	0	2	12338	3	0	next	hit	313
33434.7f_2	157	Response	4	4102798	12277	2
33434.7f_2	158	Picture	Instr_T2_52	4102859	0	1	6169	2	0	next	hit	315
33434.7f_2	158	Response	4	4108928	6069	2
33434.7f_2	159	Picture	Instr_T2_54	4114197	0	1	11171	2	0	next	hit	317
33434.7f_2	159	Response	4	4125249	11052	2
33434.7f_2	160	Picture	Instr_T2_55	4125368	0	1	27843	3	0	next	hit	319
33434.7f_2	160	Response	4	4153044	27676	1
33434.7f_2	161	Picture	Instr_T2_56	4153211	0	2	201909	3	0	next	hit	321
33434.7f_2	161	Response	4	4355003	201792	2
33434.7f_2	162	Picture	Instr_T2_58	4360288	0	2	167729	4	0	next	hit	323
33434.7f_2	162	Response	4	4527997	167709	2
33434.7f_2	163	Picture	1_T2_Picture_117a_Art:_old_cor_taste:_1	4538188	0	1	20174	2	0	next	false_alarm	325
33434.7f_2	163	Response	1	4556356	18168	1
33434.7f_2	164	Picture	FB_cor	4563364	0	1	500	2	0	next	other	0
33434.7f_2	165	Picture	2_T2_Picture_092a_Art:_sim_cor_taste:_2	4563864	0	1	20174	3	0	next	false_alarm	328
33434.7f_2	165	Response	1	4569856	5992	1
33434.7f_2	166	Picture	FB_inco	4589040	0	1	500	3	0	next	other	0
33434.7f_2	167	Picture	3_T2_Picture_096b_Art:_sim_cor_taste:_2	4589540	0	2	20175	3	0	next	false_alarm	331
33434.7f_2	167	Response	1	4596354	6814	1
33434.7f_2	168	Picture	FB_inco	4614716	0	2	501	3	0	next	other	0
33434.7f_2	169	Picture	4_T2_Picture_130a_Art:_new_cor_taste:_3	4615217	0	1	20174	2	0	next	false_alarm	334
33434.7f_2	169	Response	1	4621811	6594	2
33434.7f_2	170	Picture	FB_inco	4640393	0	1	500	2	0	next	other	0
33434.7f_2	171	Picture	5_T2_Picture_061b_Art:_sim_cor_taste:_2	4640893	0	1	20174	2	0	next	false_alarm	337
33434.7f_2	171	Response	1	4646891	5998	1
33434.7f_2	172	Picture	FB_inco	4666069	0	1	500	2	0	next	other	0
33434.7f_2	173	Picture	6_T2_Picture_147b_Art:_old_cor_taste:_1	4666569	0	1	20174	2	0	next	false_alarm	340
33434.7f_2	173	Response	1	4674593	8024	1
33434.7f_2	174	Picture	FB_cor	4691745	0	1	500	2	0	next	other	0
33434.7f_2	175	Picture	7_T2_Picture_154a_Art:_new_cor_taste:_3	4692245	0	1	20174	3	0	next	false_alarm	343
33434.7f_2	175	Response	1	4707860	15615	1
33434.7f_2	176	Picture	FB_inco	4717421	0	1	500	3	0	next	other	0
33434.7f_2	177	Picture	8_T2_Picture_179b_Art:_sim_cor_taste:_2	4717921	0	2	20175	3	0	next	false_alarm	346
33434.7f_2	177	Response	1	4724054	6133	1
33434.7f_2	178	Picture	FB_inco	4743098	0	1	500	2	0	next	other	0
33434.7f_2	179	Picture	9_T2_Picture_060a_Art:_new_cor_taste:_3	4743598	0	1	20174	2	0	next	false_alarm	349
33434.7f_2	179	Response	1	4749439	5841	1
33434.7f_2	180	Picture	FB_inco	4768774	0	1	500	2	0	next	other	0
33434.7f_2	181	Picture	10_T2_Picture_141a_Art:_new_cor_taste:_3	4769274	0	1	20174	2	0	next	false_alarm	352
33434.7f_2	181	Response	1	4779109	9835	1
33434.7f_2	182	Picture	FB_inco	4794450	0	1	500	2	0	next	other	0
33434.7f_2	183	Picture	11_T2_Picture_034a_Art:_new_cor_taste:_3	4794950	0	1	20174	2	0	next	false_alarm	355
33434.7f_2	183	Response	3	4811599	16649	1
33434.7f_2	184	Picture	FB_cor	4820126	0	1	500	3	0	next	other	0
33434.7f_2	185	Picture	12_T2_Picture_001b_Art:_sim_cor_taste:_2	4820626	0	2	20175	3	0	next	false_alarm	358
33434.7f_2	185	Response	1	4830259	9633	1
33434.7f_2	186	Picture	FB_inco	4845802	0	2	501	3	0	next	other	0
33434.7f_2	187	Picture	13_T2_Picture_170b_Art:_new_cor_taste:_3	4846303	0	1	20174	2	0	next	false_alarm	361
33434.7f_2	187	Response	1	4858693	12390	1
33434.7f_2	188	Picture	FB_inco	4871478	0	2	501	3	0	next	other	0
33434.7f_2	189	Picture	14_T2_Picture_166b_Art:_old_cor_taste:_1	4871979	0	1	20174	2	0	next	false_alarm	364
33434.7f_2	189	Response	1	4880991	9012	1
33434.7f_2	190	Picture	FB_cor	4897155	0	1	500	2	0	next	other	0
33434.7f_2	191	Picture	15_T2_Picture_150a_Art:_new_cor_taste:_3	4897655	0	1	20174	2	0	next	false_alarm	367
33434.7f_2	191	Response	1	4905223	7568	1
33434.7f_2	192	Picture	FB_inco	4922831	0	1	500	2	0	next	other	0
33434.7f_2	193	Picture	16_T2_Picture_097b_Art:_sim_cor_taste:_2	4923331	0	1	20174	3	0	next	false_alarm	370
33434.7f_2	193	Response	1	4936764	13433	1
33434.7f_2	194	Picture	FB_inco	4948507	0	1	500	3	0	next	other	0
33434.7f_2	195	Picture	17_T2_Picture_109b_Art:_sim_cor_taste:_2	4949007	0	2	20175	3	0	next	other	0
33434.7f_2	196	Picture	FB_miss	4974183	0	2	501	3	0	next	other	0
33434.7f_2	197	Picture	18_T2_Picture_045b_Art:_old_cor_taste:_1	4974684	0	1	20174	2	0	next	false_alarm	375
33434.7f_2	197	Response	2	4980082	5398	1
33434.7f_2	197	Response	1	4991119	16435	1
33434.7f_2	198	Picture	FB_inco	4999860	0	1	500	2	0	next	other	0
33434.7f_2	199	Picture	19_T2_Picture_074a_Art:_old_cor_taste:_1	5000360	0	1	20174	2	0	next	false_alarm	379
33434.7f_2	199	Response	1	5008837	8477	1
33434.7f_2	200	Picture	FB_cor	5025536	0	1	500	2	0	next	other	0
33434.7f_2	201	Picture	20_T2_Picture_085a_Art:_sim_cor_taste:_2	5026036	0	1	20174	2	0	next	false_alarm	382
33434.7f_2	201	Response	1	5032820	6784	1
33434.7f_2	202	Picture	FB_inco	5051212	0	1	500	3	0	next	other	0
33434.7f_2	203	Picture	21_T2_Picture_114b_Art:_new_cor_taste:_3	5051712	0	2	20174	4	0	next	false_alarm	385
33434.7f_2	203	Response	2	5064929	13217	1
33434.7f_2	204	Picture	FB_inco	5076888	0	2	500	4	0	next	other	0
33434.7f_2	205	Picture	22_T2_Picture_111a_Art:_sim_cor_taste:_2	5077388	0	2	20175	3	0	next	false_alarm	388
33434.7f_2	205	Response	2	5091387	13999	1
33434.7f_2	206	Picture	FB_cor	5102564	0	2	501	3	0	next	other	0
33434.7f_2	207	Picture	23_T2_Picture_072a_Art:_old_cor_taste:_1	5103065	0	1	20174	2	0	next	false_alarm	391
33434.7f_2	207	Response	1	5108378	5313	1
33434.7f_2	208	Picture	FB_cor	5128241	0	1	500	2	0	next	other	0
33434.7f_2	209	Picture	24_T2_Picture_112a_Art:_new_cor_taste:_3	5128741	0	1	20174	2	0	next	false_alarm	394
33434.7f_2	209	Response	1	5139255	10514	1
33434.7f_2	210	Picture	FB_inco	5153917	0	1	500	2	0	next	other	0
33434.7f_2	211	Picture	25_T2_Picture_058a_Art:_new_cor_taste:_3	5154417	0	1	20174	3	0	next	false_alarm	397
33434.7f_2	211	Response	2	5169172	14755	1
33434.7f_2	212	Picture	FB_inco	5179593	0	1	500	3	0	next	other	0
33434.7f_2	213	Picture	26_T2_Picture_039a_Art:_sim_cor_taste:_2	5180093	0	2	20175	3	0	next	false_alarm	400
33434.7f_2	213	Response	1	5188205	8112	1
33434.7f_2	214	Picture	FB_inco	5205269	0	2	501	3	0	next	other	0
33434.7f_2	215	Picture	27_T2_Picture_152a_Art:_sim_cor_taste:_2	5205770	0	1	20174	2	0	next	false_alarm	403
33434.7f_2	215	Response	1	5219352	13582	1
33434.7f_2	216	Picture	FB_inco	5230946	0	1	500	2	0	next	other	0
33434.7f_2	217	Picture	28_T2_Picture_054b_Art:_new_cor_taste:_3	5231446	0	1	20174	2	0	next	false_alarm	406
33434.7f_2	217	Response	1	5242813	11367	1
33434.7f_2	218	Picture	FB_inco	5256622	0	1	500	2	0	next	other	0
33434.7f_2	219	Picture	29_T2_Picture_077a_Art:_new_cor_taste:_3	5257122	0	1	20174	3	0	next	false_alarm	409
33434.7f_2	219	Response	2	5269165	12043	1
33434.7f_2	220	Picture	FB_inco	5282298	0	1	500	3	0	next	other	0
33434.7f_2	221	Picture	30_T2_Picture_069b_Art:_old_cor_taste:_1	5282798	0	2	20174	4	0	next	false_alarm	412
33434.7f_2	221	Response	1	5293609	10811	2
33434.7f_2	222	Picture	FB_cor	5307974	0	2	500	4	0	next	other	0
33434.7f_2	223	Picture	31_T2_Picture_078b_Art:_new_cor_taste:_3	5308474	0	2	20175	3	0	next	false_alarm	415
33434.7f_2	223	Response	1	5322059	13585	1
33434.7f_2	224	Picture	FB_inco	5333650	0	2	501	3	0	next	other	0
33434.7f_2	225	Picture	32_T2_Picture_107b_Art:_new_cor_taste:_3	5334151	0	1	20174	2	0	next	false_alarm	418
33434.7f_2	225	Response	1	5356202	22051	1
33434.7f_2	226	Picture	FB_inco	5359327	0	1	500	2	0	next	other	0
33434.7f_2	227	Picture	33_T2_Picture_155a_Art:_sim_cor_taste:_2	5359827	0	1	20174	2	0	next	false_alarm	421
33434.7f_2	227	Response	1	5369151	9324	1
33434.7f_2	228	Picture	FB_inco	5385003	0	1	500	2	0	next	other	0
33434.7f_2	229	Picture	34_T2_Picture_126a_Art:_sim_cor_taste:_2	5385503	0	1	20174	2	0	next	false_alarm	424
33434.7f_2	229	Response	1	5396858	11355	1
33434.7f_2	230	Picture	FB_inco	5410679	0	1	500	3	0	next	other	0
33434.7f_2	231	Picture	35_T2_Picture_176b_Art:_new_cor_taste:_3	5411179	0	2	20175	3	0	next	false_alarm	427
33434.7f_2	231	Response	1	5425154	13975	1
33434.7f_2	232	Picture	FB_inco	5436355	0	2	501	3	0	next	other	0
33434.7f_2	233	Picture	36_T2_Picture_020a_Art:_old_cor_taste:_1	5436856	0	1	20174	2	0	next	false_alarm	430
33434.7f_2	233	Response	1	5447325	10469	1
33434.7f_2	234	Picture	FB_cor	5462032	0	1	500	2	0	next	other	0
33434.7f_2	235	Picture	37_T2_Picture_140a_Art:_new_cor_taste:_3	5462532	0	1	20174	2	0	next	false_alarm	433
33434.7f_2	235	Response	3	5473175	10643	1
33434.7f_2	236	Picture	FB_cor	5487708	0	1	500	2	0	next	other	0
33434.7f_2	237	Picture	38_T2_Picture_185a_Art:_sim_cor_taste:_2	5488208	0	1	20174	2	0	next	false_alarm	436
33434.7f_2	237	Response	3	5498591	10383	1
33434.7f_2	238	Picture	FB_inco	5513384	0	1	500	3	0	next	other	0
33434.7f_2	239	Picture	39_T2_Picture_143b_Art:_sim_cor_taste:_2	5513884	0	2	20174	4	0	next	false_alarm	439
33434.7f_2	239	Response	2	5527682	13798	1
33434.7f_2	240	Picture	FB_cor	5539060	0	2	500	4	0	next	other	0
33434.7f_2	241	Picture	40_T2_Picture_079a_Art:_sim_cor_taste:_2	5539560	0	2	20175	3	0	next	false_alarm	442
33434.7f_2	241	Response	1	5549022	9462	1
33434.7f_2	242	Picture	FB_inco	5564736	0	2	501	3	0	next	other	0
33434.7f_2	243	Picture	41_T2_Picture_013a_Art:_new_cor_taste:_3	5565237	0	1	20174	2	0	next	false_alarm	445
33434.7f_2	243	Response	1	5575237	10000	1
33434.7f_2	244	Picture	FB_inco	5590413	0	1	500	2	0	next	other	0
33434.7f_2	245	Picture	42_T2_Picture_036a_Art:_new_cor_taste:_3	5590913	0	1	20174	2	0	next	false_alarm	448
33434.7f_2	245	Response	2	5602084	11171	1
33434.7f_2	246	Picture	FB_inco	5616089	0	1	500	2	0	next	other	0
33434.7f_2	247	Picture	43_T2_Picture_063a_Art:_new_cor_taste:_3	5616589	0	1	20174	3	0	next	false_alarm	451
33434.7f_2	247	Response	2	5624117	7528	1
33434.7f_2	248	Picture	FB_inco	5641765	0	1	500	3	0	next	other	0
33434.7f_2	249	Picture	44_T2_Picture_098b_Art:_sim_cor_taste:_2	5642265	0	2	20174	4	0	next	false_alarm	454
33434.7f_2	249	Response	3	5656922	14657	2
33434.7f_2	250	Picture	FB_inco	5667441	0	2	501	3	0	next	other	0
33434.7f_2	251	Picture	45_T2_Picture_116a_Art:_old_cor_taste:_1	5667942	0	1	20174	2	0	next	false_alarm	457
33434.7f_2	251	Response	1	5687563	19621	2
33434.7f_2	252	Picture	FB_cor	5693118	0	1	500	2	0	next	other	0
33434.7f_2	253	Picture	46_T2_Picture_094b_Art:_new_cor_taste:_3	5693618	0	1	20174	2	0	next	false_alarm	460
33434.7f_2	253	Response	2	5706946	13328	1
33434.7f_2	254	Picture	FB_inco	5718794	0	1	500	2	0	next	other	0
33434.7f_2	255	Picture	47_T2_Picture_175b_Art:_new_cor_taste:_3	5719294	0	1	20174	2	0	next	false_alarm	463
33434.7f_2	255	Response	1	5730004	10710	1
33434.7f_2	256	Picture	FB_inco	5744470	0	1	500	2	0	next	other	0
33434.7f_2	257	Picture	48_T2_Picture_153b_Art:_new_cor_taste:_3	5744970	0	1	20174	3	0	next	false_alarm	466
33434.7f_2	257	Response	3	5756832	11862	2
33434.7f_2	258	Picture	FB_cor	5770146	0	2	500	4	0	next	other	0
33434.7f_2	259	Picture	49_T2_Picture_031b_Art:_sim_cor_taste:_2	5770646	0	2	20175	3	0	next	false_alarm	469
33434.7f_2	259	Response	2	5783391	12745	1
33434.7f_2	260	Picture	FB_cor	5795822	0	2	501	3	0	next	other	0
33434.7f_2	261	Picture	50_T2_Picture_012a_Art:_old_cor_taste:_1	5796323	0	1	20174	2	0	next	false_alarm	472
33434.7f_2	261	Response	1	5806623	10300	1
33434.7f_2	262	Picture	FB_cor	5821499	0	1	500	2	0	next	other	0
33434.7f_2	263	Picture	51_T2_Picture_103b_Art:_new_cor_taste:_3	5821999	0	1	20174	2	0	next	false_alarm	475
33434.7f_2	263	Response	3	5840607	18608	1
33434.7f_2	264	Picture	FB_cor	5847175	0	1	500	2	0	next	other	0
33434.7f_2	265	Picture	52_T2_Picture_118b_Art:_new_cor_taste:_3	5847675	0	1	20174	2	0	next	false_alarm	478
33434.7f_2	265	Response	2	5866083	18408	1
33434.7f_2	266	Picture	FB_inco	5872851	0	1	500	2	0	next	other	0
33434.7f_2	267	Picture	53_T2_Picture_015a_Art:_sim_cor_taste:_2	5873351	0	1	20174	3	0	next	false_alarm	481
33434.7f_2	267	Response	1	5882416	9065	1
33434.7f_2	268	Picture	FB_inco	5898527	0	2	501	3	0	next	other	0
33434.7f_2	269	Picture	54_T2_Picture_128a_Art:_sim_cor_taste:_2	5899028	0	1	20174	2	0	next	false_alarm	484
33434.7f_2	269	Response	2	5911245	12217	1
33434.7f_2	270	Picture	FB_cor	5924204	0	1	500	2	0	next	other	0
33434.7f_2	271	Picture	55_T2_Picture_062b_Art:_new_cor_taste:_3	5924704	0	1	20174	2	0	next	false_alarm	487
33434.7f_2	271	Response	2	5935951	11247	1
33434.7f_2	272	Picture	FB_inco	5949880	0	1	500	2	0	next	other	0
33434.7f_2	273	Picture	56_T2_Picture_157b_Art:_old_cor_taste:_1	5950380	0	1	20174	2	0	next	false_alarm	490
33434.7f_2	273	Response	1	5960279	9899	1
33434.7f_2	274	Picture	FB_cor	5975556	0	1	500	2	0	next	other	0
33434.7f_2	275	Picture	57_T2_Picture_145a_Art:_new_cor_taste:_3	5976056	0	1	20174	3	0	next	false_alarm	493
33434.7f_2	275	Response	3	5990492	14436	2
33434.7f_2	276	Picture	FB_cor	6001232	0	1	500	3	0	next	other	0
33434.7f_2	277	Picture	58_T2_Picture_132a_Art:_old_cor_taste:_1	6001732	0	2	20174	4	0	next	false_alarm	496
33434.7f_2	277	Response	1	6013002	11270	1
33434.7f_2	278	Picture	FB_cor	6026908	0	2	501	3	0	next	other	0
33434.7f_2	279	Picture	59_T2_Picture_021a_Art:_sim_cor_taste:_2	6027409	0	1	20174	2	0	next	false_alarm	499
33434.7f_2	279	Response	1	6038529	11120	2
33434.7f_2	280	Picture	FB_inco	6052585	0	1	500	2	0	next	other	0
33434.7f_2	281	Picture	60_T2_Picture_177a_Art:_new_cor_taste:_3	6053085	0	1	20174	2	0	next	false_alarm	502
33434.7f_2	281	Response	3	6063081	9996	1
33434.7f_2	282	Picture	FB_cor	6078261	0	1	500	2	0	next	other	0
33434.7f_2	283	Picture	61_T2_Picture_018b_Art:_old_cor_taste:_1	6078761	0	1	20174	2	0	next	false_alarm	505
33434.7f_2	283	Response	1	6088246	9485	2
33434.7f_2	284	Picture	FB_cor	6103937	0	1	500	3	0	next	other	0
33434.7f_2	285	Picture	62_T2_Picture_056b_Art:_new_cor_taste:_3	6104437	0	2	20174	4	0	next	false_alarm	508
33434.7f_2	285	Response	3	6119837	15400	1
33434.7f_2	286	Picture	FB_cor	6129613	0	2	500	4	0	next	other	0
33434.7f_2	287	Picture	63_T2_Picture_026a_Art:_new_cor_taste:_3	6130113	0	2	20175	3	0	next	false_alarm	511
33434.7f_2	287	Response	2	6143963	13850	1
33434.7f_2	288	Picture	FB_inco	6155289	0	2	501	3	0	next	other	0
33434.7f_2	289	Picture	64_T2_Picture_048a_Art:_sim_cor_taste:_2	6155790	0	1	20174	2	0	next	false_alarm	514
33434.7f_2	289	Response	3	6165588	9798	1
33434.7f_2	290	Picture	FB_inco	6180966	0	1	500	2	0	next	other	0
33434.7f_2	291	Picture	65_T2_Picture_066a_Art:_sim_cor_taste:_2	6181466	0	1	20174	2	0	next	false_alarm	517
33434.7f_2	291	Response	2	6195630	14164	2
33434.7f_2	292	Picture	FB_cor	6206642	0	1	500	2	0	next	other	0
33434.7f_2	293	Picture	66_T2_Picture_086b_Art:_old_cor_taste:_1	6207142	0	1	20174	3	0	next	false_alarm	520
33434.7f_2	293	Response	1	6214172	7030	1
33434.7f_2	294	Picture	FB_cor	6232318	0	1	500	3	0	next	other	0
33434.7f_2	295	Picture	67_T2_Picture_033b_Art:_old_cor_taste:_1	6232818	0	2	20175	3	0	next	false_alarm	523
33434.7f_2	295	Response	1	6243780	10962	1
33434.7f_2	296	Picture	FB_cor	6257994	0	2	501	3	0	next	other	0
33434.7f_2	297	Picture	68_T2_Picture_067a_Art:_sim_cor_taste:_2	6258495	0	1	20174	2	0	next	false_alarm	526
33434.7f_2	297	Response	1	6267057	8562	2
33434.7f_2	298	Picture	FB_inco	6283671	0	1	500	2	0	next	other	0
33434.7f_2	299	Picture	69_T2_Picture_158b_Art:_new_cor_taste:_3	6284171	0	1	20174	2	0	next	false_alarm	529
33434.7f_2	299	Response	2	6296481	12310	1
33434.7f_2	300	Picture	FB_inco	6309347	0	1	500	2	0	next	other	0
33434.7f_2	301	Picture	70_T2_Picture_136a_Art:_old_cor_taste:_1	6309847	0	1	20174	2	0	next	false_alarm	532
33434.7f_2	301	Response	1	6318354	8507	2
33434.7f_2	302	Picture	FB_cor	6335023	0	1	500	2	0	next	other	0
33434.7f_2	303	Picture	71_T2_Picture_017a_Art:_old_cor_taste:_1	6335523	0	1	20174	3	0	next	false_alarm	535
33434.7f_2	303	Response	1	6343932	8409	1
33434.7f_2	304	Picture	FB_cor	6360699	0	2	500	4	0	next	other	0
33434.7f_2	305	Picture	72_T2_Picture_046b_Art:_old_cor_taste:_1	6361199	0	2	20175	3	0	next	false_alarm	538
33434.7f_2	305	Response	1	6369171	7972	1
33434.7f_2	306	Picture	FB_cor	6386375	0	2	501	3	0	next	other	0
33434.7f_2	307	Picture	73_T2_Picture_091a_Art:_new_cor_taste:_3	6386876	0	1	20174	2	0	next	other	0
33434.7f_2	308	Picture	FB_miss	6412052	0	1	500	2	0	next	other	0
33434.7f_2	309	Picture	74_T2_Picture_051a_Art:_sim_cor_taste:_2	6412552	0	1	20174	2	0	next	false_alarm	543
33434.7f_2	309	Response	2	6427108	14556	1
33434.7f_2	310	Picture	FB_cor	6437728	0	1	500	2	0	next	other	0
33434.7f_2	311	Picture	75_T2_Picture_019a_Art:_sim_cor_taste:_2	6438228	0	1	20174	3	0	next	false_alarm	546
33434.7f_2	311	Response	1	6444378	6150	1
33434.7f_2	312	Picture	FB_inco	6463404	0	1	500	3	0	next	other	0
33434.7f_2	313	Picture	76_T2_Picture_055b_Art:_sim_cor_taste:_2	6463904	0	2	20174	4	0	next	false_alarm	549
33434.7f_2	313	Response	1	6474023	10119	2
33434.7f_2	314	Picture	FB_inco	6489080	0	2	500	4	0	next	other	0
33434.7f_2	315	Picture	77_T2_Picture_104a_Art:_new_cor_taste:_3	6489580	0	2	20175	3	0	next	false_alarm	552
33434.7f_2	315	Response	1	6497307	7727	2
33434.7f_2	316	Picture	FB_inco	6514757	0	1	500	2	0	next	other	0
33434.7f_2	317	Picture	78_T2_Picture_142b_Art:_new_cor_taste:_3	6515257	0	1	20174	2	0	next	false_alarm	555
33434.7f_2	317	Response	3	6528773	13516	1
33434.7f_2	318	Picture	FB_cor	6540433	0	1	500	2	0	next	other	0
33434.7f_2	319	Picture	79_T2_Picture_041b_Art:_new_cor_taste:_3	6540933	0	1	20174	2	0	next	false_alarm	558
33434.7f_2	319	Response	3	6551540	10607	1
33434.7f_2	320	Picture	FB_cor	6566109	0	1	500	2	0	next	other	0
33434.7f_2	321	Picture	80_T2_Picture_108a_Art:_sim_cor_taste:_2	6566609	0	1	20174	3	0	next	false_alarm	561
33434.7f_2	321	Response	1	6579964	13355	1
33434.7f_2	322	Picture	FB_inco	6591785	0	2	501	3	0	next	other	0
33434.7f_2	323	Picture	81_T2_Picture_168a_Art:_new_cor_taste:_3	6592286	0	1	20174	2	0	next	false_alarm	564
33434.7f_2	323	Response	1	6606172	13886	2
33434.7f_2	324	Picture	FB_inco	6617462	0	1	500	2	0	next	other	0
33434.7f_2	325	Picture	82_T2_Picture_134a_Art:_sim_cor_taste:_2	6617962	0	1	20174	2	0	next	false_alarm	567
33434.7f_2	325	Response	1	6624671	6709	2
33434.7f_2	326	Picture	FB_inco	6643138	0	1	500	2	0	next	other	0
33434.7f_2	327	Picture	83_T2_Picture_030b_Art:_new_cor_taste:_3	6643638	0	1	20174	2	0	next	false_alarm	570
33434.7f_2	327	Response	1	6660089	16451	2
33434.7f_2	328	Picture	FB_inco	6668814	0	1	500	2	0	next	other	0
33434.7f_2	329	Picture	84_T2_Picture_190b_Art:_sim_cor_taste:_2	6669314	0	1	20174	3	0	next	false_alarm	573
33434.7f_2	329	Response	1	6686906	17592	1
33434.7f_2	330	Picture	FB_inco	6694490	0	1	500	3	0	next	other	0
33434.7f_2	331	Picture	85_T2_Picture_008b_Art:_old_cor_taste:_1	6694990	0	2	20174	4	0	next	false_alarm	576
33434.7f_2	331	Response	1	6704251	9261	1
33434.7f_2	332	Picture	FB_cor	6720166	0	2	501	3	0	next	other	0
33434.7f_2	333	Picture	86_T2_Picture_178b_Art:_new_cor_taste:_3	6720667	0	1	20174	2	0	next	false_alarm	579
33434.7f_2	333	Response	1	6728024	7357	2
33434.7f_2	334	Picture	FB_inco	6745843	0	1	500	2	0	next	other	0
33434.7f_2	335	Picture	87_T2_Picture_037a_Art:_old_cor_taste:_1	6746343	0	1	20174	2	0	next	false_alarm	582
33434.7f_2	335	Response	1	6765187	18844	1
33434.7f_2	336	Picture	FB_cor	6771519	0	1	500	2	0	next	other	0
33434.7f_2	337	Picture	88_T2_Picture_164a_Art:_old_cor_taste:_1	6772019	0	1	20174	2	0	next	false_alarm	585
33434.7f_2	337	Response	1	6785482	13463	1
33434.7f_2	338	Picture	FB_cor	6797195	0	1	500	3	0	next	other	0
33434.7f_2	339	Picture	89_T2_Picture_010b_Art:_sim_cor_taste:_2	6797695	0	2	20174	4	0	next	false_alarm	588
33434.7f_2	339	Response	1	6810193	12498	1
33434.7f_2	340	Picture	FB_inco	6822871	0	2	500	4	0	next	other	0
33434.7f_2	341	Picture	90_T2_Picture_016b_Art:_old_cor_taste:_1	6823371	0	2	20175	3	0	next	false_alarm	591
33434.7f_2	341	Response	1	6833119	9748	1
33434.7f_2	342	Picture	FB_cor	6848547	0	2	501	3	0	next	other	0
33434.7f_2	343	Picture	91_T2_Picture_121a_Art:_sim_cor_taste:_2	6849048	0	1	20174	2	0	next	false_alarm	594
33434.7f_2	343	Response	2	6867185	18137	2
33434.7f_2	344	Picture	FB_cor	6874224	0	1	500	2	0	next	other	0
33434.7f_2	345	Picture	92_T2_Picture_076a_Art:_new_cor_taste:_3	6874724	0	1	20174	2	0	next	false_alarm	597
33434.7f_2	345	Response	3	6887079	12355	2
33434.7f_2	346	Picture	FB_cor	6899900	0	1	500	2	0	next	other	0
33434.7f_2	347	Picture	93_T2_Picture_032b_Art:_sim_cor_taste:_2	6900400	0	1	20174	2	0	next	false_alarm	600
33434.7f_2	347	Response	3	6918609	18209	1
33434.7f_2	348	Picture	FB_inco	6925576	0	1	500	3	0	next	other	0
33434.7f_2	349	Picture	94_T2_Picture_174b_Art:_sim_cor_taste:_2	6926076	0	2	20174	4	0	next	false_alarm	603
33434.7f_2	349	Response	3	6945237	19161	1
33434.7f_2	350	Picture	FB_inco	6951252	0	2	501	3	0	next	other	0
33434.7f_2	351	Picture	95_T2_Picture_035a_Art:_old_cor_taste:_1	6951753	0	1	20174	2	0	next	false_alarm	606
33434.7f_2	351	Response	1	6964321	12568	1
33434.7f_2	352	Picture	FB_cor	6976929	0	1	500	2	0	next	other	0
33434.7f_2	353	Picture	96_T2_Picture_053a_Art:_old_cor_taste:_1	6977429	0	1	20174	2	0	next	false_alarm	609
33434.7f_2	353	Response	1	6990689	13260	1
33434.7f_2	354	Picture	FB_cor	7002605	0	1	500	2	0	next	other	0
33434.7f_2	355	Picture	97_T2_Picture_083a_Art:_sim_cor_taste:_2	7003105	0	1	20174	2	0	next	false_alarm	612
33434.7f_2	355	Response	1	7016862	13757	1
33434.7f_2	356	Picture	FB_inco	7028281	0	1	500	2	0	next	other	0
33434.7f_2	357	Picture	98_T2_Picture_173b_Art:_old_cor_taste:_1	7028781	0	1	20174	3	0	next	false_alarm	615
33434.7f_2	357	Response	1	7037526	8745	1
33434.7f_2	358	Picture	FB_cor	7053957	0	2	500	4	0	next	other	0
33434.7f_2	359	Picture	99_T2_Picture_023a_Art:_sim_cor_taste:_2	7054457	0	2	20175	3	0	next	false_alarm	618
33434.7f_2	359	Response	3	7063879	9422	2
33434.7f_2	360	Picture	FB_inco	7079633	0	2	501	3	0	next	other	0
33434.7f_2	361	Picture	100_T2_Picture_088a_Art:_sim_cor_taste:_2	7080134	0	1	20174	2	0	next	false_alarm	621
33434.7f_2	361	Response	1	7093092	12958	1
33434.7f_2	362	Picture	FB_inco	7105310	0	1	500	2	0	next	other	0
33434.7f_2	363	Picture	101_T2_Picture_167a_Art:_old_cor_taste:_1	7105810	0	1	20174	2	0	next	false_alarm	624
33434.7f_2	363	Response	1	7114890	9080	1
33434.7f_2	364	Picture	FB_cor	7130986	0	1	500	2	0	next	other	0
33434.7f_2	365	Picture	102_T2_Picture_105a_Art:_sim_cor_taste:_2	7131486	0	1	20174	3	0	next	false_alarm	627
33434.7f_2	365	Response	1	7139718	8232	1
33434.7f_2	366	Picture	FB_inco	7156662	0	1	500	2	0	next	other	0
33434.7f_2	367	Picture	103_T2_Picture_184a_Art:_old_cor_taste:_1	7157162	0	1	20174	3	0	next	false_alarm	630
33434.7f_2	367	Response	1	7166350	9188	2
33434.7f_2	368	Picture	FB_cor	7182338	0	2	500	4	0	next	other	0
33434.7f_2	369	Picture	104_T2_Picture_049a_Art:_old_cor_taste:_1	7182838	0	2	20175	3	0	next	false_alarm	633
33434.7f_2	369	Response	1	7190449	7611	1
33434.7f_2	370	Picture	FB_cor	7208015	0	1	500	2	0	next	other	0
33434.7f_2	371	Picture	105_T2_Picture_040b_Art:_old_cor_taste:_1	7208515	0	1	20174	2	0	next	false_alarm	636
33434.7f_2	371	Response	1	7216281	7766	1
33434.7f_2	372	Picture	FB_cor	7233691	0	1	500	2	0	next	other	0
33434.7f_2	373	Picture	106_T2_Picture_172a_Art:_sim_cor_taste:_2	7234191	0	1	20174	2	0	next	false_alarm	639
33434.7f_2	373	Response	1	7241363	7172	1
33434.7f_2	374	Picture	FB_inco	7259367	0	1	500	2	0	next	other	0
33434.7f_2	375	Picture	107_T2_Picture_187b_Art:_new_cor_taste:_3	7259867	0	1	20174	3	0	next	false_alarm	642
33434.7f_2	375	Response	2	7278063	18196	1
33434.7f_2	376	Picture	FB_inco	7285043	0	1	500	3	0	next	other	0
33434.7f_2	377	Picture	108_T2_Picture_006b_Art:_old_cor_taste:_1	7285543	0	2	20175	3	0	next	false_alarm	645
33434.7f_2	377	Response	1	7296539	10996	1
33434.7f_2	378	Picture	FB_cor	7310719	0	2	501	3	0	next	other	0
33434.7f_2	379	Picture	109_T2_Picture_137b_Art:_new_cor_taste:_3	7311220	0	1	20174	2	0	next	false_alarm	648
33434.7f_2	379	Response	2	7326768	15548	1
33434.7f_2	380	Picture	FB_inco	7336396	0	1	500	2	0	next	other	0
33434.7f_2	381	Picture	110_T2_Picture_133a_Art:_old_cor_taste:_1	7336896	0	1	20174	2	0	next	false_alarm	651
33434.7f_2	381	Response	1	7344898	8002	1
33434.7f_2	382	Picture	FB_cor	7362072	0	1	500	2	0	next	other	0
33434.7f_2	383	Picture	111_T2_Picture_113a_Art:_old_cor_taste:_1	7362572	0	1	20174	2	0	next	false_alarm	654
33434.7f_2	383	Response	1	7373297	10725	1
33434.7f_2	384	Picture	FB_cor	7387748	0	1	500	3	0	next	other	0
33434.7f_2	385	Picture	112_T2_Picture_144a_Art:_sim_cor_taste:_2	7388248	0	2	20174	4	0	next	false_alarm	657
33434.7f_2	385	Response	3	7399565	11317	1
33434.7f_2	386	Picture	FB_inco	7413424	0	2	500	4	0	next	other	0
33434.7f_2	387	Picture	113_T2_Picture_151a_Art:_sim_cor_taste:_2	7413924	0	2	20175	3	0	next	false_alarm	660
33434.7f_2	387	Response	1	7424398	10474	2
33434.7f_2	388	Picture	FB_inco	7439101	0	1	500	2	0	next	other	0
33434.7f_2	389	Picture	114_T2_Picture_084a_Art:_old_cor_taste:_1	7439601	0	1	20174	2	0	next	false_alarm	663
33434.7f_2	389	Response	3	7458491	18890	1
33434.7f_2	390	Picture	FB_inco	7464777	0	1	500	2	0	next	other	0
33434.7f_2	391	Picture	115_T2_Picture_093b_Art:_new_cor_taste:_3	7465277	0	1	20174	2	0	next	false_alarm	666
33434.7f_2	391	Response	3	7481363	16086	1
33434.7f_2	392	Picture	FB_cor	7490453	0	1	500	2	0	next	other	0
33434.7f_2	393	Picture	116_T2_Picture_146b_Art:_sim_cor_taste:_2	7490953	0	1	20174	3	0	next	false_alarm	669
33434.7f_2	393	Response	1	7503355	12402	2
33434.7f_2	394	Picture	FB_inco	7516129	0	1	500	3	0	next	other	0
33434.7f_2	395	Picture	117_T2_Picture_073a_Art:_sim_cor_taste:_2	7516629	0	2	20174	4	0	next	false_alarm	672
33434.7f_2	395	Response	1	7526099	9470	1
33434.7f_2	396	Picture	FB_inco	7541805	0	2	501	3	0	next	other	0
33434.7f_2	397	Picture	118_T2_Picture_161a_Art:_old_cor_taste:_1	7542306	0	1	20174	2	0	next	false_alarm	675
33434.7f_2	397	Response	1	7553824	11518	2
33434.7f_2	398	Picture	FB_cor	7567482	0	1	500	2	0	next	other	0
33434.7f_2	399	Picture	119_T2_Picture_156a_Art:_new_cor_taste:_3	7567982	0	1	20174	2	0	next	false_alarm	678
33434.7f_2	399	Response	1	7583745	15763	1
33434.7f_2	400	Picture	FB_inco	7593158	0	1	500	2	0	next	other	0
33434.7f_2	401	Picture	120_T2_Picture_068a_Art:_new_cor_taste:_3	7593658	0	1	20174	3	0	next	false_alarm	681
33434.7f_2	401	Response	3	7604917	11259	1
33434.7f_2	402	Picture	FB_cor	7618834	0	1	500	2	0	next	other	0
33434.7f_2	403	Picture	121_T2_Picture_057a_Art:_new_cor_taste:_3	7619334	0	1	20174	3	0	next	false_alarm	684
33434.7f_2	403	Response	1	7630499	11165	1
33434.7f_2	404	Picture	FB_inco	7644510	0	2	500	4	0	next	other	0
33434.7f_2	405	Picture	122_T2_Picture_090a_Art:_sim_cor_taste:_2	7645010	0	2	20175	3	0	next	false_alarm	687
33434.7f_2	405	Response	1	7651723	6713	1
33434.7f_2	406	Picture	FB_inco	7670186	0	8	501	9	0	next	other	0
33434.7f_2	407	Picture	123_T2_Picture_050a_Art:_old_cor_taste:_1	7670687	0	1	20174	2	0	next	false_alarm	690
33434.7f_2	407	Response	1	7683899	13212	1
33434.7f_2	408	Picture	FB_cor	7695863	0	1	500	2	0	next	other	0
33434.7f_2	409	Picture	124_T2_Picture_119b_Art:_new_cor_taste:_3	7696363	0	1	20174	2	0	next	false_alarm	693
33434.7f_2	409	Response	3	7704849	8486	1
33434.7f_2	410	Picture	FB_cor	7721539	0	1	500	2	0	next	other	0
33434.7f_2	411	Picture	125_T2_Picture_059b_Art:_sim_cor_taste:_2	7722039	0	1	20174	2	0	next	false_alarm	696
33434.7f_2	411	Response	1	7731690	9651	1
33434.7f_2	412	Picture	FB_inco	7747215	0	1	500	3	0	next	other	0
33434.7f_2	413	Picture	126_T2_Picture_014a_Art:_sim_cor_taste:_2	7747715	0	2	20174	4	0	next	false_alarm	699
33434.7f_2	413	Response	1	7761729	14014	1
33434.7f_2	414	Picture	FB_inco	7772891	0	2	501	3	0	next	other	0
33434.7f_2	415	Picture	127_T2_Picture_081b_Art:_old_cor_taste:_1	7773392	0	1	20174	2	0	next	false_alarm	702
33434.7f_2	415	Response	1	7780666	7274	2
33434.7f_2	416	Picture	FB_cor	7798568	0	1	500	2	0	next	other	0
33434.7f_2	417	Picture	128_T2_Picture_159b_Art:_new_cor_taste:_3	7799068	0	1	20174	2	0	next	false_alarm	705
33434.7f_2	417	Response	1	7809384	10316	1
33434.7f_2	418	Picture	FB_inco	7824244	0	1	500	2	0	next	other	0
33434.7f_2	419	Picture	129_T2_Picture_087a_Art:_old_cor_taste:_1	7824744	0	1	20174	2	0	next	false_alarm	708
33434.7f_2	419	Response	1	7832574	7830	1
33434.7f_2	420	Picture	FB_cor	7849920	0	1	500	3	0	next	other	0
33434.7f_2	421	Picture	130_T2_Picture_025b_Art:_old_cor_taste:_1	7850420	0	2	20174	4	0	next	false_alarm	711
33434.7f_2	421	Response	1	7856399	5979	1
33434.7f_2	422	Picture	FB_cor	7875596	0	1	500	3	0	next	other	0
33434.7f_2	423	Picture	131_T2_Picture_115b_Art:_sim_cor_taste:_2	7876096	0	2	20175	3	0	next	false_alarm	714
33434.7f_2	423	Response	1	7884281	8185	1
33434.7f_2	424	Picture	FB_inco	7901272	0	2	501	3	0	next	other	0
33434.7f_2	425	Picture	132_T2_Picture_135b_Art:_old_cor_taste:_1	7901773	0	1	20174	2	0	next	false_alarm	717
33434.7f_2	425	Response	1	7913717	11944	1
33434.7f_2	426	Picture	FB_cor	7926949	0	1	500	2	0	next	other	0
33434.7f_2	427	Picture	133_T2_Picture_138b_Art:_sim_cor_taste:_2	7927449	0	1	20174	2	0	next	false_alarm	720
33434.7f_2	427	Response	1	7940240	12791	1
33434.7f_2	428	Picture	FB_inco	7952625	0	1	500	2	0	next	other	0
33434.7f_2	429	Picture	134_T2_Picture_127a_Art:_old_cor_taste:_1	7953125	0	1	20174	3	0	next	false_alarm	723
33434.7f_2	429	Response	1	7975698	22573	1
33434.7f_2	430	Picture	FB_cor	7978301	0	1	500	3	0	next	other	0
33434.7f_2	431	Picture	135_T2_Picture_125b_Art:_new_cor_taste:_3	7978801	0	2	20175	3	0	next	false_alarm	726
33434.7f_2	431	Response	3	7988403	9602	1
33434.7f_2	432	Picture	FB_cor	8003977	0	2	501	3	0	next	other	0
33434.7f_2	433	Picture	136_T2_Picture_029b_Art:_old_cor_taste:_1	8004478	0	1	20174	2	0	next	false_alarm	729
33434.7f_2	433	Response	1	8012738	8260	1
33434.7f_2	434	Picture	FB_cor	8029654	0	1	500	2	0	next	other	0
33434.7f_2	435	Picture	137_T2_Picture_160a_Art:_sim_cor_taste:_2	8030154	0	1	20174	2	0	next	false_alarm	732
33434.7f_2	435	Response	1	8043042	12888	1
33434.7f_2	436	Picture	FB_inco	8055330	0	1	500	2	0	next	other	0
33434.7f_2	437	Picture	138_T2_Picture_165a_Art:_sim_cor_taste:_2	8055830	0	1	20174	2	0	next	false_alarm	735
33434.7f_2	437	Response	3	8064152	8322	1
33434.7f_2	438	Picture	FB_inco	8081006	0	1	500	2	0	next	other	0
33434.7f_2	439	Picture	139_T2_Picture_080b_Art:_old_cor_taste:_1	8081506	0	1	20174	3	0	next	false_alarm	738
33434.7f_2	439	Response	1	8088481	6975	2
33434.7f_2	440	Picture	FB_cor	8106682	0	1	500	3	0	next	other	0
33434.7f_2	441	Picture	140_T2_Picture_189a_Art:_new_cor_taste:_3	8107182	0	2	20175	3	0	next	false_alarm	741
33434.7f_2	441	Response	3	8117396	10214	1
33434.7f_2	442	Picture	FB_cor	8132358	0	2	501	3	0	next	other	0
33434.7f_2	443	Picture	141_T2_Picture_027b_Art:_old_cor_taste:_1	8132859	0	1	20174	2	0	next	false_alarm	744
33434.7f_2	443	Response	1	8143918	11059	1
33434.7f_2	444	Picture	FB_cor	8158035	0	1	500	2	0	next	other	0
33434.7f_2	445	Picture	142_T2_Picture_082a_Art:_old_cor_taste:_1	8158535	0	1	20174	2	0	next	false_alarm	747
33434.7f_2	445	Response	1	8167389	8854	1
33434.7f_2	446	Picture	FB_cor	8183711	0	1	500	2	0	next	other	0
33434.7f_2	447	Picture	143_T2_Picture_102a_Art:_old_cor_taste:_1	8184211	0	1	20174	2	0	next	false_alarm	750
33434.7f_2	447	Response	1	8191222	7011	1
33434.7f_2	448	Picture	FB_cor	8209387	0	1	500	3	0	next	other	0
33434.7f_2	449	Picture	144_T2_Picture_162b_Art:_new_cor_taste:_3	8209887	0	2	20174	4	0	next	false_alarm	753
33434.7f_2	449	Response	1	8220110	10223	1
33434.7f_2	450	Picture	FB_inco	8235063	0	2	501	3	0	next	other	0
33434.7f_2	451	Picture	145_T2_Picture_169a_Art:_new_cor_taste:_3	8235564	0	1	20174	2	0	next	false_alarm	756
33434.7f_2	451	Response	3	8253803	18239	1
33434.7f_2	452	Picture	FB_cor	8260739	0	2	501	3	0	next	other	0
33434.7f_2	453	Picture	146_T2_Picture_070b_Art:_new_cor_taste:_3	8261240	0	1	20174	2	0	next	false_alarm	759
33434.7f_2	453	Response	1	8268284	7044	1
33434.7f_2	454	Picture	FB_inco	8286416	0	1	500	2	0	next	other	0
33434.7f_2	455	Picture	147_T2_Picture_044b_Art:_old_cor_taste:_1	8286916	0	1	20174	3	0	next	false_alarm	762
33434.7f_2	455	Response	1	8294083	7167	1
33434.7f_2	456	Picture	FB_cor	8312092	0	1	500	2	0	next	other	0
33434.7f_2	457	Picture	148_T2_Picture_183b_Art:_old_cor_taste:_1	8312592	0	1	20174	3	0	next	false_alarm	765
33434.7f_2	457	Response	1	8324394	11802	2
33434.7f_2	458	Picture	FB_cor	8337768	0	1	500	3	0	next	other	0
33434.7f_2	459	Picture	149_T2_Picture_163b_Art:_old_cor_taste:_1	8338268	0	2	20175	3	0	next	false_alarm	768
33434.7f_2	459	Response	1	8344818	6550	1
33434.7f_2	460	Picture	FB_cor	8363444	0	2	501	3	0	next	other	0
33434.7f_2	461	Picture	150_T2_Picture_188b_Art:_sim_cor_taste:_2	8363945	0	1	20174	2	0	next	false_alarm	771
33434.7f_2	461	Response	2	8379686	15741	1
33434.7f_2	462	Picture	FB_cor	8389121	0	1	500	2	0	next	other	0
33434.7f_2	463	Picture	151_T2_Picture_191a_Art:_sim_cor_taste:_2	8389621	0	1	20174	2	0	next	false_alarm	774
33434.7f_2	463	Response	2	8402668	13047	1
33434.7f_2	464	Picture	FB_cor	8414797	0	1	500	2	0	next	other	0
33434.7f_2	465	Picture	152_T2_Picture_028b_Art:_sim_cor_taste:_2	8415297	0	1	20174	2	0	next	false_alarm	777
33434.7f_2	465	Response	2	8427167	11870	1
33434.7f_2	466	Picture	FB_cor	8440473	0	1	500	3	0	next	other	0
33434.7f_2	467	Picture	153_T2_Picture_181a_Art:_old_cor_taste:_1	8440973	0	2	20174	4	0	next	false_alarm	780
33434.7f_2	467	Response	1	8455629	14656	1
33434.7f_2	468	Picture	FB_cor	8466149	0	2	500	4	0	next	other	0
33434.7f_2	469	Picture	154_T2_Picture_182a_Art:_sim_cor_taste:_2	8466649	0	2	20175	3	0	next	false_alarm	783
33434.7f_2	469	Response	1	8477185	10536	1
33434.7f_2	470	Picture	FB_inco	8491825	0	2	501	3	0	next	other	0
33434.7f_2	471	Picture	155_T2_Picture_043a_Art:_old_cor_taste:_1	8492326	0	1	20174	2	0	next	false_alarm	786
33434.7f_2	471	Response	1	8504420	12094	1
33434.7f_2	472	Picture	FB_cor	8517502	0	1	500	2	0	next	other	0
33434.7f_2	473	Picture	156_T2_Picture_002b_Art:_sim_cor_taste:_2	8518002	0	1	20174	2	0	next	false_alarm	789
33434.7f_2	473	Response	1	8525116	7114	2
33434.7f_2	474	Picture	FB_inco	8543178	0	1	500	2	0	next	other	0
33434.7f_2	475	Picture	157_T2_Picture_110a_Art:_sim_cor_taste:_2	8543678	0	1	20174	3	0	next	false_alarm	792
33434.7f_2	475	Response	1	8556099	12421	2
33434.7f_2	476	Picture	FB_inco	8568854	0	1	500	3	0	next	other	0
33434.7f_2	477	Picture	158_T2_Picture_047b_Art:_old_cor_taste:_1	8569354	0	2	20175	3	0	next	false_alarm	795
33434.7f_2	477	Response	1	8579044	9690	1
33434.7f_2	478	Picture	FB_cor	8594530	0	2	501	3	0	next	other	0
33434.7f_2	479	Picture	159_T2_Picture_071a_Art:_old_cor_taste:_1	8595031	0	1	20174	2	0	next	false_alarm	798
33434.7f_2	479	Response	1	8602715	7684	2
33434.7f_2	480	Picture	FB_cor	8620207	0	1	500	2	0	next	other	0
33434.7f_2	481	Picture	160_T2_Picture_120a_Art:_new_cor_taste:_3	8620707	0	1	20174	2	0	next	false_alarm	801
33434.7f_2	481	Response	3	8630847	10140	1
33434.7f_2	482	Picture	FB_cor	8645883	0	1	500	2	0	next	other	0
33434.7f_2	483	Picture	161_T2_Picture_064a_Art:_new_cor_taste:_3	8646383	0	1	20174	2	0	next	false_alarm	804
33434.7f_2	483	Response	2	8663441	17058	1
33434.7f_2	484	Picture	FB_inco	8671559	0	1	500	2	0	next	other	0
33434.7f_2	485	Picture	162_T2_Picture_192a_Art:_old_cor_taste:_1	8672059	0	1	20174	3	0	next	false_alarm	807
33434.7f_2	485	Response	1	8678486	6427	1
33434.7f_2	486	Picture	FB_cor	8697235	0	2	500	4	0	next	other	0
33434.7f_2	487	Picture	163_T2_Picture_052b_Art:_sim_cor_taste:_2	8697735	0	2	20175	3	0	next	false_alarm	810
33434.7f_2	487	Response	2	8715590	17855	1
33434.7f_2	488	Picture	FB_cor	8722911	0	2	501	3	0	next	other	0
33434.7f_2	489	Picture	164_T2_Picture_139b_Art:_new_cor_taste:_3	8723412	0	1	20174	2	0	next	false_alarm	813
33434.7f_2	489	Response	3	8734998	11586	1
33434.7f_2	490	Picture	FB_cor	8748588	0	1	500	2	0	next	other	0
33434.7f_2	491	Picture	165_T2_Picture_038a_Art:_old_cor_taste:_1	8749088	0	1	20174	2	0	next	false_alarm	816
33434.7f_2	491	Response	1	8761633	12545	1
33434.7f_2	492	Picture	FB_cor	8774264	0	1	500	2	0	next	other	0
33434.7f_2	493	Picture	166_T2_Picture_065a_Art:_old_cor_taste:_1	8774764	0	1	20174	3	0	next	false_alarm	819
33434.7f_2	493	Response	1	8783399	8635	1
33434.7f_2	494	Picture	FB_cor	8799940	0	1	500	3	0	next	other	0
33434.7f_2	495	Picture	167_T2_Picture_005a_Art:_new_cor_taste:_3	8800440	0	2	20174	4	0	next	false_alarm	822
33434.7f_2	495	Response	3	8815239	14799	1
33434.7f_2	496	Picture	FB_cor	8825616	0	2	500	4	0	next	other	0
33434.7f_2	497	Picture	168_T2_Picture_095b_Art:_old_cor_taste:_1	8826116	0	2	20175	3	0	next	false_alarm	825
33434.7f_2	497	Response	1	8836297	10181	1
33434.7f_2	498	Picture	FB_cor	8851293	0	1	500	2	0	next	other	0
33434.7f_2	499	Picture	169_T2_Picture_024b_Art:_new_cor_taste:_3	8851793	0	1	20174	2	0	next	false_alarm	828
33434.7f_2	499	Response	1	8863793	12000	2
33434.7f_2	500	Picture	FB_inco	8876969	0	1	500	2	0	next	other	0
33434.7f_2	501	Picture	170_T2_Picture_122a_Art:_sim_cor_taste:_2	8877469	0	1	20174	2	0	next	false_alarm	831
33434.7f_2	501	Response	1	8884981	7512	2
33434.7f_2	502	Picture	FB_inco	8902645	0	1	500	2	0	next	other	0
33434.7f_2	503	Picture	171_T2_Picture_009a_Art:_new_cor_taste:_3	8903145	0	1	20174	3	0	next	false_alarm	834
33434.7f_2	503	Response	1	8909722	6577	1
33434.7f_2	504	Picture	FB_inco	8928321	0	1	500	3	0	next	other	0
33434.7f_2	505	Picture	172_T2_Picture_022a_Art:_sim_cor_taste:_2	8928821	0	2	20175	3	0	next	false_alarm	837
33434.7f_2	505	Response	1	8935068	6247	1
33434.7f_2	506	Picture	FB_inco	8953997	0	2	501	3	0	next	other	0
33434.7f_2	507	Picture	173_T2_Picture_042b_Art:_new_cor_taste:_3	8954498	0	1	20174	2	0	next	false_alarm	840
33434.7f_2	507	Response	1	8970992	16494	1
33434.7f_2	508	Picture	FB_inco	8979674	0	1	500	2	0	next	other	0
33434.7f_2	509	Picture	174_T2_Picture_171a_Art:_new_cor_taste:_3	8980174	0	1	20174	2	0	next	false_alarm	843
33434.7f_2	509	Response	3	8989836	9662	1
33434.7f_2	510	Picture	FB_cor	9005350	0	1	500	2	0	next	other	0
33434.7f_2	511	Picture	175_T2_Picture_004b_Art:_new_cor_taste:_3	9005850	0	1	20174	3	0	next	false_alarm	846
33434.7f_2	511	Response	1	9017255	11405	1
33434.7f_2	512	Picture	FB_inco	9031026	0	1	500	3	0	next	other	0
33434.7f_2	513	Picture	176_T2_Picture_148a_Art:_sim_cor_taste:_2	9031526	0	2	20174	4	0	next	false_alarm	849
33434.7f_2	513	Response	2	9045164	13638	2
33434.7f_2	514	Picture	FB_cor	9056702	0	2	501	3	0	next	other	0
33434.7f_2	515	Picture	177_T2_Picture_011a_Art:_old_cor_taste:_1	9057203	0	1	20174	2	0	next	false_alarm	852
33434.7f_2	515	Response	1	9070956	13753	1
33434.7f_2	516	Picture	FB_cor	9082379	0	1	500	2	0	next	other	0
33434.7f_2	517	Picture	178_T2_Picture_075b_Art:_sim_cor_taste:_2	9082879	0	1	20174	2	0	next	false_alarm	855
33434.7f_2	517	Response	1	9091395	8516	1
33434.7f_2	518	Picture	FB_inco	9108055	0	1	500	2	0	next	other	0
33434.7f_2	519	Picture	179_T2_Picture_099a_Art:_old_cor_taste:_1	9108555	0	1	20174	2	0	next	false_alarm	858
33434.7f_2	519	Response	1	9115911	7356	1
33434.7f_2	520	Picture	FB_cor	9133731	0	1	500	3	0	next	other	0
33434.7f_2	521	Picture	180_T2_Picture_106a_Art:_old_cor_taste:_1	9134231	0	2	20174	4	0	next	false_alarm	861
33434.7f_2	521	Response	1	9144076	9845	1
33434.7f_2	522	Picture	FB_cor	9159407	0	2	500	4	0	next	other	0
33434.7f_2	523	Picture	181_T2_Picture_131b_Art:_old_cor_taste:_1	9159907	0	2	20175	3	0	next	false_alarm	864
33434.7f_2	523	Response	1	9167310	7403	1
33434.7f_2	524	Picture	FB_cor	9185083	0	2	501	3	0	next	other	0
33434.7f_2	525	Picture	182_T2_Picture_003b_Art:_new_cor_taste:_3	9185584	0	1	20174	2	0	next	false_alarm	867
33434.7f_2	525	Response	1	9192354	6770	1
33434.7f_2	526	Picture	FB_inco	9210760	0	1	500	2	0	next	other	0
33434.7f_2	527	Picture	183_T2_Picture_180b_Art:_old_cor_taste:_1	9211260	0	1	20174	2	0	next	false_alarm	870
33434.7f_2	527	Response	1	9217087	5827	1
33434.7f_2	528	Picture	FB_cor	9236436	0	1	500	2	0	next	other	0
33434.7f_2	529	Picture	184_T2_Picture_100a_Art:_new_cor_taste:_3	9236936	0	1	20174	3	0	next	false_alarm	873
33434.7f_2	529	Response	1	9253090	16154	1
33434.7f_2	530	Picture	FB_inco	9262112	0	1	500	2	0	next	other	0
33434.7f_2	531	Picture	185_T2_Picture_101a_Art:_new_cor_taste:_3	9262612	0	1	20174	3	0	next	false_alarm	876
33434.7f_2	531	Response	2	9276373	13761	1
33434.7f_2	532	Picture	FB_inco	9287788	0	2	501	3	0	next	other	0
33434.7f_2	533	Picture	186_T2_Picture_123a_Art:_old_cor_taste:_1	9288289	0	1	20174	2	0	next	false_alarm	879
33434.7f_2	533	Response	1	9297575	9286	1
33434.7f_2	534	Picture	FB_cor	9313465	0	1	500	2	0	next	other	0
33434.7f_2	535	Picture	187_T2_Picture_007b_Art:_sim_cor_taste:_2	9313965	0	1	20174	2	0	next	false_alarm	882
33434.7f_2	535	Response	1	9324034	10069	1
33434.7f_2	536	Picture	FB_inco	9339141	0	1	500	2	0	next	other	0
33434.7f_2	537	Picture	188_T2_Picture_186b_Art:_new_cor_taste:_3	9339641	0	1	20174	2	0	next	false_alarm	885
33434.7f_2	537	Response	1	9350145	10504	1
33434.7f_2	538	Picture	FB_inco	9364817	0	1	500	3	0	next	other	0
33434.7f_2	539	Picture	189_T2_Picture_149b_Art:_sim_cor_taste:_2	9365317	0	2	20174	4	0	next	false_alarm	888
33434.7f_2	539	Response	1	9372389	7072	1
33434.7f_2	540	Picture	FB_inco	9390493	0	1	500	3	0	next	other	0
33434.7f_2	541	Picture	190_T2_Picture_124a_Art:_old_cor_taste:_1	9390993	0	2	20175	3	0	next	false_alarm	891
33434.7f_2	541	Response	1	9398032	7039	1
33434.7f_2	542	Picture	FB_cor	9416169	0	2	501	3	0	next	other	0
33434.7f_2	543	Picture	191_T2_Picture_089b_Art:_old_cor_taste:_1	9416670	0	1	20174	2	0	next	false_alarm	894
33434.7f_2	543	Response	1	9423888	7218	2
33434.7f_2	544	Picture	FB_cor	9441846	0	1	500	2	0	next	other	0
33434.7f_2	545	Picture	192_T2_Picture_129a_Art:_sim_cor_taste:_2	9442346	0	1	20174	2	0	next	false_alarm	897
33434.7f_2	545	Response	2	9456876	14530	2
33434.7f_2	546	Picture	FB_cor	9467522	0	1	500	2	0	next	other	0
33434.7f_2	547	Picture	ENDE__cor:_49_Anz_cor:_95_Anz_inco:_95_Anz_miss:_2	9488196	0	2	36599	3	0	next	other	0
