Scenario - 
Logfile written - 11/07/2018 11:17:10

Subject	Trial	Event Type	Code	Time	TTime	Uncertainty	Duration	Uncertainty	ReqTime	ReqDur	Stim Type	Pair Index

33486.7e	1	Picture	Randonummer_1	666	0	1	500	3	0	next	other	0
33486.7e	2	Picture	Instr_T1_1	1166	0	2	30344	3	0	next	other	0
33486.7e	2	Response	4	31481	30315	2
33486.7e	3	Picture	Instr_T1_2	36679	0	1	122876	2	0	next	other	0
33486.7e	3	Response	4	159514	122835	2
33486.7e	4	Picture	Instr_T1_3	164723	0	2	263059	203	0	next	other	0
33486.7e	4	Response	4	427779	263056	1
33486.7e	5	Picture	Instr_T1_4	427782	0	201	425515	202	0	next	other	0
33486.7e	5	Response	4	853154	425372	1
33486.7e	6	Picture	Instr_T1_18	858465	0	1	121209	2	0	next	other	0
33486.7e	6	Response	4	979617	121152	2
33486.7e	7	Picture	1_T1_Picture_018b_Art:_i	995013	0	1	20173	3	0	next	other	0
33486.7e	7	Response	3	1013935	18922	1
33486.7e	8	Picture	2_T1_Picture_136a_Art:_a	1020188	0	1	20174	2	0	next	other	0
33486.7e	8	Response	1	1030444	10256	1
33486.7e	9	Picture	3_T1_Picture_133a_Art:_a	1045364	0	1	20173	3	0	next	other	0
33486.7e	10	Picture	4_T1_Picture_149a_Art:_i	1070539	0	1	20174	2	0	next	other	0
33486.7e	10	Response	3	1080045	9506	1
33486.7e	11	Picture	5_T1_Picture_132a_Art:_b	1095714	0	2	20174	3	0	next	other	0
33486.7e	11	Response	3	1102839	7125	1
33486.7e	12	Picture	6_T1_Picture_138a_Art:_b	1120890	0	1	20174	2	0	next	other	0
33486.7e	12	Response	3	1127125	6235	1
33486.7e	13	Picture	7_T1_Picture_109a_Art:_a	1146065	0	2	20174	3	0	next	other	0
33486.7e	13	Response	1	1163033	16968	1
33486.7e	14	Picture	8_T1_Picture_012a_Art:_i	1171241	0	1	20173	3	0	next	other	0
33486.7e	14	Response	3	1179960	8719	1
33486.7e	15	Picture	9_T1_Picture_027b_Art:_i	1196416	0	2	20174	3	0	next	other	0
33486.7e	15	Response	3	1206281	9865	1
33486.7e	16	Picture	10_T1_Picture_134b_Art:_a	1221592	0	1	20173	3	0	next	other	0
33486.7e	16	Response	1	1227843	6251	1
33486.7e	17	Picture	11_T1_Picture_165b_Art:_i	1246767	0	1	20174	2	0	next	other	0
33486.7e	17	Response	3	1261976	15209	1
33486.7e	18	Picture	12_T1_Picture_131b_Art:_a	1271943	0	1	20173	2	0	next	other	0
33486.7e	18	Response	1	1280568	8625	2
33486.7e	19	Picture	13_T1_Picture_155b_Art:_a	1297118	0	1	20174	2	0	next	other	0
33486.7e	19	Response	1	1303347	6229	1
33486.7e	20	Picture	14_T1_Picture_028a_Art:_b	1322293	0	2	20174	3	0	next	other	0
33486.7e	20	Response	3	1333571	11278	1
33486.7e	21	Picture	15_T1_Picture_097a_Art:_i	1347469	0	1	20174	2	0	next	other	0
33486.7e	21	Response	3	1360029	12560	2
33486.7e	22	Picture	16_T1_Picture_113a_Art:_a	1372644	0	2	20174	3	0	next	other	0
33486.7e	22	Response	1	1390232	17588	1
33486.7e	23	Picture	17_T1_Picture_163b_Art:_b	1397820	0	1	20173	3	0	next	other	0
33486.7e	23	Response	3	1407899	10079	1
33486.7e	24	Picture	18_T1_Picture_105b_Art:_a	1422995	0	1	20174	2	0	next	other	0
33486.7e	24	Response	3	1431956	8961	1
33486.7e	25	Picture	19_T1_Picture_164a_Art:_i	1448171	0	1	20173	3	0	next	other	0
33486.7e	25	Response	3	1465194	17023	1
33486.7e	26	Picture	20_T1_Picture_148b_Art:_b	1473346	0	1	20174	2	0	next	other	0
33486.7e	26	Response	3	1488561	15215	1
33486.7e	27	Picture	21_T1_Picture_173b_Art:_a	1498521	0	2	20174	4	0	next	other	0
33486.7e	27	Response	1	1508309	9788	1
33486.7e	28	Picture	22_T1_Picture_174a_Art:_i	1523697	0	1	20174	2	0	next	other	0
33486.7e	28	Response	3	1534677	10980	1
33486.7e	29	Picture	23_T1_Picture_160b_Art:_i	1548872	0	2	20174	3	0	next	other	0
33486.7e	29	Response	3	1556923	8051	1
33486.7e	30	Picture	24_T1_Picture_135b_Art:_a	1574048	0	1	20174	2	0	next	other	0
33486.7e	30	Response	3	1585118	11070	1
33486.7e	31	Picture	25_T1_Picture_185b_Art:_i	1599223	0	2	20174	3	0	next	other	0
33486.7e	31	Response	3	1606817	7594	2
33486.7e	32	Picture	26_T1_Picture_017a_Art:_i	1624399	0	1	20173	3	0	next	other	0
33486.7e	32	Response	3	1632589	8190	2
33486.7e	33	Picture	27_T1_Picture_129b_Art:_a	1649574	0	1	20174	2	0	next	other	0
33486.7e	33	Response	1	1659489	9915	1
33486.7e	34	Picture	28_T1_Picture_083b_Art:_i	1674750	0	1	20173	3	0	next	other	0
33486.7e	34	Response	3	1680154	5404	1
33486.7e	35	Picture	29_T1_Picture_092b_Art:_a	1699925	0	1	20174	2	0	next	other	0
33486.7e	35	Response	1	1708144	8219	1
33486.7e	36	Picture	30_T1_Picture_190a_Art:_i	1725100	0	2	20174	3	0	next	other	0
33486.7e	36	Response	3	1742797	17697	2
33486.7e	37	Picture	31_T1_Picture_038a_Art:_b	1750276	0	1	20174	2	0	next	other	0
33486.7e	37	Response	3	1764336	14060	1
33486.7e	38	Picture	32_T1_Picture_102a_Art:_b	1775451	0	2	20174	3	0	next	other	0
33486.7e	38	Response	3	1794853	19402	2
33486.7e	39	Picture	33_T1_Picture_124a_Art:_i	1800627	0	1	20173	3	0	next	other	0
33486.7e	39	Response	3	1809048	8421	1
33486.7e	40	Picture	34_T1_Picture_088b_Art:_i	1825802	0	2	20174	3	0	next	other	0
33486.7e	40	Response	3	1836162	10360	1
33486.7e	41	Picture	35_T1_Picture_167a_Art:_a	1850978	0	1	20173	3	0	next	other	0
33486.7e	41	Response	1	1864360	13382	1
33486.7e	42	Picture	36_T1_Picture_023b_Art:_b	1876153	0	1	20174	2	0	next	other	0
33486.7e	42	Response	3	1883564	7411	1
33486.7e	43	Picture	37_T1_Picture_110b_Art:_b	1901329	0	1	20173	2	0	next	other	0
33486.7e	43	Response	1	1910206	8877	1
33486.7e	44	Picture	38_T1_Picture_020a_Art:_a	1926504	0	1	20174	2	0	next	other	0
33486.7e	44	Response	1	1933506	7002	1
33486.7e	45	Picture	39_T1_Picture_021b_Art:_b	1951679	0	2	20174	3	0	next	other	0
33486.7e	45	Response	1	1957423	5744	1
33486.7e	46	Picture	40_T1_Picture_111b_Art:_a	1976855	0	1	20174	2	0	next	other	0
33486.7e	46	Response	1	1984372	7517	1
33486.7e	47	Picture	41_T1_Picture_172b_Art:_a	2002030	0	2	20174	3	0	next	other	0
33486.7e	47	Response	1	2009274	7244	1
33486.7e	48	Picture	42_T1_Picture_095b_Art:_b	2027206	0	1	20173	3	0	next	other	0
33486.7e	48	Response	3	2034385	7179	1
33486.7e	49	Picture	43_T1_Picture_082a_Art:_i	2052381	0	1	20174	2	0	next	other	0
33486.7e	49	Response	3	2058771	6390	1
33486.7e	50	Picture	44_T1_Picture_001a_Art:_b	2077557	0	1	20173	3	0	next	other	0
33486.7e	50	Response	1	2085016	7459	1
33486.7e	51	Picture	45_T1_Picture_025b_Art:_a	2102732	0	1	20174	2	0	next	other	0
33486.7e	51	Response	1	2109936	7204	1
33486.7e	52	Picture	46_T1_Picture_014b_Art:_i	2127907	0	2	20174	3	0	next	other	0
33486.7e	52	Response	1	2134565	6658	1
33486.7e	53	Picture	47_T1_Picture_087a_Art:_b	2153083	0	1	20174	2	0	next	other	0
33486.7e	53	Response	3	2164489	11406	1
33486.7e	54	Picture	48_T1_Picture_007a_Art:_i	2178258	0	2	20174	3	0	next	other	0
33486.7e	54	Response	3	2187957	9699	2
33486.7e	55	Picture	49_T1_Picture_115a_Art:_b	2203434	0	1	20174	2	0	next	other	0
33486.7e	55	Response	3	2212928	9494	1
33486.7e	56	Picture	50_T1_Picture_086b_Art:_a	2228609	0	2	20174	3	0	next	other	0
33486.7e	56	Response	1	2237842	9233	2
33486.7e	57	Picture	51_T1_Picture_184a_Art:_i	2253785	0	1	20173	3	0	next	other	0
33486.7e	57	Response	3	2260005	6220	1
33486.7e	58	Picture	52_T1_Picture_181a_Art:_i	2278960	0	1	20174	2	0	next	other	0
33486.7e	58	Response	3	2286021	7061	1
33486.7e	59	Picture	53_T1_Picture_022b_Art:_a	2304136	0	1	20173	3	0	next	other	0
33486.7e	59	Response	1	2310724	6588	1
33486.7e	60	Picture	54_T1_Picture_075a_Art:_a	2329311	0	1	20174	2	0	next	other	0
33486.7e	60	Response	3	2336433	7122	1
33486.7e	61	Picture	55_T1_Picture_147b_Art:_b	2354486	0	2	20174	3	0	next	other	0
33486.7e	61	Response	3	2362608	8122	1
33486.7e	62	Picture	56_T1_Picture_098a_Art:_i	2379662	0	1	20174	2	0	next	other	0
33486.7e	62	Response	3	2392420	12758	1
33486.7e	63	Picture	57_T1_Picture_074a_Art:_a	2404837	0	2	20174	3	0	next	other	0
33486.7e	63	Response	1	2412361	7524	1
33486.7e	64	Picture	58_T1_Picture_096a_Art:_a	2430013	0	1	20173	3	0	next	other	0
33486.7e	64	Response	1	2444102	14089	1
33486.7e	65	Picture	59_T1_Picture_011a_Art:_i	2455188	0	1	20174	2	0	next	other	0
33486.7e	65	Response	3	2461006	5818	1
33486.7e	66	Picture	60_T1_Picture_182b_Art:_b	2480364	0	1	20173	3	0	next	other	0
33486.7e	66	Response	3	2486204	5840	1
33486.7e	67	Picture	61_T1_Picture_143a_Art:_i	2505539	0	1	20174	2	0	next	other	0
33486.7e	67	Response	3	2512694	7155	1
33486.7e	68	Picture	62_T1_Picture_127a_Art:_b	2530715	0	1	20173	3	0	next	other	0
33486.7e	68	Response	3	2538505	7790	2
33486.7e	69	Picture	63_T1_Picture_061a_Art:_b	2555890	0	1	20174	2	0	next	other	0
33486.7e	69	Response	3	2567897	12007	1
33486.7e	70	Picture	64_T1_Picture_123a_Art:_a	2581065	0	2	20174	3	0	next	other	0
33486.7e	70	Response	1	2588811	7746	1
33486.7e	71	Picture	65_T1_Picture_055a_Art:_b	2606241	0	1	20173	3	0	next	other	0
33486.7e	71	Response	3	2614233	7992	1
33486.7e	72	Picture	66_T1_Picture_071a_Art:_i	2631416	0	2	20174	3	0	next	other	0
33486.7e	72	Response	3	2636462	5046	1
33486.7e	73	Picture	67_T1_Picture_073b_Art:_a	2656592	0	1	20173	3	0	next	other	0
33486.7e	73	Response	1	2662372	5780	2
33486.7e	74	Picture	68_T1_Picture_047b_Art:_b	2681767	0	1	20174	2	0	next	other	0
33486.7e	74	Response	1	2689846	8079	1
33486.7e	75	Picture	69_T1_Picture_192a_Art:_b	2706943	0	1	20173	3	0	next	other	0
33486.7e	75	Response	1	2716995	10052	1
33486.7e	76	Picture	70_T1_Picture_117a_Art:_a	2732118	0	1	20174	2	0	next	other	0
33486.7e	76	Response	1	2740521	8403	2
33486.7e	77	Picture	71_T1_Picture_051b_Art:_b	2757294	0	1	20173	2	0	next	other	0
33486.7e	77	Response	3	2764975	7681	2
33486.7e	78	Picture	72_T1_Picture_066b_Art:_b	2782469	0	1	20174	2	0	next	other	0
33486.7e	78	Response	3	2790688	8219	1
33486.7e	79	Picture	73_T1_Picture_040b_Art:_a	2807644	0	2	20174	3	0	next	other	0
33486.7e	79	Response	1	2818993	11349	1
33486.7e	80	Picture	74_T1_Picture_180b_Art:_a	2832820	0	1	20173	3	0	next	other	0
33486.7e	80	Response	1	2841916	9096	1
33486.7e	81	Picture	75_T1_Picture_146a_Art:_i	2857995	0	2	20174	3	0	next	other	0
33486.7e	81	Response	3	2865623	7628	1
33486.7e	82	Picture	76_T1_Picture_191b_Art:_a	2883171	0	1	20173	3	0	next	other	0
33486.7e	82	Response	1	2890507	7336	1
33486.7e	83	Picture	77_T1_Picture_116a_Art:_b	2908346	0	1	20174	2	0	next	other	0
33486.7e	83	Response	3	2922034	13688	1
33486.7e	84	Picture	78_T1_Picture_089b_Art:_i	2933522	0	1	20173	3	0	next	other	0
33486.7e	84	Response	3	2942365	8843	1
33486.7e	85	Picture	79_T1_Picture_045b_Art:_i	2958697	0	1	20174	2	0	next	other	0
33486.7e	85	Response	3	2964103	5406	1
33486.7e	86	Picture	80_T1_Picture_099a_Art:_a	2983873	0	1	20173	2	0	next	other	0
33486.7e	86	Response	1	2991372	7499	1
33486.7e	87	Picture	81_T1_Picture_152b_Art:_i	3009048	0	1	20174	2	0	next	other	0
33486.7e	87	Response	3	3016171	7123	1
33486.7e	88	Picture	82_T1_Picture_052a_Art:_i	3034223	0	2	20174	3	0	next	other	0
33486.7e	88	Response	3	3046784	12561	1
33486.7e	89	Picture	83_T1_Picture_108b_Art:_a	3059399	0	1	20173	3	0	next	other	0
33486.7e	89	Response	3	3073865	14466	1
33486.7e	90	Picture	84_T1_Picture_044b_Art:_a	3084574	0	1	20174	2	0	next	other	0
33486.7e	90	Response	1	3093919	9345	1
33486.7e	91	Picture	85_T1_Picture_126b_Art:_b	3109750	0	1	20173	3	0	next	other	0
33486.7e	91	Response	1	3116081	6331	1
33486.7e	92	Picture	86_T1_Picture_046b_Art:_b	3134925	0	1	20174	2	0	next	other	0
33486.7e	92	Response	3	3144809	9884	1
33486.7e	93	Picture	87_T1_Picture_065a_Art:_i	3160101	0	1	20173	2	0	next	other	0
33486.7e	93	Response	3	3168091	7990	1
33486.7e	94	Picture	88_T1_Picture_010a_Art:_a	3185276	0	1	20174	2	0	next	other	0
33486.7e	94	Response	3	3194374	9098	1
33486.7e	95	Picture	89_T1_Picture_031a_Art:_b	3210451	0	2	20174	3	0	next	other	0
33486.7e	95	Response	3	3220315	9864	1
33486.7e	96	Picture	90_T1_Picture_050a_Art:_a	3235627	0	1	20173	3	0	next	other	0
33486.7e	96	Response	1	3245652	10025	1
33486.7e	97	Picture	91_T1_Picture_032a_Art:_i	3260802	0	2	20174	3	0	next	other	0
33486.7e	97	Response	3	3276583	15781	1
33486.7e	98	Picture	92_T1_Picture_069b_Art:_i	3285978	0	1	20173	3	0	next	other	0
33486.7e	98	Response	3	3295750	9772	1
33486.7e	99	Picture	93_T1_Picture_085b_Art:_a	3311153	0	1	20174	2	0	next	other	0
33486.7e	99	Response	1	3317186	6033	1
33486.7e	100	Picture	94_T1_Picture_043a_Art:_b	3336329	0	1	20173	3	0	next	other	0
33486.7e	100	Response	3	3345374	9045	1
33486.7e	101	Picture	95_T1_Picture_080b_Art:_b	3361504	0	1	20174	2	0	next	other	0
33486.7e	101	Response	3	3370848	9344	1
33486.7e	102	Picture	96_T1_Picture_067b_Art:_i	3386679	0	2	20174	3	0	next	other	0
33486.7e	102	Response	3	3394308	7629	2
33486.7e	103	Picture	97_T1_Picture_084a_Art:_a	3411855	0	1	20174	2	0	next	other	0
33486.7e	103	Response	1	3419325	7470	1
33486.7e	104	Picture	98_T1_Picture_015b_Art:_i	3437030	0	2	20174	3	0	next	other	0
33486.7e	104	Response	3	3443363	6333	1
33486.7e	105	Picture	99_T1_Picture_033b_Art:_i	3462206	0	1	20174	2	0	next	other	0
33486.7e	105	Response	3	3468518	6312	1
33486.7e	106	Picture	100_T1_Picture_002a_Art:_b	3487381	0	2	20174	3	0	next	other	0
33486.7e	106	Response	1	3494040	6659	1
33486.7e	107	Picture	101_T1_Picture_079b_Art:_a	3512557	0	1	20173	3	0	next	other	0
33486.7e	107	Response	1	3522330	9773	1
33486.7e	108	Picture	102_T1_Picture_008b_Art:_a	3537732	0	1	20174	2	0	next	other	0
33486.7e	108	Response	1	3547289	9557	1
33486.7e	109	Picture	103_T1_Picture_161a_Art:_i	3562908	0	1	20173	2	0	next	other	0
33486.7e	109	Response	3	3572104	9196	1
33486.7e	110	Picture	104_T1_Picture_053a_Art:_i	3588083	0	1	20174	2	0	next	other	0
33486.7e	110	Response	3	3594407	6324	2
33486.7e	111	Picture	105_T1_Picture_039b_Art:_a	3613258	0	2	20174	3	0	next	other	0
33486.7e	111	Response	1	3620492	7234	1
33486.7e	112	Picture	106_T1_Picture_072a_Art:_b	3638434	0	1	20174	2	0	next	other	0
33486.7e	112	Response	3	3647765	9331	1
33486.7e	113	Picture	107_T1_Picture_183b_Art:_a	3663609	0	2	20174	3	0	next	other	0
33486.7e	113	Response	1	3681312	17703	2
33486.7e	114	Picture	108_T1_Picture_144b_Art:_b	3688785	0	1	20173	3	0	next	other	0
33486.7e	114	Response	3	3698800	10015	1
33486.7e	115	Picture	109_T1_Picture_151b_Art:_a	3713960	0	1	20174	2	0	next	other	0
33486.7e	115	Response	1	3723266	9306	2
33486.7e	116	Picture	110_T1_Picture_166b_Art:_i	3739136	0	1	20173	3	0	next	other	0
33486.7e	116	Response	3	3745383	6247	2
33486.7e	117	Picture	111_T1_Picture_090b_Art:_a	3764311	0	1	20174	2	0	next	other	0
33486.7e	117	Response	1	3771094	6783	1
33486.7e	118	Picture	112_T1_Picture_048b_Art:_i	3789487	0	1	20173	3	0	next	other	0
33486.7e	118	Response	3	3797634	8147	1
33486.7e	119	Picture	113_T1_Picture_122b_Art:_a	3814662	0	1	20174	2	0	next	other	0
33486.7e	119	Response	1	3822849	8187	1
33486.7e	120	Picture	114_T1_Picture_035a_Art:_b	3839837	0	2	20174	3	0	next	other	0
33486.7e	120	Response	1	3847174	7337	1
33486.7e	121	Picture	115_T1_Picture_016b_Art:_b	3865013	0	1	20174	2	0	next	other	0
33486.7e	121	Response	3	3871706	6693	1
33486.7e	122	Picture	116_T1_Picture_106a_Art:_i	3890188	0	1	20174	2	0	next	other	0
33486.7e	122	Response	3	3896063	5875	1
33486.7e	123	Picture	117_T1_Picture_188a_Art:_i	3915364	0	1	20173	3	0	next	other	0
33486.7e	123	Response	3	3929948	14584	1
33486.7e	124	Picture	118_T1_Picture_029b_Art:_a	3940539	0	1	20174	2	0	next	other	0
33486.7e	124	Response	1	3953483	12944	1
33486.7e	125	Picture	119_T1_Picture_059a_Art:_b	3965715	0	1	20173	3	0	next	other	0
33486.7e	125	Response	1	3979512	13797	1
33486.7e	126	Picture	120_T1_Picture_019b_Art:_a	3990890	0	1	20174	2	0	next	other	0
33486.7e	126	Response	1	3997226	6336	1
33486.7e	127	Picture	121_T1_Picture_128b_Art:_b	4016065	0	2	20174	3	0	next	other	0
33486.7e	127	Response	1	4023730	7665	1
33486.7e	128	Picture	122_T1_Picture_081b_Art:_i	4041241	0	1	20174	2	0	next	other	0
33486.7e	128	Response	3	4047521	6280	1
33486.7e	129	Picture	123_T1_Picture_179a_Art:_i	4066416	0	2	20174	3	0	next	other	0
33486.7e	129	Response	3	4073353	6937	2
33486.7e	130	Picture	124_T1_Picture_049a_Art:_b	4091592	0	1	20173	3	0	next	other	0
33486.7e	130	Response	1	4099559	7967	1
33486.7e	131	Picture	125_T1_Picture_006b_Art:_i	4116767	0	1	20174	2	0	next	other	0
33486.7e	131	Response	1	4133690	16923	1
33486.7e	132	Picture	126_T1_Picture_157b_Art:_i	4141943	0	1	20173	3	0	next	other	0
33486.7e	132	Response	3	4149278	7335	1
33486.7e	133	Picture	127_T1_Picture_037a_Art:_b	4167118	0	1	20174	2	0	next	other	0
33486.7e	133	Response	1	4174910	7792	1
33486.7e	134	Picture	128_T1_Picture_121b_Art:_a	4192293	0	2	20174	4	0	next	other	0
33486.7e	134	Response	1	4199859	7566	1
33486.7e	135	Picture	Instr_T2_20	4237461	0	183	225260	184	0	next	other	0
33486.7e	135	Response	4	4462664	225203	2
33486.7e	136	Picture	Instr_T2_21	4467890	0	1	205905	2	0	next	other	0
33486.7e	136	Response	4	4673673	205783	1
33486.7e	137	Picture	Instr_T2_22	4678963	0	1	44015	3	0	next	other	0
33486.7e	137	Response	4	4722921	43958	1
33486.7e	138	Picture	Instr_T2_23	4728147	0	1	80028	2	0	next	other	0
33486.7e	138	Response	4	4808126	79979	2
33486.7e	139	Picture	Instr_T2_24	4813343	0	1	31845	2	0	next	other	0
33486.7e	139	Response	4	4845032	31689	1
33486.7e	140	Picture	Instr_T2_25	4845188	0	1	18173	2	0	next	other	0
33486.7e	140	Response	4	4863293	18105	2
33486.7e	141	Picture	Instr_T2_27	4868529	0	1	20841	2	0	next	other	0
33486.7e	141	Response	4	4889258	20729	2
33486.7e	142	Picture	Instr_T2_28	4889370	0	1	14338	2	0	next	other	0
33486.7e	142	Response	4	4903568	14198	1
33486.7e	143	Picture	Instr_T2_30	4908877	0	1	24175	2	0	next	other	0
33486.7e	143	Response	4	4933003	24126	1
33486.7e	144	Picture	Instr_T2_31	4933052	0	1	13504	3	0	next	other	0
33486.7e	144	Response	4	4946378	13326	2
33486.7e	145	Picture	Instr_T2_33	4951725	0	1	11837	3	0	next	other	0
33486.7e	145	Response	4	4963511	11786	2
33486.7e	146	Picture	Instr_T2_34	4963562	0	2	28510	3	0	next	other	0
33486.7e	146	Response	4	4992035	28473	2
33486.7e	147	Picture	Instr_T2_36	4997241	0	1	65022	3	0	next	other	0
33486.7e	147	Response	4	5062089	64848	2
33486.7e	148	Picture	Instr_T2_38	5067432	0	1	48183	2	0	next	other	0
33486.7e	148	Response	4	5115580	48148	2
33486.7e	149	Picture	Instr_T2_39	5115615	0	1	14005	2	0	next	other	0
33486.7e	149	Response	4	5129523	13908	2
33486.7e	150	Picture	Instr_T2_41	5134789	0	1	17339	2	0	next	other	0
33486.7e	150	Response	4	5151972	17183	1
33486.7e	151	Picture	Instr_T2_42	5152128	0	1	13005	2	0	next	other	0
33486.7e	151	Response	4	5164981	12853	2
33486.7e	152	Picture	Instr_T2_44	5170301	0	1	17673	2	0	next	other	0
33486.7e	152	Response	4	5187826	17525	1
33486.7e	153	Picture	Instr_T2_45	5187974	0	1	8503	2	0	next	other	0
33486.7e	153	Response	4	5196324	8350	1
33486.7e	154	Picture	Instr_T2_46	5196477	0	1	78360	3	0	next	other	0
33486.7e	154	Response	4	5274776	78299	2
33486.7e	155	Picture	Instr_T2_48	5280006	0	1	37513	2	0	next	other	0
33486.7e	155	Response	4	5317408	37402	1
33486.7e	156	Picture	Instr_T2_49	5317519	0	1	12171	2	0	next	other	0
33486.7e	156	Response	4	5329564	12045	1
33486.7e	157	Picture	Instr_T2_51	5334858	0	1	25176	2	0	next	other	0
33486.7e	157	Response	4	5359878	25020	1
33486.7e	158	Picture	Instr_T2_52	5360034	0	1	9837	2	0	next	other	0
33486.7e	158	Response	4	5369735	9701	1
33486.7e	159	Picture	Instr_T2_54	5375039	0	1	18840	2	0	next	other	0
33486.7e	159	Response	4	5393777	18738	1
33486.7e	160	Picture	Instr_T2_55	5393879	0	1	15672	2	0	next	other	0
33486.7e	160	Response	4	5409422	15543	2
33486.7e	161	Picture	Instr_T2_56	5409551	0	1	294936	2	0	next	other	0
33486.7e	161	Response	4	5704447	294896	1
33486.7e	162	Picture	Instr_T2_58	5709656	0	1	70691	2	0	next	other	0
33486.7e	162	Response	4	5780299	70643	2
33486.7e	163	Picture	1_T2_Picture_117a_Art:_old_cor_taste:_1	5790517	0	1	20174	2	0	next	false_alarm	324
33486.7e	163	Response	3	5812008	21491	2
33486.7e	164	Picture	FB_inco	5815693	0	1	500	2	0	next	other	0
33486.7e	165	Picture	2_T2_Picture_092a_Art:_sim_cor_taste:_2	5816193	0	1	20173	3	0	next	other	0
33486.7e	166	Picture	FB_miss	5841368	0	1	500	3	0	next	other	0
33486.7e	167	Picture	3_T2_Picture_096b_Art:_sim_cor_taste:_2	5841868	0	2	20174	3	0	next	false_alarm	329
33486.7e	167	Response	1	5854660	12792	1
33486.7e	168	Picture	FB_inco	5867044	0	1	500	2	0	next	other	0
33486.7e	169	Picture	4_T2_Picture_130a_Art:_new_cor_taste:_3	5867544	0	1	20174	2	0	next	false_alarm	332
33486.7e	169	Response	1	5876098	8554	1
33486.7e	170	Picture	FB_inco	5892719	0	2	500	4	0	next	other	0
33486.7e	171	Picture	5_T2_Picture_061b_Art:_sim_cor_taste:_2	5893219	0	2	20174	3	0	next	false_alarm	335
33486.7e	171	Response	1	5899694	6475	1
33486.7e	172	Picture	FB_inco	5918395	0	1	500	2	0	next	other	0
33486.7e	173	Picture	6_T2_Picture_147b_Art:_old_cor_taste:_1	5918895	0	1	20174	2	0	next	false_alarm	338
33486.7e	173	Response	3	5935466	16571	1
33486.7e	174	Picture	FB_inco	5944070	0	2	501	3	0	next	other	0
33486.7e	175	Picture	7_T2_Picture_154a_Art:_new_cor_taste:_3	5944571	0	1	20173	3	0	next	false_alarm	341
33486.7e	175	Response	3	5954682	10111	2
33486.7e	176	Picture	FB_cor	5969746	0	1	500	3	0	next	other	0
33486.7e	177	Picture	8_T2_Picture_179b_Art:_sim_cor_taste:_2	5970246	0	2	20174	3	0	next	false_alarm	344
33486.7e	177	Response	1	5979841	9595	1
33486.7e	178	Picture	FB_inco	5995422	0	1	500	2	0	next	other	0
33486.7e	179	Picture	9_T2_Picture_060a_Art:_new_cor_taste:_3	5995922	0	1	20174	2	0	next	false_alarm	347
33486.7e	179	Response	2	6009922	14000	2
33486.7e	180	Picture	FB_inco	6021097	0	2	501	3	0	next	other	0
33486.7e	181	Picture	10_T2_Picture_141a_Art:_new_cor_taste:_3	6021598	0	1	20173	2	0	next	false_alarm	350
33486.7e	181	Response	3	6045530	23932	1
33486.7e	182	Picture	FB_cor	6046773	0	1	500	2	0	next	other	0
33486.7e	183	Picture	11_T2_Picture_034a_Art:_new_cor_taste:_3	6047273	0	1	20174	2	0	next	false_alarm	353
33486.7e	183	Response	3	6058305	11032	1
33486.7e	184	Picture	FB_cor	6072449	0	1	500	2	0	next	other	0
33486.7e	185	Picture	12_T2_Picture_001b_Art:_sim_cor_taste:_2	6072949	0	1	20173	3	0	next	false_alarm	356
33486.7e	185	Response	3	6080399	7450	1
33486.7e	186	Picture	FB_inco	6098124	0	1	500	3	0	next	other	0
33486.7e	187	Picture	13_T2_Picture_170b_Art:_new_cor_taste:_3	6098624	0	2	20174	3	0	next	false_alarm	359
33486.7e	187	Response	3	6105924	7300	2
33486.7e	188	Picture	FB_cor	6123800	0	1	500	2	0	next	other	0
33486.7e	189	Picture	14_T2_Picture_166b_Art:_old_cor_taste:_1	6124300	0	1	20174	2	0	next	false_alarm	362
33486.7e	189	Response	1	6138315	14015	1
33486.7e	190	Picture	FB_cor	6149475	0	2	501	3	0	next	other	0
33486.7e	191	Picture	15_T2_Picture_150a_Art:_new_cor_taste:_3	6149976	0	1	20173	2	0	next	false_alarm	365
33486.7e	191	Response	3	6165457	15481	1
33486.7e	192	Picture	FB_cor	6175151	0	1	500	2	0	next	other	0
33486.7e	193	Picture	16_T2_Picture_097b_Art:_sim_cor_taste:_2	6175651	0	1	20174	2	0	next	false_alarm	368
33486.7e	193	Response	1	6190863	15212	1
33486.7e	194	Picture	FB_inco	6200827	0	1	500	2	0	next	other	0
33486.7e	195	Picture	17_T2_Picture_109b_Art:_sim_cor_taste:_2	6201327	0	1	20174	2	0	next	false_alarm	371
33486.7e	195	Response	2	6219244	17917	1
33486.7e	196	Picture	FB_cor	6226502	0	2	500	4	0	next	other	0
33486.7e	197	Picture	18_T2_Picture_045b_Art:_old_cor_taste:_1	6227002	0	2	20174	3	0	next	false_alarm	374
33486.7e	197	Response	1	6241550	14548	1
33486.7e	198	Picture	FB_cor	6252178	0	1	500	2	0	next	other	0
33486.7e	199	Picture	19_T2_Picture_074a_Art:_old_cor_taste:_1	6252678	0	1	20174	2	0	next	false_alarm	377
33486.7e	199	Response	1	6263113	10435	2
33486.7e	200	Picture	FB_cor	6277853	0	2	501	3	0	next	other	0
33486.7e	201	Picture	20_T2_Picture_085a_Art:_sim_cor_taste:_2	6278354	0	1	20173	3	0	next	false_alarm	380
33486.7e	201	Response	1	6286109	7755	2
33486.7e	202	Picture	FB_inco	6303529	0	1	500	2	0	next	other	0
33486.7e	203	Picture	21_T2_Picture_114b_Art:_new_cor_taste:_3	6304029	0	1	20174	2	0	next	false_alarm	383
33486.7e	203	Response	3	6323764	19735	1
33486.7e	204	Picture	FB_cor	6329205	0	1	500	2	0	next	other	0
33486.7e	205	Picture	22_T2_Picture_111a_Art:_sim_cor_taste:_2	6329705	0	1	20174	2	0	next	false_alarm	386
33486.7e	205	Response	3	6345096	15391	1
33486.7e	206	Picture	FB_inco	6354880	0	2	501	3	0	next	other	0
33486.7e	207	Picture	23_T2_Picture_072a_Art:_old_cor_taste:_1	6355381	0	1	20173	2	0	next	false_alarm	389
33486.7e	207	Response	1	6366887	11506	1
33486.7e	208	Picture	FB_cor	6380556	0	1	500	2	0	next	other	0
33486.7e	209	Picture	24_T2_Picture_112a_Art:_new_cor_taste:_3	6381056	0	1	20174	2	0	next	false_alarm	392
33486.7e	209	Response	3	6393135	12079	1
33486.7e	210	Picture	FB_cor	6406232	0	1	500	2	0	next	other	0
33486.7e	211	Picture	25_T2_Picture_058a_Art:_new_cor_taste:_3	6406732	0	1	20173	3	0	next	false_alarm	395
33486.7e	211	Response	3	6420086	13354	1
33486.7e	212	Picture	FB_cor	6431907	0	1	500	3	0	next	other	0
33486.7e	213	Picture	26_T2_Picture_039a_Art:_sim_cor_taste:_2	6432407	0	2	20174	3	0	next	false_alarm	398
33486.7e	213	Response	1	6442244	9837	1
33486.7e	214	Picture	FB_inco	6457583	0	1	500	2	0	next	other	0
33486.7e	215	Picture	27_T2_Picture_152a_Art:_sim_cor_taste:_2	6458083	0	1	20174	2	0	next	false_alarm	401
33486.7e	215	Response	3	6471879	13796	1
33486.7e	216	Picture	FB_inco	6483258	0	2	501	3	0	next	other	0
33486.7e	217	Picture	28_T2_Picture_054b_Art:_new_cor_taste:_3	6483759	0	1	20173	2	0	next	false_alarm	404
33486.7e	217	Response	3	6491693	7934	1
33486.7e	218	Picture	FB_cor	6508934	0	1	500	3	0	next	other	0
33486.7e	219	Picture	29_T2_Picture_077a_Art:_new_cor_taste:_3	6509434	0	2	20174	3	0	next	false_alarm	407
33486.7e	219	Response	2	6519711	10277	1
33486.7e	220	Picture	FB_inco	6534610	0	1	500	2	0	next	other	0
33486.7e	221	Picture	30_T2_Picture_069b_Art:_old_cor_taste:_1	6535110	0	1	20174	2	0	next	false_alarm	410
33486.7e	221	Response	1	6545886	10776	1
33486.7e	222	Picture	FB_cor	6560285	0	1	500	3	0	next	other	0
33486.7e	223	Picture	31_T2_Picture_078b_Art:_new_cor_taste:_3	6560785	0	2	20174	3	0	next	false_alarm	413
33486.7e	223	Response	3	6572585	11800	1
33486.7e	224	Picture	FB_cor	6585961	0	1	500	2	0	next	other	0
33486.7e	225	Picture	32_T2_Picture_107b_Art:_new_cor_taste:_3	6586461	0	1	20174	2	0	next	false_alarm	416
33486.7e	225	Response	3	6593980	7519	1
33486.7e	226	Picture	FB_cor	6611636	0	2	501	3	0	next	other	0
33486.7e	227	Picture	33_T2_Picture_155a_Art:_sim_cor_taste:_2	6612137	0	1	20173	3	0	next	false_alarm	419
33486.7e	227	Response	3	6620589	8452	1
33486.7e	228	Picture	FB_inco	6637312	0	1	500	2	0	next	other	0
33486.7e	229	Picture	34_T2_Picture_126a_Art:_sim_cor_taste:_2	6637812	0	1	20174	2	0	next	false_alarm	422
33486.7e	229	Response	1	6647199	9387	1
33486.7e	230	Picture	FB_inco	6662988	0	1	500	2	0	next	other	0
33486.7e	231	Picture	35_T2_Picture_176b_Art:_new_cor_taste:_3	6663488	0	1	20174	2	0	next	false_alarm	425
33486.7e	231	Response	3	6674454	10966	1
33486.7e	232	Picture	FB_cor	6688663	0	2	500	4	0	next	other	0
33486.7e	233	Picture	36_T2_Picture_020a_Art:_old_cor_taste:_1	6689163	0	2	20174	3	0	next	false_alarm	428
33486.7e	233	Response	1	6697635	8472	1
33486.7e	234	Picture	FB_cor	6714339	0	1	500	2	0	next	other	0
33486.7e	235	Picture	37_T2_Picture_140a_Art:_new_cor_taste:_3	6714839	0	1	20174	2	0	next	false_alarm	431
33486.7e	235	Response	3	6723735	8896	1
33486.7e	236	Picture	FB_cor	6740015	0	1	500	2	0	next	other	0
33486.7e	237	Picture	38_T2_Picture_185a_Art:_sim_cor_taste:_2	6740515	0	1	20173	3	0	next	false_alarm	434
33486.7e	237	Response	1	6749501	8986	1
33486.7e	238	Picture	FB_inco	6765690	0	1	500	3	0	next	other	0
33486.7e	239	Picture	39_T2_Picture_143b_Art:_sim_cor_taste:_2	6766190	0	2	20174	3	0	next	false_alarm	437
33486.7e	239	Response	1	6776898	10708	1
33486.7e	240	Picture	FB_inco	6791366	0	1	500	2	0	next	other	0
33486.7e	241	Picture	40_T2_Picture_079a_Art:_sim_cor_taste:_2	6791866	0	1	20174	2	0	next	false_alarm	440
33486.7e	241	Response	1	6803165	11299	1
33486.7e	242	Picture	FB_inco	6817041	0	2	500	4	0	next	other	0
33486.7e	243	Picture	41_T2_Picture_013a_Art:_new_cor_taste:_3	6817541	0	2	20174	4	0	next	false_alarm	443
33486.7e	243	Response	3	6828840	11299	1
33486.7e	244	Picture	FB_cor	6842717	0	1	500	2	0	next	other	0
33486.7e	245	Picture	42_T2_Picture_036a_Art:_new_cor_taste:_3	6843217	0	1	20174	2	0	next	false_alarm	446
33486.7e	245	Response	3	6851487	8270	1
33486.7e	246	Picture	FB_cor	6868393	0	1	500	2	0	next	other	0
33486.7e	247	Picture	43_T2_Picture_063a_Art:_new_cor_taste:_3	6868893	0	1	20173	3	0	next	false_alarm	449
33486.7e	247	Response	3	6876445	7552	1
33486.7e	248	Picture	FB_cor	6894068	0	1	500	3	0	next	other	0
33486.7e	249	Picture	44_T2_Picture_098b_Art:_sim_cor_taste:_2	6894568	0	2	20174	3	0	next	false_alarm	452
33486.7e	249	Response	3	6901822	7254	1
33486.7e	250	Picture	FB_inco	6919744	0	1	500	2	0	next	other	0
33486.7e	251	Picture	45_T2_Picture_116a_Art:_old_cor_taste:_1	6920244	0	1	20174	2	0	next	false_alarm	455
33486.7e	251	Response	1	6930805	10561	1
33486.7e	252	Picture	FB_cor	6945419	0	2	501	3	0	next	other	0
33486.7e	253	Picture	46_T2_Picture_094b_Art:_new_cor_taste:_3	6945920	0	1	20173	3	0	next	false_alarm	458
33486.7e	253	Response	3	6953552	7632	1
33486.7e	254	Picture	FB_cor	6971095	0	1	500	3	0	next	other	0
33486.7e	255	Picture	47_T2_Picture_175b_Art:_new_cor_taste:_3	6971595	0	2	20174	3	0	next	false_alarm	461
33486.7e	255	Response	3	6979913	8318	1
33486.7e	256	Picture	FB_cor	6996771	0	1	500	2	0	next	other	0
33486.7e	257	Picture	48_T2_Picture_153b_Art:_new_cor_taste:_3	6997271	0	1	20173	3	0	next	false_alarm	464
33486.7e	257	Response	3	7004130	6859	1
33486.7e	258	Picture	FB_cor	7022446	0	1	500	3	0	next	other	0
33486.7e	259	Picture	49_T2_Picture_031b_Art:_sim_cor_taste:_2	7022946	0	2	20174	3	0	next	false_alarm	467
33486.7e	259	Response	1	7032941	9995	1
33486.7e	260	Picture	FB_inco	7048122	0	1	500	2	0	next	other	0
33486.7e	261	Picture	50_T2_Picture_012a_Art:_old_cor_taste:_1	7048622	0	1	20174	2	0	next	false_alarm	470
33486.7e	261	Response	3	7057736	9114	1
33486.7e	262	Picture	FB_inco	7073798	0	1	500	2	0	next	other	0
33486.7e	263	Picture	51_T2_Picture_103b_Art:_new_cor_taste:_3	7074298	0	1	20173	3	0	next	false_alarm	473
33486.7e	263	Response	3	7081650	7352	1
33486.7e	264	Picture	FB_cor	7099473	0	1	500	3	0	next	other	0
33486.7e	265	Picture	52_T2_Picture_118b_Art:_new_cor_taste:_3	7099973	0	2	20174	3	0	next	false_alarm	476
33486.7e	265	Response	3	7109418	9445	1
33486.7e	266	Picture	FB_cor	7125149	0	1	500	2	0	next	other	0
33486.7e	267	Picture	53_T2_Picture_015a_Art:_sim_cor_taste:_2	7125649	0	1	20174	2	0	next	false_alarm	479
33486.7e	267	Response	3	7137276	11627	1
33486.7e	268	Picture	FB_inco	7150824	0	2	500	4	0	next	other	0
33486.7e	269	Picture	54_T2_Picture_128a_Art:_sim_cor_taste:_2	7151324	0	2	20174	3	0	next	false_alarm	482
33486.7e	269	Response	1	7162887	11563	2
33486.7e	270	Picture	FB_inco	7176500	0	1	500	2	0	next	other	0
33486.7e	271	Picture	55_T2_Picture_062b_Art:_new_cor_taste:_3	7177000	0	1	20174	2	0	next	false_alarm	485
33486.7e	271	Response	3	7186463	9463	1
33486.7e	272	Picture	FB_cor	7202176	0	1	500	2	0	next	other	0
33486.7e	273	Picture	56_T2_Picture_157b_Art:_old_cor_taste:_1	7202676	0	1	20173	3	0	next	false_alarm	488
33486.7e	273	Response	1	7214058	11382	1
33486.7e	274	Picture	FB_cor	7227851	0	1	500	3	0	next	other	0
33486.7e	275	Picture	57_T2_Picture_145a_Art:_new_cor_taste:_3	7228351	0	2	20174	3	0	next	false_alarm	491
33486.7e	275	Response	3	7237331	8980	1
33486.7e	276	Picture	FB_cor	7253527	0	1	500	2	0	next	other	0
33486.7e	277	Picture	58_T2_Picture_132a_Art:_old_cor_taste:_1	7254027	0	1	20174	2	0	next	false_alarm	494
33486.7e	277	Response	1	7263391	9364	1
33486.7e	278	Picture	FB_cor	7279202	0	2	500	4	0	next	other	0
33486.7e	279	Picture	59_T2_Picture_021a_Art:_sim_cor_taste:_2	7279702	0	2	20174	3	0	next	false_alarm	497
33486.7e	279	Response	1	7287541	7839	1
33486.7e	280	Picture	FB_inco	7304878	0	1	500	2	0	next	other	0
33486.7e	281	Picture	60_T2_Picture_177a_Art:_new_cor_taste:_3	7305378	0	1	20174	2	0	next	false_alarm	500
33486.7e	281	Response	3	7313229	7851	1
33486.7e	282	Picture	FB_cor	7330554	0	1	500	2	0	next	other	0
33486.7e	283	Picture	61_T2_Picture_018b_Art:_old_cor_taste:_1	7331054	0	1	20173	3	0	next	false_alarm	503
33486.7e	283	Response	3	7344783	13729	1
33486.7e	284	Picture	FB_inco	7356229	0	1	500	3	0	next	other	0
33486.7e	285	Picture	62_T2_Picture_056b_Art:_new_cor_taste:_3	7356729	0	2	20174	3	0	next	false_alarm	506
33486.7e	285	Response	1	7372092	15363	1
33486.7e	286	Picture	FB_inco	7381905	0	1	500	2	0	next	other	0
33486.7e	287	Picture	63_T2_Picture_026a_Art:_new_cor_taste:_3	7382405	0	1	20174	2	0	next	false_alarm	509
33486.7e	287	Response	3	7390340	7935	1
33486.7e	288	Picture	FB_cor	7407580	0	2	501	3	0	next	other	0
33486.7e	289	Picture	64_T2_Picture_048a_Art:_sim_cor_taste:_2	7408081	0	1	20173	2	0	next	false_alarm	512
33486.7e	289	Response	1	7418333	10252	1
33486.7e	290	Picture	FB_inco	7433256	0	1	500	2	0	next	other	0
33486.7e	291	Picture	65_T2_Picture_066a_Art:_sim_cor_taste:_2	7433756	0	1	20174	2	0	next	false_alarm	515
33486.7e	291	Response	1	7446119	12363	1
33486.7e	292	Picture	FB_inco	7458932	0	1	500	2	0	next	other	0
33486.7e	293	Picture	66_T2_Picture_086b_Art:_old_cor_taste:_1	7459432	0	1	20174	2	0	next	false_alarm	518
33486.7e	293	Response	1	7466962	7530	1
33486.7e	294	Picture	FB_cor	7484607	0	2	501	3	0	next	other	0
33486.7e	295	Picture	67_T2_Picture_033b_Art:_old_cor_taste:_1	7485108	0	1	20173	2	0	next	false_alarm	521
33486.7e	295	Response	1	7493196	8088	1
33486.7e	296	Picture	FB_cor	7510283	0	1	500	2	0	next	other	0
33486.7e	297	Picture	68_T2_Picture_067a_Art:_sim_cor_taste:_2	7510783	0	1	20174	2	0	next	false_alarm	524
33486.7e	297	Response	1	7517684	6901	1
33486.7e	298	Picture	FB_inco	7535959	0	1	500	2	0	next	other	0
33486.7e	299	Picture	69_T2_Picture_158b_Art:_new_cor_taste:_3	7536459	0	1	20173	3	0	next	false_alarm	527
33486.7e	299	Response	3	7543001	6542	1
33486.7e	300	Picture	FB_cor	7561634	0	1	500	2	0	next	other	0
33486.7e	301	Picture	70_T2_Picture_136a_Art:_old_cor_taste:_1	7562134	0	1	20174	2	0	next	false_alarm	530
33486.7e	301	Response	1	7571537	9403	2
33486.7e	302	Picture	FB_cor	7587310	0	1	500	2	0	next	other	0
33486.7e	303	Picture	71_T2_Picture_017a_Art:_old_cor_taste:_1	7587810	0	1	20174	2	0	next	false_alarm	533
33486.7e	303	Response	3	7606464	18654	1
33486.7e	304	Picture	FB_inco	7612985	0	2	501	3	0	next	other	0
33486.7e	305	Picture	72_T2_Picture_046b_Art:_old_cor_taste:_1	7613486	0	1	20173	2	0	next	false_alarm	536
33486.7e	305	Response	3	7625525	12039	1
33486.7e	306	Picture	FB_inco	7638661	0	1	500	2	0	next	other	0
33486.7e	307	Picture	73_T2_Picture_091a_Art:_new_cor_taste:_3	7639161	0	1	20174	2	0	next	false_alarm	539
33486.7e	307	Response	3	7648730	9569	1
33486.7e	308	Picture	FB_cor	7664337	0	1	500	2	0	next	other	0
33486.7e	309	Picture	74_T2_Picture_051a_Art:_sim_cor_taste:_2	7664837	0	1	20173	3	0	next	false_alarm	542
33486.7e	309	Response	1	7673495	8658	1
33486.7e	310	Picture	FB_inco	7690012	0	1	500	3	0	next	other	0
33486.7e	311	Picture	75_T2_Picture_019a_Art:_sim_cor_taste:_2	7690512	0	2	20174	3	0	next	false_alarm	545
33486.7e	311	Response	1	7698826	8314	1
33486.7e	312	Picture	FB_inco	7715688	0	1	500	2	0	next	other	0
33486.7e	313	Picture	76_T2_Picture_055b_Art:_sim_cor_taste:_2	7716188	0	1	20174	2	0	next	false_alarm	548
33486.7e	313	Response	3	7724757	8569	2
33486.7e	313	Response	1	7731750	15562	1
33486.7e	314	Picture	FB_inco	7741363	0	2	501	3	0	next	other	0
33486.7e	315	Picture	77_T2_Picture_104a_Art:_new_cor_taste:_3	7741864	0	1	20173	3	0	next	false_alarm	552
33486.7e	315	Response	3	7750600	8736	1
33486.7e	316	Picture	FB_cor	7767039	0	1	500	2	0	next	other	0
33486.7e	317	Picture	78_T2_Picture_142b_Art:_new_cor_taste:_3	7767539	0	1	20174	2	0	next	false_alarm	555
33486.7e	317	Response	3	7775411	7872	1
33486.7e	318	Picture	FB_cor	7792715	0	1	500	2	0	next	other	0
33486.7e	319	Picture	79_T2_Picture_041b_Art:_new_cor_taste:_3	7793215	0	1	20173	3	0	next	false_alarm	558
33486.7e	319	Response	3	7800903	7688	1
33486.7e	320	Picture	FB_cor	7818390	0	1	500	3	0	next	other	0
33486.7e	321	Picture	80_T2_Picture_108a_Art:_sim_cor_taste:_2	7818890	0	2	20174	3	0	next	false_alarm	561
33486.7e	321	Response	1	7826317	7427	1
33486.7e	322	Picture	FB_inco	7844066	0	1	500	2	0	next	other	0
33486.7e	323	Picture	81_T2_Picture_168a_Art:_new_cor_taste:_3	7844566	0	1	20174	2	0	next	false_alarm	564
33486.7e	323	Response	3	7852555	7989	1
33486.7e	324	Picture	FB_cor	7869741	0	2	501	3	0	next	other	0
33486.7e	325	Picture	82_T2_Picture_134a_Art:_sim_cor_taste:_2	7870242	0	1	20173	3	0	next	false_alarm	567
33486.7e	325	Response	1	7878608	8366	1
33486.7e	326	Picture	FB_inco	7895417	0	1	500	3	0	next	other	0
33486.7e	327	Picture	83_T2_Picture_030b_Art:_new_cor_taste:_3	7895917	0	2	20174	3	0	next	false_alarm	570
33486.7e	327	Response	3	7903095	7178	1
33486.7e	328	Picture	FB_cor	7921093	0	1	500	2	0	next	other	0
33486.7e	329	Picture	84_T2_Picture_190b_Art:_sim_cor_taste:_2	7921593	0	1	20173	3	0	next	false_alarm	573
33486.7e	329	Response	3	7937798	16205	1
33486.7e	330	Picture	FB_inco	7946768	0	1	500	3	0	next	other	0
33486.7e	331	Picture	85_T2_Picture_008b_Art:_old_cor_taste:_1	7947268	0	2	20174	3	0	next	false_alarm	576
33486.7e	331	Response	1	7957416	10148	1
33486.7e	332	Picture	FB_cor	7972444	0	1	500	2	0	next	other	0
33486.7e	333	Picture	86_T2_Picture_178b_Art:_new_cor_taste:_3	7972944	0	1	20174	2	0	next	false_alarm	579
33486.7e	333	Response	3	7982628	9684	1
33486.7e	334	Picture	FB_cor	7998120	0	1	500	2	0	next	other	0
33486.7e	335	Picture	87_T2_Picture_037a_Art:_old_cor_taste:_1	7998620	0	1	20173	3	0	next	false_alarm	582
33486.7e	335	Response	1	8005963	7343	1
33486.7e	336	Picture	FB_cor	8023795	0	1	500	3	0	next	other	0
33486.7e	337	Picture	88_T2_Picture_164a_Art:_old_cor_taste:_1	8024295	0	2	20174	3	0	next	false_alarm	585
33486.7e	337	Response	1	8036637	12342	1
33486.7e	338	Picture	FB_cor	8049471	0	1	500	2	0	next	other	0
33486.7e	339	Picture	89_T2_Picture_010b_Art:_sim_cor_taste:_2	8049971	0	1	20174	2	0	next	false_alarm	588
33486.7e	339	Response	3	8062570	12599	1
33486.7e	340	Picture	FB_inco	8075146	0	2	500	4	0	next	other	0
33486.7e	341	Picture	90_T2_Picture_016b_Art:_old_cor_taste:_1	8075646	0	2	20174	3	0	next	false_alarm	591
33486.7e	341	Response	1	8088356	12710	1
33486.7e	342	Picture	FB_cor	8100822	0	1	500	2	0	next	other	0
33486.7e	343	Picture	91_T2_Picture_121a_Art:_sim_cor_taste:_2	8101322	0	1	20174	2	0	next	false_alarm	594
33486.7e	343	Response	2	8116084	14762	1
33486.7e	344	Picture	FB_cor	8126497	0	2	501	3	0	next	other	0
33486.7e	345	Picture	92_T2_Picture_076a_Art:_new_cor_taste:_3	8126998	0	1	20173	3	0	next	false_alarm	597
33486.7e	345	Response	3	8136781	9783	2
33486.7e	346	Picture	FB_cor	8152173	0	1	500	3	0	next	other	0
33486.7e	347	Picture	93_T2_Picture_032b_Art:_sim_cor_taste:_2	8152673	0	2	20174	3	0	next	false_alarm	600
33486.7e	347	Response	3	8161290	8617	1
33486.7e	348	Picture	FB_inco	8177849	0	1	500	2	0	next	other	0
33486.7e	349	Picture	94_T2_Picture_174b_Art:_sim_cor_taste:_2	8178349	0	1	20174	2	0	next	false_alarm	603
33486.7e	349	Response	3	8186687	8338	2
33486.7e	350	Picture	FB_inco	8203524	0	2	500	4	0	next	other	0
33486.7e	351	Picture	95_T2_Picture_035a_Art:_old_cor_taste:_1	8204024	0	2	20174	4	0	next	false_alarm	606
33486.7e	351	Response	3	8211837	7813	1
33486.7e	352	Picture	FB_inco	8229200	0	1	500	2	0	next	other	0
33486.7e	353	Picture	96_T2_Picture_053a_Art:_old_cor_taste:_1	8229700	0	1	20174	2	0	next	false_alarm	609
33486.7e	353	Response	1	8238959	9259	1
33486.7e	354	Picture	FB_cor	8254876	0	1	500	2	0	next	other	0
33486.7e	355	Picture	97_T2_Picture_083a_Art:_sim_cor_taste:_2	8255376	0	1	20174	2	0	next	false_alarm	612
33486.7e	355	Response	3	8261914	6538	1
33486.7e	356	Picture	FB_inco	8280551	0	1	500	3	0	next	other	0
33486.7e	357	Picture	98_T2_Picture_173b_Art:_old_cor_taste:_1	8281051	0	2	20174	3	0	next	false_alarm	615
33486.7e	357	Response	3	8291669	10618	1
33486.7e	358	Picture	FB_inco	8306227	0	1	500	2	0	next	other	0
33486.7e	359	Picture	99_T2_Picture_023a_Art:_sim_cor_taste:_2	8306727	0	1	20174	2	0	next	false_alarm	618
33486.7e	359	Response	3	8316635	9908	1
33486.7e	360	Picture	FB_inco	8331902	0	2	501	3	0	next	other	0
33486.7e	361	Picture	100_T2_Picture_088a_Art:_sim_cor_taste:_2	8332403	0	1	20173	2	0	next	false_alarm	621
33486.7e	361	Response	1	8339656	7253	1
33486.7e	362	Picture	FB_inco	8357578	0	1	500	2	0	next	other	0
33486.7e	363	Picture	101_T2_Picture_167a_Art:_old_cor_taste:_1	8358078	0	1	20174	2	0	next	false_alarm	624
33486.7e	363	Response	3	8365606	7528	2
33486.7e	364	Picture	FB_inco	8383254	0	1	500	2	0	next	other	0
33486.7e	365	Picture	102_T2_Picture_105a_Art:_sim_cor_taste:_2	8383754	0	1	20173	3	0	next	false_alarm	627
33486.7e	365	Response	1	8392673	8919	1
33486.7e	366	Picture	FB_inco	8408929	0	1	500	3	0	next	other	0
33486.7e	367	Picture	103_T2_Picture_184a_Art:_old_cor_taste:_1	8409429	0	2	20174	3	0	next	false_alarm	630
33486.7e	367	Response	3	8418516	9087	1
33486.7e	368	Picture	FB_inco	8434605	0	1	500	2	0	next	other	0
33486.7e	369	Picture	104_T2_Picture_049a_Art:_old_cor_taste:_1	8435105	0	1	20174	2	0	next	false_alarm	633
33486.7e	369	Response	1	8442230	7125	1
33486.7e	370	Picture	FB_cor	8460281	0	1	500	2	0	next	other	0
33486.7e	371	Picture	105_T2_Picture_040b_Art:_old_cor_taste:_1	8460781	0	1	20173	3	0	next	false_alarm	636
33486.7e	371	Response	1	8467228	6447	1
33486.7e	372	Picture	FB_cor	8485956	0	1	500	2	0	next	other	0
33486.7e	373	Picture	106_T2_Picture_172a_Art:_sim_cor_taste:_2	8486456	0	1	20174	2	0	next	false_alarm	639
33486.7e	373	Response	1	8495257	8801	1
33486.7e	374	Picture	FB_inco	8511632	0	1	500	2	0	next	other	0
33486.7e	375	Picture	107_T2_Picture_187b_Art:_new_cor_taste:_3	8512132	0	1	20174	2	0	next	false_alarm	642
33486.7e	375	Response	3	8519997	7865	1
33486.7e	376	Picture	FB_cor	8537307	0	1	501	2	0	next	other	0
33486.7e	377	Picture	108_T2_Picture_006b_Art:_old_cor_taste:_1	8537808	0	1	20173	2	0	next	false_alarm	645
33486.7e	377	Response	1	8544877	7069	1
33486.7e	378	Picture	FB_cor	8562983	0	1	500	2	0	next	other	0
33486.7e	379	Picture	109_T2_Picture_137b_Art:_new_cor_taste:_3	8563483	0	1	20174	2	0	next	false_alarm	648
33486.7e	379	Response	3	8570633	7150	2
33486.7e	380	Picture	FB_cor	8588658	0	2	501	3	0	next	other	0
33486.7e	381	Picture	110_T2_Picture_133a_Art:_old_cor_taste:_1	8589159	0	1	20173	3	0	next	false_alarm	651
33486.7e	381	Response	1	8595848	6689	1
33486.7e	382	Picture	FB_cor	8614334	0	1	500	3	0	next	other	0
33486.7e	383	Picture	111_T2_Picture_113a_Art:_old_cor_taste:_1	8614834	0	2	20174	3	0	next	false_alarm	654
33486.7e	383	Response	1	8623616	8782	1
33486.7e	384	Picture	FB_cor	8640010	0	1	500	2	0	next	other	0
33486.7e	385	Picture	112_T2_Picture_144a_Art:_sim_cor_taste:_2	8640510	0	1	20174	2	0	next	false_alarm	657
33486.7e	385	Response	3	8651521	11011	2
33486.7e	386	Picture	FB_inco	8665685	0	2	500	4	0	next	other	0
33486.7e	387	Picture	113_T2_Picture_151a_Art:_sim_cor_taste:_2	8666185	0	2	20174	4	0	next	false_alarm	660
33486.7e	387	Response	1	8672813	6628	1
33486.7e	388	Picture	FB_inco	8691361	0	1	500	2	0	next	other	0
33486.7e	389	Picture	114_T2_Picture_084a_Art:_old_cor_taste:_1	8691861	0	1	20174	2	0	next	false_alarm	663
33486.7e	389	Response	1	8698902	7041	1
33486.7e	390	Picture	FB_cor	8717037	0	1	500	2	0	next	other	0
33486.7e	391	Picture	115_T2_Picture_093b_Art:_new_cor_taste:_3	8717537	0	1	20173	3	0	next	false_alarm	666
33486.7e	391	Response	3	8724275	6738	1
33486.7e	392	Picture	FB_cor	8742712	0	2	500	4	0	next	other	0
33486.7e	393	Picture	116_T2_Picture_146b_Art:_sim_cor_taste:_2	8743212	0	2	20174	3	0	next	false_alarm	669
33486.7e	393	Response	1	8759142	15930	1
33486.7e	394	Picture	FB_inco	8768388	0	1	500	2	0	next	other	0
33486.7e	395	Picture	117_T2_Picture_073a_Art:_sim_cor_taste:_2	8768888	0	1	20174	2	0	next	false_alarm	672
33486.7e	395	Response	1	8775675	6787	1
33486.7e	396	Picture	FB_inco	8794063	0	2	501	3	0	next	other	0
33486.7e	397	Picture	118_T2_Picture_161a_Art:_old_cor_taste:_1	8794564	0	1	20173	2	0	next	false_alarm	675
33486.7e	397	Response	1	8801415	6851	1
33486.7e	398	Picture	FB_cor	8819739	0	1	500	2	0	next	other	0
33486.7e	399	Picture	119_T2_Picture_156a_Art:_new_cor_taste:_3	8820239	0	1	20174	2	0	next	false_alarm	678
33486.7e	399	Response	3	8828772	8533	2
33486.7e	400	Picture	FB_cor	8845415	0	1	500	2	0	next	other	0
33486.7e	401	Picture	120_T2_Picture_068a_Art:_new_cor_taste:_3	8845915	0	1	20174	2	0	next	false_alarm	681
33486.7e	401	Response	1	8855138	9223	1
33486.7e	402	Picture	FB_inco	8871090	0	2	500	4	0	next	other	0
33486.7e	403	Picture	121_T2_Picture_057a_Art:_new_cor_taste:_3	8871590	0	2	20174	3	0	next	false_alarm	684
33486.7e	403	Response	3	8878833	7243	2
33486.7e	404	Picture	FB_cor	8896766	0	1	500	2	0	next	other	0
33486.7e	405	Picture	122_T2_Picture_090a_Art:_sim_cor_taste:_2	8897266	0	1	20174	2	0	next	false_alarm	687
33486.7e	405	Response	3	8905962	8696	1
33486.7e	406	Picture	FB_inco	8922442	0	1	500	2	0	next	other	0
33486.7e	407	Picture	123_T2_Picture_050a_Art:_old_cor_taste:_1	8922942	0	1	20173	3	0	next	false_alarm	690
33486.7e	407	Response	1	8929314	6372	1
33486.7e	408	Picture	FB_cor	8948117	0	1	500	3	0	next	other	0
33486.7e	409	Picture	124_T2_Picture_119b_Art:_new_cor_taste:_3	8948617	0	2	20174	3	0	next	false_alarm	693
33486.7e	409	Response	3	8955676	7059	1
33486.7e	410	Picture	FB_cor	8973793	0	1	500	2	0	next	other	0
33486.7e	411	Picture	125_T2_Picture_059b_Art:_sim_cor_taste:_2	8974293	0	1	20174	2	0	next	false_alarm	696
33486.7e	411	Response	1	8985386	11093	1
33486.7e	412	Picture	FB_inco	8999468	0	1	501	2	0	next	other	0
33486.7e	413	Picture	126_T2_Picture_014a_Art:_sim_cor_taste:_2	8999969	0	1	20173	2	0	next	false_alarm	699
33486.7e	413	Response	1	9008593	8624	2
33486.7e	414	Picture	FB_inco	9025144	0	1	500	2	0	next	other	0
33486.7e	415	Picture	127_T2_Picture_081b_Art:_old_cor_taste:_1	9025644	0	1	20174	2	0	next	false_alarm	702
33486.7e	415	Response	3	9032353	6709	1
33486.7e	416	Picture	FB_inco	9050820	0	1	500	2	0	next	other	0
33486.7e	417	Picture	128_T2_Picture_159b_Art:_new_cor_taste:_3	9051320	0	1	20173	3	0	next	false_alarm	705
33486.7e	417	Response	3	9057832	6512	1
33486.7e	418	Picture	FB_cor	9076495	0	1	500	3	0	next	other	0
33486.7e	419	Picture	129_T2_Picture_087a_Art:_old_cor_taste:_1	9076995	0	2	20174	3	0	next	false_alarm	708
33486.7e	419	Response	1	9084206	7211	1
33486.7e	420	Picture	FB_cor	9102171	0	1	500	2	0	next	other	0
33486.7e	421	Picture	130_T2_Picture_025b_Art:_old_cor_taste:_1	9102671	0	1	20174	2	0	next	false_alarm	711
33486.7e	421	Response	3	9110355	7684	1
33486.7e	422	Picture	FB_inco	9127846	0	2	501	3	0	next	other	0
33486.7e	423	Picture	131_T2_Picture_115b_Art:_sim_cor_taste:_2	9128347	0	1	20173	3	0	next	false_alarm	714
33486.7e	423	Response	1	9136056	7709	1
33486.7e	424	Picture	FB_inco	9153522	0	1	500	2	0	next	other	0
33486.7e	425	Picture	132_T2_Picture_135b_Art:_old_cor_taste:_1	9154022	0	1	20174	2	0	next	false_alarm	717
33486.7e	425	Response	1	9162985	8963	1
33486.7e	426	Picture	FB_cor	9179198	0	1	500	2	0	next	other	0
33486.7e	427	Picture	133_T2_Picture_138b_Art:_sim_cor_taste:_2	9179698	0	1	20174	2	0	next	false_alarm	720
33486.7e	427	Response	1	9189095	9397	1
33486.7e	428	Picture	FB_inco	9204873	0	2	500	4	0	next	other	0
33486.7e	429	Picture	134_T2_Picture_127a_Art:_old_cor_taste:_1	9205373	0	2	20174	3	0	next	false_alarm	723
33486.7e	429	Response	1	9213045	7672	1
33486.7e	430	Picture	FB_cor	9230549	0	1	500	2	0	next	other	0
33486.7e	431	Picture	135_T2_Picture_125b_Art:_new_cor_taste:_3	9231049	0	1	20174	2	0	next	false_alarm	726
33486.7e	431	Response	3	9240853	9804	2
33486.7e	432	Picture	FB_cor	9256224	0	2	501	3	0	next	other	0
33486.7e	433	Picture	136_T2_Picture_029b_Art:_old_cor_taste:_1	9256725	0	1	20173	3	0	next	false_alarm	729
33486.7e	433	Response	1	9264547	7822	1
33486.7e	434	Picture	FB_cor	9281900	0	1	500	2	0	next	other	0
33486.7e	435	Picture	137_T2_Picture_160a_Art:_sim_cor_taste:_2	9282400	0	1	20174	2	0	next	false_alarm	732
33486.7e	435	Response	3	9289322	6922	1
33486.7e	436	Picture	FB_inco	9307576	0	1	500	2	0	next	other	0
33486.7e	437	Picture	138_T2_Picture_165a_Art:_sim_cor_taste:_2	9308076	0	1	20174	2	0	next	false_alarm	735
33486.7e	437	Response	3	9315493	7417	1
33486.7e	438	Picture	FB_inco	9333251	0	1	500	3	0	next	other	0
33486.7e	439	Picture	139_T2_Picture_080b_Art:_old_cor_taste:_1	9333751	0	2	20174	3	0	next	false_alarm	738
33486.7e	439	Response	1	9340920	7169	1
33486.7e	440	Picture	FB_cor	9358927	0	1	500	2	0	next	other	0
33486.7e	441	Picture	140_T2_Picture_189a_Art:_new_cor_taste:_3	9359427	0	1	20174	2	0	next	false_alarm	741
33486.7e	441	Response	3	9365754	6327	1
33486.7e	442	Picture	FB_cor	9384602	0	2	501	3	0	next	other	0
33486.7e	443	Picture	141_T2_Picture_027b_Art:_old_cor_taste:_1	9385103	0	1	20173	3	0	next	false_alarm	744
33486.7e	443	Response	3	9392058	6955	1
33486.7e	444	Picture	FB_inco	9410278	0	1	500	3	0	next	other	0
33486.7e	445	Picture	142_T2_Picture_082a_Art:_old_cor_taste:_1	9410778	0	2	20174	3	0	next	false_alarm	747
33486.7e	445	Response	1	9419004	8226	1
33486.7e	446	Picture	FB_cor	9435954	0	1	500	2	0	next	other	0
33486.7e	447	Picture	143_T2_Picture_102a_Art:_old_cor_taste:_1	9436454	0	1	20174	2	0	next	false_alarm	750
33486.7e	447	Response	1	9443608	7154	1
33486.7e	448	Picture	FB_cor	9461629	0	2	501	3	0	next	other	0
33486.7e	449	Picture	144_T2_Picture_162b_Art:_new_cor_taste:_3	9462130	0	1	20173	3	0	next	false_alarm	753
33486.7e	449	Response	3	9469251	7121	1
33486.7e	450	Picture	FB_cor	9487305	0	1	500	2	0	next	other	0
33486.7e	451	Picture	145_T2_Picture_169a_Art:_new_cor_taste:_3	9487805	0	1	20174	2	0	next	false_alarm	756
33486.7e	451	Response	3	9497461	9656	1
33486.7e	452	Picture	FB_cor	9512980	0	2	501	3	0	next	other	0
33486.7e	453	Picture	146_T2_Picture_070b_Art:_new_cor_taste:_3	9513481	0	1	20173	3	0	next	false_alarm	759
33486.7e	453	Response	3	9520243	6762	1
33486.7e	454	Picture	FB_cor	9538656	0	1	500	3	0	next	other	0
33486.7e	455	Picture	147_T2_Picture_044b_Art:_old_cor_taste:_1	9539156	0	2	20174	3	0	next	false_alarm	762
33486.7e	455	Response	3	9548562	9406	1
33486.7e	456	Picture	FB_inco	9564332	0	1	500	2	0	next	other	0
33486.7e	457	Picture	148_T2_Picture_183b_Art:_old_cor_taste:_1	9564832	0	1	20174	2	0	next	false_alarm	765
33486.7e	457	Response	1	9570537	5705	1
33486.7e	458	Picture	FB_cor	9590007	0	2	501	3	0	next	other	0
33486.7e	459	Picture	149_T2_Picture_163b_Art:_old_cor_taste:_1	9590508	0	1	20173	2	0	next	false_alarm	768
33486.7e	459	Response	1	9598468	7960	1
33486.7e	460	Picture	FB_cor	9615683	0	1	500	2	0	next	other	0
33486.7e	461	Picture	150_T2_Picture_188b_Art:_sim_cor_taste:_2	9616183	0	1	20174	2	0	next	false_alarm	771
33486.7e	461	Response	3	9626138	9955	1
33486.7e	462	Picture	FB_inco	9641359	0	1	500	2	0	next	other	0
33486.7e	463	Picture	151_T2_Picture_191a_Art:_sim_cor_taste:_2	9641859	0	1	20173	3	0	next	false_alarm	774
33486.7e	463	Response	3	9648206	6347	1
33486.7e	464	Picture	FB_inco	9667034	0	2	500	4	0	next	other	0
33486.7e	465	Picture	152_T2_Picture_028b_Art:_sim_cor_taste:_2	9667534	0	2	20174	3	0	next	false_alarm	777
33486.7e	465	Response	1	9677265	9731	1
33486.7e	466	Picture	FB_inco	9692710	0	1	500	2	0	next	other	0
33486.7e	467	Picture	153_T2_Picture_181a_Art:_old_cor_taste:_1	9693210	0	1	20174	2	0	next	false_alarm	780
33486.7e	467	Response	1	9701215	8005	1
33486.7e	468	Picture	FB_cor	9718385	0	2	501	3	0	next	other	0
33486.7e	469	Picture	154_T2_Picture_182a_Art:_sim_cor_taste:_2	9718886	0	1	20173	3	0	next	false_alarm	783
33486.7e	469	Response	3	9727034	8148	1
33486.7e	470	Picture	FB_inco	9744061	0	1	500	2	0	next	other	0
33486.7e	471	Picture	155_T2_Picture_043a_Art:_old_cor_taste:_1	9744561	0	1	20174	2	0	next	false_alarm	786
33486.7e	471	Response	3	9755613	11052	2
33486.7e	472	Picture	FB_inco	9769737	0	1	500	2	0	next	other	0
33486.7e	473	Picture	156_T2_Picture_002b_Art:_sim_cor_taste:_2	9770237	0	1	20174	2	0	next	false_alarm	789
33486.7e	473	Response	1	9779211	8974	1
33486.7e	474	Picture	FB_inco	9795412	0	2	500	4	0	next	other	0
33486.7e	475	Picture	157_T2_Picture_110a_Art:_sim_cor_taste:_2	9795912	0	2	20174	3	0	next	false_alarm	792
33486.7e	475	Response	1	9801667	5755	2
33486.7e	476	Picture	FB_inco	9821088	0	1	500	2	0	next	other	0
33486.7e	477	Picture	158_T2_Picture_047b_Art:_old_cor_taste:_1	9821588	0	1	20174	2	0	next	false_alarm	795
33486.7e	477	Response	1	9830536	8948	1
33486.7e	478	Picture	FB_cor	9846764	0	1	500	2	0	next	other	0
33486.7e	479	Picture	159_T2_Picture_071a_Art:_old_cor_taste:_1	9847264	0	1	20173	3	0	next	false_alarm	798
33486.7e	479	Response	3	9855437	8173	1
33486.7e	480	Picture	FB_inco	9872439	0	1	500	3	0	next	other	0
33486.7e	481	Picture	160_T2_Picture_120a_Art:_new_cor_taste:_3	9872939	0	2	20174	3	0	next	false_alarm	801
33486.7e	481	Response	3	9881738	8799	1
33486.7e	482	Picture	FB_cor	9898115	0	1	500	2	0	next	other	0
33486.7e	483	Picture	161_T2_Picture_064a_Art:_new_cor_taste:_3	9898615	0	1	20174	2	0	next	false_alarm	804
33486.7e	483	Response	3	9905286	6671	1
33486.7e	484	Picture	FB_cor	9923790	0	2	501	3	0	next	other	0
33486.7e	485	Picture	162_T2_Picture_192a_Art:_old_cor_taste:_1	9924291	0	1	20173	2	0	next	false_alarm	807
33486.7e	485	Response	1	9932849	8558	1
33486.7e	486	Picture	FB_cor	9949466	0	1	500	2	0	next	other	0
33486.7e	487	Picture	163_T2_Picture_052b_Art:_sim_cor_taste:_2	9949966	0	1	20174	2	0	next	false_alarm	810
33486.7e	487	Response	3	9959393	9427	1
33486.7e	488	Picture	FB_inco	9975142	0	1	500	2	0	next	other	0
33486.7e	489	Picture	164_T2_Picture_139b_Art:_new_cor_taste:_3	9975642	0	1	20173	3	0	next	false_alarm	813
33486.7e	489	Response	3	9982111	6469	1
33486.7e	490	Picture	FB_cor	10000817	0	1	500	2	0	next	other	0
33486.7e	491	Picture	165_T2_Picture_038a_Art:_old_cor_taste:_1	10001317	0	1	20174	2	0	next	false_alarm	816
33486.7e	491	Response	1	10008230	6913	2
33486.7e	492	Picture	FB_cor	10026493	0	1	500	2	0	next	other	0
33486.7e	493	Picture	166_T2_Picture_065a_Art:_old_cor_taste:_1	10026993	0	1	20174	2	0	next	false_alarm	819
33486.7e	493	Response	3	10034115	7122	2
33486.7e	494	Picture	FB_inco	10052168	0	2	500	4	0	next	other	0
33486.7e	495	Picture	167_T2_Picture_005a_Art:_new_cor_taste:_3	10052668	0	2	20174	3	0	next	false_alarm	822
33486.7e	495	Response	3	10060864	8196	1
33486.7e	496	Picture	FB_cor	10077844	0	1	500	2	0	next	other	0
33486.7e	497	Picture	168_T2_Picture_095b_Art:_old_cor_taste:_1	10078344	0	1	20174	2	0	next	false_alarm	825
33486.7e	497	Response	3	10086382	8038	1
33486.7e	498	Picture	FB_inco	10103520	0	1	500	2	0	next	other	0
33486.7e	499	Picture	169_T2_Picture_024b_Art:_new_cor_taste:_3	10104020	0	1	20173	3	0	next	false_alarm	828
33486.7e	499	Response	3	10111951	7931	1
33486.7e	500	Picture	FB_cor	10129195	0	1	500	3	0	next	other	0
33486.7e	501	Picture	170_T2_Picture_122a_Art:_sim_cor_taste:_2	10129695	0	2	20174	3	0	next	false_alarm	831
33486.7e	501	Response	1	10140426	10731	1
33486.7e	502	Picture	FB_inco	10154871	0	1	500	2	0	next	other	0
33486.7e	503	Picture	171_T2_Picture_009a_Art:_new_cor_taste:_3	10155371	0	1	20174	2	0	next	false_alarm	834
33486.7e	503	Response	3	10164300	8929	1
33486.7e	504	Picture	FB_cor	10180546	0	2	501	3	0	next	other	0
33486.7e	505	Picture	172_T2_Picture_022a_Art:_sim_cor_taste:_2	10181047	0	1	20173	3	0	next	false_alarm	837
33486.7e	505	Response	3	10191733	10686	2
33486.7e	506	Picture	FB_inco	10206222	0	1	500	2	0	next	other	0
33486.7e	507	Picture	173_T2_Picture_042b_Art:_new_cor_taste:_3	10206722	0	1	20174	2	0	next	false_alarm	840
33486.7e	507	Response	3	10213548	6826	1
33486.7e	508	Picture	FB_cor	10231898	0	1	500	2	0	next	other	0
33486.7e	509	Picture	174_T2_Picture_171a_Art:_new_cor_taste:_3	10232398	0	1	20173	3	0	next	false_alarm	843
33486.7e	509	Response	3	10238717	6319	1
33486.7e	510	Picture	FB_cor	10257573	0	1	500	3	0	next	other	0
33486.7e	511	Picture	175_T2_Picture_004b_Art:_new_cor_taste:_3	10258073	0	2	20174	3	0	next	false_alarm	846
33486.7e	511	Response	3	10264440	6367	1
33486.7e	512	Picture	FB_cor	10283249	0	1	500	2	0	next	other	0
33486.7e	513	Picture	176_T2_Picture_148a_Art:_sim_cor_taste:_2	10283749	0	1	20174	2	0	next	false_alarm	849
33486.7e	513	Response	1	10290405	6656	1
33486.7e	514	Picture	FB_inco	10308924	0	2	501	3	0	next	other	0
33486.7e	515	Picture	177_T2_Picture_011a_Art:_old_cor_taste:_1	10309425	0	1	20173	3	0	next	false_alarm	852
33486.7e	515	Response	3	10316379	6954	1
33486.7e	516	Picture	FB_inco	10334600	0	1	500	3	0	next	other	0
33486.7e	517	Picture	178_T2_Picture_075b_Art:_sim_cor_taste:_2	10335100	0	2	20174	3	0	next	false_alarm	855
33486.7e	517	Response	1	10348417	13317	1
33486.7e	518	Picture	FB_inco	10360276	0	1	500	2	0	next	other	0
33486.7e	519	Picture	179_T2_Picture_099a_Art:_old_cor_taste:_1	10360776	0	1	20174	2	0	next	false_alarm	858
33486.7e	519	Response	1	10367226	6450	2
33486.7e	520	Picture	FB_cor	10385951	0	2	501	3	0	next	other	0
33486.7e	521	Picture	180_T2_Picture_106a_Art:_old_cor_taste:_1	10386452	0	1	20173	2	0	next	false_alarm	861
33486.7e	521	Response	3	10394346	7894	1
33486.7e	522	Picture	FB_inco	10411627	0	1	500	2	0	next	other	0
33486.7e	523	Picture	181_T2_Picture_131b_Art:_old_cor_taste:_1	10412127	0	1	20174	2	0	next	false_alarm	864
33486.7e	523	Response	1	10420771	8644	1
33486.7e	524	Picture	FB_cor	10437302	0	2	501	3	0	next	other	0
33486.7e	525	Picture	182_T2_Picture_003b_Art:_new_cor_taste:_3	10437803	0	1	20173	3	0	next	false_alarm	867
33486.7e	525	Response	3	10444417	6614	1
33486.7e	526	Picture	FB_cor	10462978	0	1	500	3	0	next	other	0
33486.7e	527	Picture	183_T2_Picture_180b_Art:_old_cor_taste:_1	10463478	0	2	20174	3	0	next	false_alarm	870
33486.7e	527	Response	1	10471833	8355	1
33486.7e	528	Picture	FB_cor	10488654	0	1	500	2	0	next	other	0
33486.7e	529	Picture	184_T2_Picture_100a_Art:_new_cor_taste:_3	10489154	0	1	20174	2	0	next	false_alarm	873
33486.7e	529	Response	3	10497150	7996	1
33486.7e	530	Picture	FB_cor	10514329	0	2	501	3	0	next	other	0
33486.7e	531	Picture	185_T2_Picture_101a_Art:_new_cor_taste:_3	10514830	0	1	20173	2	0	next	false_alarm	876
33486.7e	531	Response	3	10521108	6278	1
33486.7e	532	Picture	FB_cor	10540005	0	1	500	2	0	next	other	0
33486.7e	533	Picture	186_T2_Picture_123a_Art:_old_cor_taste:_1	10540505	0	1	20174	2	0	next	false_alarm	879
33486.7e	533	Response	3	10548769	8264	1
33486.7e	534	Picture	FB_inco	10565680	0	2	501	3	0	next	other	0
33486.7e	535	Picture	187_T2_Picture_007b_Art:_sim_cor_taste:_2	10566181	0	1	20173	3	0	next	false_alarm	882
33486.7e	535	Response	1	10573881	7700	1
33486.7e	536	Picture	FB_inco	10591356	0	1	500	3	0	next	other	0
33486.7e	537	Picture	188_T2_Picture_186b_Art:_new_cor_taste:_3	10591856	0	2	20174	3	0	next	false_alarm	885
33486.7e	537	Response	3	10598760	6904	1
33486.7e	538	Picture	FB_cor	10617032	0	1	500	2	0	next	other	0
33486.7e	539	Picture	189_T2_Picture_149b_Art:_sim_cor_taste:_2	10617532	0	1	20174	2	0	next	false_alarm	888
33486.7e	539	Response	3	10626132	8600	1
33486.7e	540	Picture	FB_inco	10642707	0	2	501	3	0	next	other	0
33486.7e	541	Picture	190_T2_Picture_124a_Art:_old_cor_taste:_1	10643208	0	1	20173	3	0	next	false_alarm	891
33486.7e	541	Response	1	10650094	6886	1
33486.7e	542	Picture	FB_cor	10668383	0	1	500	2	0	next	other	0
33486.7e	543	Picture	191_T2_Picture_089b_Art:_old_cor_taste:_1	10668883	0	1	20174	2	0	next	false_alarm	894
33486.7e	543	Response	3	10675888	7005	1
33486.7e	544	Picture	FB_inco	10694059	0	1	500	2	0	next	other	0
33486.7e	545	Picture	192_T2_Picture_129a_Art:_sim_cor_taste:_2	10694559	0	1	20174	2	0	next	false_alarm	897
33486.7e	545	Response	1	10703437	8878	1
33486.7e	545	Response	2	10712420	17861	1
33486.7e	545	Response	2	10714909	20350	1
33486.7e	546	Picture	FB_inco	10719734	0	1	500	3	0	next	other	0
33486.7e	547	Picture	ENDE__cor:_53_Anz_cor:_103_Anz_inco:_88_Anz_miss:_1	10740408	0	1	36608	2	0	next	other	0
